Log file open, 12/13/17 01:01:36
LogWindows: Failed to load 'aqProf.dll' (GetLastError=126)
LogWindows: File 'aqProf.dll' does not exist
LogWindows: Failed to load 'VtuneApi.dll' (GetLastError=126)
LogWindows: File 'VtuneApi.dll' does not exist
LogWindows: Failed to load 'VtuneApi32e.dll' (GetLastError=126)
LogWindows: File 'VtuneApi32e.dll' does not exist
LogInit: Display: Running engine for game: MyProject3
LogPlatformFile: Not using cached read wrapper
LogInit: Display: RandInit(307097311) SRandInit(307097311).
LogInit: Read version file with build ID '3709383'
LogInit: Overriding engine version to CL 3754814, compatible CL 3709383
LogInit: Registered custom module enumerator with build ID '3709383'
LogTaskGraph: Started task graph with 5 named threads and 8 total threads with 3 sets of task threads.
LogStats: Stats thread started at 0.206262
LogD3D11RHI: Aftermath initialized
LogModuleManager: Display: Found up-to-date module file ../../../Engine/Plugins/2D/Paper2D/Binaries/Win64/UE4Editor-Paper2D.dll (API version 3709383).
LogModuleManager: Display: Found up-to-date module file ../../../Engine/Plugins/2D/Paper2D/Binaries/Win64/UE4Editor-Paper2DEditor.dll (API version 3709383).
LogModuleManager: Display: Found up-to-date module file ../../../Engine/Plugins/2D/Paper2D/Binaries/Win64/UE4Editor-PaperSpriteSheetImporter.dll (API version 3709383).
LogModuleManager: Display: Found up-to-date module file ../../../Engine/Plugins/2D/Paper2D/Binaries/Win64/UE4Editor-PaperTiledImporter.dll (API version 3709383).
LogModuleManager: Display: Found up-to-date module file ../../../Engine/Plugins/2D/Paper2D/Binaries/Win64/UE4Editor-SmartSnapping.dll (API version 3709383).
LogModuleManager: Display: Found up-to-date module file ../../../Engine/Plugins/Blendables/LightPropagationVolume/Binaries/Win64/UE4Editor-LightPropagationVolumeRuntime.dll (API version 3709383).
LogModuleManager: Display: Found up-to-date module file ../../../Engine/Plugins/Blendables/LightPropagationVolume/Binaries/Win64/UE4Editor-LightPropagationVolumeEditor.dll (API version 3709383).
LogModuleManager: Display: Found up-to-date module file ../../../Engine/Plugins/Developer/GitSourceControl/Binaries/Win64/UE4Editor-GitSourceControl.dll (API version 3709383).
LogModuleManager: Display: Found up-to-date module file ../../../Engine/Plugins/Developer/PerforceSourceControl/Binaries/Win64/UE4Editor-PerforceSourceControl.dll (API version 3709383).
LogModuleManager: Display: Found up-to-date module file ../../../Engine/Plugins/Developer/SubversionSourceControl/Binaries/Win64/UE4Editor-SubversionSourceControl.dll (API version 3709383).
LogModuleManager: Display: Found up-to-date module file ../../../Engine/Plugins/Developer/UObjectPlugin/Binaries/Win64/UE4Editor-UObjectPlugin.dll (API version 3709383).
LogModuleManager: Display: Found up-to-date module file ../../../Engine/Plugins/Developer/VisualStudioCodeSourceCodeAccess/Binaries/Win64/UE4Editor-VisualStudioCodeSourceCodeAccess.dll (API version 3709383).
LogModuleManager: Display: Found up-to-date module file ../../../Engine/Plugins/Developer/VisualStudioSourceCodeAccess/Binaries/Win64/UE4Editor-VisualStudioSourceCodeAccess.dll (API version 3709383).
LogModuleManager: Display: Found up-to-date module file ../../../Engine/Plugins/Editor/AssetManagerEditor/Binaries/Win64/UE4Editor-AssetManagerEditor.dll (API version 3709383).
LogModuleManager: Display: Found up-to-date module file ../../../Engine/Plugins/Editor/AudioCapture/Binaries/Win64/UE4Editor-AudioCapture.dll (API version 3709383).
LogModuleManager: Display: Found up-to-date module file ../../../Engine/Plugins/Editor/FacialAnimation/Binaries/Win64/UE4Editor-FacialAnimation.dll (API version 3709383).
LogModuleManager: Display: Found up-to-date module file ../../../Engine/Plugins/Editor/FacialAnimation/Binaries/Win64/UE4Editor-FacialAnimationEditor.dll (API version 3709383).
LogModuleManager: Display: Found up-to-date module file ../../../Engine/Plugins/Editor/GameplayTagsEditor/Binaries/Win64/UE4Editor-GameplayTagsEditor.dll (API version 3709383).
LogModuleManager: Display: Found up-to-date module file ../../../Engine/Plugins/Editor/MobileLauncherProfileWizard/Binaries/Win64/UE4Editor-MobileLauncherProfileWizard.dll (API version 3709383).
LogModuleManager: Display: Found up-to-date module file ../../../Engine/Plugins/Editor/PluginBrowser/Binaries/Win64/UE4Editor-PluginBrowser.dll (API version 3709383).
LogModuleManager: Display: Found up-to-date module file ../../../Engine/Plugins/Editor/SpeedTreeImporter/Binaries/Win64/UE4Editor-SpeedTreeImporter.dll (API version 3709383).
LogModuleManager: Display: Found up-to-date module file ../../../Engine/Plugins/Experimental/AlembicImporter/Binaries/Win64/UE4Editor-AlembicImporter.dll (API version 3709383).
LogModuleManager: Display: Found up-to-date module file ../../../Engine/Plugins/Experimental/AlembicImporter/Binaries/Win64/UE4Editor-AlembicLibrary.dll (API version 3709383).
LogModuleManager: Display: Found up-to-date module file ../../../Engine/Plugins/Experimental/CharacterAI/Binaries/Win64/UE4Editor-CharacterAI.dll (API version 3709383).
LogModuleManager: Display: Found up-to-date module file ../../../Engine/Plugins/Experimental/HTML5Networking/Binaries/Win64/UE4Editor-HTML5Networking.dll (API version 3709383).
LogModuleManager: Display: Found up-to-date module file ../../../Engine/Plugins/Media/AndroidMedia/Binaries/Win64/UE4Editor-AndroidMediaEditor.dll (API version 3709383).
LogModuleManager: Display: Found up-to-date module file ../../../Engine/Plugins/Media/AndroidMedia/Binaries/Win64/UE4Editor-AndroidMediaFactory.dll (API version 3709383).
LogModuleManager: Display: Found up-to-date module file ../../../Engine/Plugins/Media/AvfMedia/Binaries/Win64/UE4Editor-AvfMediaEditor.dll (API version 3709383).
LogModuleManager: Display: Found up-to-date module file ../../../Engine/Plugins/Media/AvfMedia/Binaries/Win64/UE4Editor-AvfMediaFactory.dll (API version 3709383).
LogModuleManager: Display: Found up-to-date module file ../../../Engine/Plugins/Media/AvfMedia/Binaries/Win64/UE4Editor-AvfMediaFactory.dll (API version 3709383).
LogModuleManager: Display: Found up-to-date module file ../../../Engine/Plugins/Media/ImgMedia/Binaries/Win64/UE4Editor-ImgMedia.dll (API version 3709383).
LogModuleManager: Display: Found up-to-date module file ../../../Engine/Plugins/Media/ImgMedia/Binaries/Win64/UE4Editor-ImgMediaEditor.dll (API version 3709383).
LogModuleManager: Display: Found up-to-date module file ../../../Engine/Plugins/Media/ImgMedia/Binaries/Win64/UE4Editor-ImgMediaFactory.dll (API version 3709383).
LogModuleManager: Display: Found up-to-date module file ../../../Engine/Plugins/Media/ImgMedia/Binaries/Win64/UE4Editor-ImgMediaFactory.dll (API version 3709383).
LogModuleManager: Display: Found up-to-date module file ../../../Engine/Plugins/Media/ImgMedia/Binaries/Win64/UE4Editor-OpenExrWrapper.dll (API version 3709383).
LogModuleManager: Display: Found up-to-date module file ../../../Engine/Plugins/Media/MediaCompositing/Binaries/Win64/UE4Editor-MediaCompositing.dll (API version 3709383).
LogModuleManager: Display: Found up-to-date module file ../../../Engine/Plugins/Media/MediaCompositing/Binaries/Win64/UE4Editor-MediaCompositingEditor.dll (API version 3709383).
LogModuleManager: Display: Found up-to-date module file ../../../Engine/Plugins/Media/MediaPlayerEditor/Binaries/Win64/UE4Editor-MediaPlayerEditor.dll (API version 3709383).
LogModuleManager: Display: Found up-to-date module file ../../../Engine/Plugins/Media/WmfMedia/Binaries/Win64/UE4Editor-WmfMedia.dll (API version 3709383).
LogModuleManager: Display: Found up-to-date module file ../../../Engine/Plugins/Media/WmfMedia/Binaries/Win64/UE4Editor-WmfMediaEditor.dll (API version 3709383).
LogModuleManager: Display: Found up-to-date module file ../../../Engine/Plugins/Media/WmfMedia/Binaries/Win64/UE4Editor-WmfMediaFactory.dll (API version 3709383).
LogModuleManager: Display: Found up-to-date module file ../../../Engine/Plugins/Media/WmfMedia/Binaries/Win64/UE4Editor-WmfMediaFactory.dll (API version 3709383).
LogModuleManager: Display: Found up-to-date module file ../../../Engine/Plugins/Messaging/TcpMessaging/Binaries/Win64/UE4Editor-TcpMessaging.dll (API version 3709383).
LogModuleManager: Display: Found up-to-date module file ../../../Engine/Plugins/Messaging/UdpMessaging/Binaries/Win64/UE4Editor-UdpMessaging.dll (API version 3709383).
LogModuleManager: Display: Found up-to-date module file ../../../Engine/Plugins/MovieScene/ActorSequence/Binaries/Win64/UE4Editor-ActorSequence.dll (API version 3709383).
LogModuleManager: Display: Found up-to-date module file ../../../Engine/Plugins/MovieScene/LevelSequenceEditor/Binaries/Win64/UE4Editor-LevelSequenceEditor.dll (API version 3709383).
LogModuleManager: Display: Found up-to-date module file ../../../Engine/Plugins/MovieScene/MatineeToLevelSequence/Binaries/Win64/UE4Editor-MatineeToLevelSequence.dll (API version 3709383).
LogModuleManager: Display: Found up-to-date module file ../../../Engine/Plugins/Online/OnlineSubsystem/Binaries/Win64/UE4Editor-OnlineSubsystem.dll (API version 3709383).
LogModuleManager: Display: Found up-to-date module file ../../../Engine/Plugins/Runtime/AndroidPermission/Binaries/Win64/UE4Editor-AndroidPermission.dll (API version 3709383).
LogModuleManager: Display: Found up-to-date module file ../../../Engine/Plugins/Online/OnlineSubsystemNull/Binaries/Win64/UE4Editor-OnlineSubsystemNull.dll (API version 3709383).
LogModuleManager: Display: Found up-to-date module file ../../../Engine/Plugins/Online/OnlineSubsystemUtils/Binaries/Win64/UE4Editor-OnlineSubsystemUtils.dll (API version 3709383).
LogModuleManager: Display: Found up-to-date module file ../../../Engine/Plugins/Online/OnlineSubsystemUtils/Binaries/Win64/UE4Editor-OnlineBlueprintSupport.dll (API version 3709383).
LogModuleManager: Display: Found up-to-date module file ../../../Engine/Plugins/Runtime/AndroidDeviceProfileSelector/Binaries/Win64/UE4Editor-AndroidDeviceProfileSelector.dll (API version 3709383).
LogModuleManager: Display: Found up-to-date module file ../../../Engine/Plugins/Runtime/AppleARKit/Binaries/Win64/UE4Editor-AppleARKit.dll (API version 3709383).
LogModuleManager: Display: Found up-to-date module file ../../../Engine/Plugins/Runtime/ArchVisCharacter/Binaries/Win64/UE4Editor-ArchVisCharacter.dll (API version 3709383).
LogModuleManager: Display: Found up-to-date module file ../../../Engine/Plugins/Runtime/CableComponent/Binaries/Win64/UE4Editor-CableComponent.dll (API version 3709383).
LogModuleManager: Display: Found up-to-date module file ../../../Engine/Plugins/Runtime/CustomMeshComponent/Binaries/Win64/UE4Editor-CustomMeshComponent.dll (API version 3709383).
LogModuleManager: Display: Found up-to-date module file ../../../Engine/Plugins/Runtime/ExampleDeviceProfileSelector/Binaries/Win64/UE4Editor-ExampleDeviceProfileSelector.dll (API version 3709383).
LogModuleManager: Display: Found up-to-date module file ../../../Engine/Plugins/Runtime/ImmediatePhysics/Binaries/Win64/UE4Editor-ImmediatePhysics.dll (API version 3709383).
LogModuleManager: Display: Found up-to-date module file ../../../Engine/Plugins/Runtime/ImmediatePhysics/Binaries/Win64/UE4Editor-ImmediatePhysicsEditor.dll (API version 3709383).
LogModuleManager: Display: Found up-to-date module file ../../../Engine/Plugins/Runtime/LocationServicesBPLibrary/Binaries/Win64/UE4Editor-LocationServicesBPLibrary.dll (API version 3709383).
LogModuleManager: Display: Found up-to-date module file ../../../Engine/Plugins/Runtime/MobilePatchingUtils/Binaries/Win64/UE4Editor-MobilePatchingUtils.dll (API version 3709383).
LogModuleManager: Display: Found up-to-date module file ../../../Engine/Plugins/Runtime/Oculus/OculusVR/Binaries/Win64/UE4Editor-OculusHMD.dll (API version 3709383).
LogModuleManager: Display: Found up-to-date module file ../../../Engine/Plugins/Runtime/Oculus/OculusVR/Binaries/Win64/UE4Editor-OculusInput.dll (API version 3709383).
LogModuleManager: Display: Found up-to-date module file ../../../Engine/Plugins/Runtime/Oculus/OculusVR/Binaries/Win64/UE4Editor-OculusEditor.dll (API version 3709383).
LogModuleManager: Display: Found up-to-date module file ../../../Engine/Plugins/Runtime/PhysXVehicles/Binaries/Win64/UE4Editor-PhysXVehicles.dll (API version 3709383).
LogModuleManager: Display: Found up-to-date module file ../../../Engine/Plugins/Runtime/PhysXVehicles/Binaries/Win64/UE4Editor-PhysXVehiclesEditor.dll (API version 3709383).
LogModuleManager: Display: Found up-to-date module file ../../../Engine/Plugins/Runtime/ProceduralMeshComponent/Binaries/Win64/UE4Editor-ProceduralMeshComponent.dll (API version 3709383).
LogModuleManager: Display: Found up-to-date module file ../../../Engine/Plugins/Runtime/ProceduralMeshComponent/Binaries/Win64/UE4Editor-ProceduralMeshComponentEditor.dll (API version 3709383).
LogModuleManager: Display: Found up-to-date module file ../../../Engine/Plugins/Runtime/RuntimePhysXCooking/Binaries/Win64/UE4Editor-RuntimePhysXCooking.dll (API version 3709383).
LogModuleManager: Display: Found up-to-date module file ../../../Engine/Plugins/Runtime/Steam/SteamVR/Binaries/Win64/UE4Editor-SteamVR.dll (API version 3709383).
LogModuleManager: Display: Found up-to-date module file ../../../Engine/Plugins/Runtime/Steam/SteamVR/Binaries/Win64/UE4Editor-SteamVRController.dll (API version 3709383).
LogModuleManager: Display: Found up-to-date module file ../../../Engine/Plugins/Runtime/WindowsMoviePlayer/Binaries/Win64/UE4Editor-WindowsMoviePlayer.dll (API version 3709383).
LogPluginManager: Mounting plugin Paper2D
LogPluginManager: Mounting plugin LightPropagationVolume
LogPluginManager: Mounting plugin CodeLiteSourceCodeAccess
LogPluginManager: Mounting plugin GitSourceControl
LogPluginManager: Mounting plugin KDevelopSourceCodeAccess
LogPluginManager: Mounting plugin NullSourceCodeAccess
LogPluginManager: Mounting plugin PerforceSourceControl
LogPluginManager: Mounting plugin SubversionSourceControl
LogPluginManager: Mounting plugin UObjectPlugin
LogPluginManager: Mounting plugin VisualStudioCodeSourceCodeAccess
LogPluginManager: Mounting plugin VisualStudioSourceCodeAccess
LogPluginManager: Mounting plugin XCodeSourceCodeAccess
LogPluginManager: Mounting plugin AssetManagerEditor
LogPluginManager: Mounting plugin AudioCapture
LogPluginManager: Mounting plugin FacialAnimation
LogPluginManager: Mounting plugin GameplayTagsEditor
LogPluginManager: Mounting plugin MobileLauncherProfileWizard
LogPluginManager: Mounting plugin PluginBrowser
LogPluginManager: Mounting plugin SpeedTreeImporter
LogPluginManager: Mounting plugin AlembicImporter
LogPluginManager: Mounting plugin CharacterAI
LogPluginManager: Mounting plugin HTML5Networking
LogPluginManager: Mounting plugin AndroidMedia
LogPluginManager: Mounting plugin AvfMedia
LogPluginManager: Mounting plugin ImgMedia
LogPluginManager: Mounting plugin MediaCompositing
LogPluginManager: Mounting plugin MediaPlayerEditor
LogPluginManager: Mounting plugin WmfMedia
LogPluginManager: Mounting plugin TcpMessaging
LogPluginManager: Mounting plugin UdpMessaging
LogPluginManager: Mounting plugin ActorSequence
LogPluginManager: Mounting plugin LevelSequenceEditor
LogPluginManager: Mounting plugin MatineeToLevelSequence
LogPluginManager: Mounting plugin OnlineSubsystemGooglePlay
LogPluginManager: Mounting plugin OnlineSubsystemIOS
LogPluginManager: Mounting plugin OnlineSubsystem
LogPluginManager: Mounting plugin OnlineSubsystemNull
LogPluginManager: Mounting plugin OnlineSubsystemUtils
LogPluginManager: Mounting plugin AndroidDeviceProfileSelector
LogPluginManager: Mounting plugin AndroidMoviePlayer
LogPluginManager: Mounting plugin AndroidPermission
LogPluginManager: Mounting plugin AppleARKit
LogPluginManager: Mounting plugin AppleMoviePlayer
LogPluginManager: Mounting plugin ArchVisCharacter
LogPluginManager: Mounting plugin CableComponent
LogPluginManager: Mounting plugin CustomMeshComponent
LogPluginManager: Mounting plugin ExampleDeviceProfileSelector
LogPluginManager: Mounting plugin GoogleCloudMessaging
LogPluginManager: Mounting plugin ImmediatePhysics
LogPluginManager: Mounting plugin IOSDeviceProfileSelector
LogPluginManager: Mounting plugin LinuxDeviceProfileSelector
LogPluginManager: Mounting plugin LocationServicesBPLibrary
LogPluginManager: Mounting plugin MobilePatchingUtils
LogPluginManager: Mounting plugin OculusVR
LogPluginManager: Plugin shader directory ../../../Engine/Plugins/Runtime/Oculus/OculusVR/Shaders found
LogPluginManager: Mapping shader source directory ../../../Engine/Plugins/Runtime/Oculus/OculusVR/Shaders to virtual directory /Plugin/OculusVR
LogPluginManager: Mounting plugin PhysXVehicles
LogPluginManager: Mounting plugin ProceduralMeshComponent
LogPluginManager: Mounting plugin RuntimePhysXCooking
LogPluginManager: Mounting plugin SteamVR
LogPluginManager: Mounting plugin WindowsMoviePlayer
LogInit: Using libcurl 7.47.1
LogInit:  - built for x86_64-pc-win32
LogInit:  - supports SSL with OpenSSL/1.0.2g
LogInit:  - supports HTTP deflate (compression) using libz 1.2.8
LogInit:  - other features:
LogInit:      CURL_VERSION_SSL
LogInit:      CURL_VERSION_LIBZ
LogInit:      CURL_VERSION_IPV6
LogInit:      CURL_VERSION_ASYNCHDNS
LogInit:      CURL_VERSION_LARGEFILE
LogInit:      CURL_VERSION_IDN
LogInit:  CurlRequestOptions (configurable via config and command line):
LogInit:  - bVerifyPeer = false  - Libcurl will NOT verify peer certificate
LogInit:  - bUseHttpProxy = false  - Libcurl will NOT use HTTP proxy
LogInit:  - bDontReuseConnections = false  - Libcurl will reuse connections
LogInit:  - CertBundlePath = nullptr  - Libcurl will use whatever was configured at build time.
LogInit: Build: ++UE4+Release-4.18-CL-3754814
LogInit: Engine Version: 4.18.1-3754814+++UE4+Release-4.18
LogInit: Compatible Engine Version: 4.18.0-3709383+++UE4+Release-4.18
LogInit: Net CL: 3709383
LogDevObjectVersion: Number of dev versions registered: 16
LogDevObjectVersion:   Dev-Blueprints (B0D832E4-1F89-4F0D-ACCF-7EB736FD4AA2): 10
LogDevObjectVersion:   Dev-Build (E1C64328-A22C-4D53-A36C-8E866417BD8C): 0
LogDevObjectVersion:   Dev-Core (375EC13C-06E4-48FB-B500-84F0262A717E): 2
LogDevObjectVersion:   Dev-Editor (E4B068ED-F494-42E9-A231-DA0B2E46BB41): 20
LogDevObjectVersion:   Dev-Framework (CFFC743F-43B0-4480-9391-14DF171D2073): 30
LogDevObjectVersion:   Dev-Mobile (B02B49B5-BB20-44E9-A304-32B752E40360): 0
LogDevObjectVersion:   Dev-Networking (A4E4105C-59A1-49B5-A7C5-40C4547EDFEE): 0
LogDevObjectVersion:   Dev-Online (39C831C9-5AE6-47DC-9A44-9C173E1C8E7C): 0
LogDevObjectVersion:   Dev-Physics (78F01B33-EBEA-4F98-B9B4-84EACCB95AA2): 0
LogDevObjectVersion:   Dev-Platform (6631380F-2D4D-43E0-8009-CF276956A95A): 0
LogDevObjectVersion:   Dev-Rendering (12F88B9F-8875-4AFC-A67C-D90C383ABD29): 20
LogDevObjectVersion:   Dev-Sequencer (7B5AE74C-D270-4C10-A958-57980B212A5A): 4
LogDevObjectVersion:   Dev-VR (D7296918-1DD6-4BDD-9DE2-64A83CC13884): 0
LogDevObjectVersion:   Dev-LoadTimes (C2A15278-BFE7-4AFE-6C17-90FF531DF755): 1
LogDevObjectVersion:   Private-Geometry (6EACA3D4-40EC-4CC1-B786-8BED09428FC5): 1
LogDevObjectVersion:   Dev-AnimPhys (29E575DD-E0A3-4627-9D10-D276232CDCEA): 12
LogInit: Compiled (64-bit): Nov 14 2017 02:05:55
LogInit: Compiled with Visual C++: 19.00.24215.01
LogInit: Build Configuration: Development
LogInit: Branch Name: ++UE4+Release-4.18
LogInit: Command line: -EpicPortal 
LogInit: Base directory: C:/Program Files/Epic Games/UE_4.18/Engine/Binaries/Win64/
LogInit: Installed Engine Build: 1
LogInit: Presizing for max 8388607 objects, including 0 objects not considered by GC, pre-allocating 0 bytes for permanent pool.
LogInit: Object subsystem initialized
[2017.12.13-06.01.42:693][  0]LogInit: Selected Device Profile: [Windows]
[2017.12.13-06.01.42:693][  0]LogInit: Applying CVar settings loaded from the selected device profile: [Windows]
[2017.12.13-06.01.42:928][  0]LogInit: Computer: DTLAW-UB
[2017.12.13-06.01.42:928][  0]LogInit: User: dtlaw
[2017.12.13-06.01.42:928][  0]LogInit: CPU Page size=4096, Cores=2
[2017.12.13-06.01.42:928][  0]LogInit: High frequency timer resolution =2.338333 MHz
[2017.12.13-06.01.42:928][  0]LogMemory: Memory total: Physical=7.9GB (8GB approx)
[2017.12.13-06.01.42:928][  0]LogMemory: Platform Memory Stats for Windows
[2017.12.13-06.01.42:928][  0]LogMemory: Process Physical Memory: 271.18 MB used, 271.18 MB peak
[2017.12.13-06.01.42:928][  0]LogMemory: Process Virtual Memory: 269.47 MB used, 269.47 MB peak
[2017.12.13-06.01.42:928][  0]LogMemory: Physical Memory: 5710.09 MB used,  2397.46 MB free, 8107.55 MB total
[2017.12.13-06.01.42:928][  0]LogMemory: Virtual Memory: 640.11 MB used,  2397.46 MB free, 134217728.00 MB total
[2017.12.13-06.01.43:985][  0]LogInit: Using OS detected language (en-US).
[2017.12.13-06.01.43:985][  0]LogInit: Using OS detected locale (en-US).
[2017.12.13-06.01.44:191][  0]LogTextLocalizationManager: No specific localization for 'en-US' exists, so the 'en' localization will be used.
[2017.12.13-06.01.45:291][  0]LogInit: Setting process to per monitor DPI aware
[2017.12.13-06.01.51:655][  0]LogD3D11RHI: D3D11 adapters:
[2017.12.13-06.01.51:708][  0]LogD3D11RHI:    0. 'NVIDIA GeForce 840M' (Feature Level 11_0)
[2017.12.13-06.01.51:708][  0]LogD3D11RHI:       2019/0/4053 MB DedicatedVideo/DedicatedSystem/SharedSystem, Outputs:1, VendorId:0x10de
[2017.12.13-06.01.51:717][  0]LogD3D11RHI:    1. 'Intel(R) HD Graphics Family' (Feature Level 11_0)
[2017.12.13-06.01.51:717][  0]LogD3D11RHI:       112/0/2048 MB DedicatedVideo/DedicatedSystem/SharedSystem, Outputs:0, VendorId:0x8086
[2017.12.13-06.01.51:720][  0]LogD3D11RHI:    2. 'Microsoft Basic Render Driver' (Feature Level 11_0)
[2017.12.13-06.01.51:720][  0]LogD3D11RHI:       0/0/4053 MB DedicatedVideo/DedicatedSystem/SharedSystem, Outputs:0, VendorId:0x1414
[2017.12.13-06.01.51:720][  0]LogD3D11RHI: Chosen D3D11 Adapter: 0
[2017.12.13-06.01.51:736][  0]LogD3D11RHI: Creating new Direct3DDevice
[2017.12.13-06.01.51:736][  0]LogD3D11RHI:     GPU DeviceId: 0x1341 (for the marketing name, search the web for "GPU Device Id")
[2017.12.13-06.01.51:736][  0]LogWindows: EnumDisplayDevices:
[2017.12.13-06.01.51:737][  0]LogWindows:    0. 'Intel(R) HD Graphics Family' (P:1 D:1)
[2017.12.13-06.01.51:737][  0]LogWindows:    1. 'Intel(R) HD Graphics Family' (P:0 D:0)
[2017.12.13-06.01.51:737][  0]LogWindows:    2. 'Intel(R) HD Graphics Family' (P:0 D:0)
[2017.12.13-06.01.51:738][  0]LogWindows: DebugString: PrimaryIsNotTheChoosenAdapter PrimaryIsNotTheChoosenAdapter PrimaryIsNotTheChoosenAdapter FoundDriverCount:0 
[2017.12.13-06.01.51:738][  0]LogD3D11RHI:     Adapter Name: NVIDIA GeForce 840M
[2017.12.13-06.01.51:738][  0]LogD3D11RHI:   Driver Version: Unknown (internal:Unknown, unified:Unknown)
[2017.12.13-06.01.51:738][  0]LogD3D11RHI:      Driver Date: Unknown
[2017.12.13-06.01.51:738][  0]LogRHI: Texture pool is 1413 MB (70% of 2019 MB)
[2017.12.13-06.01.51:763][  0]LogD3D11RHI: Async texture creation enabled
[2017.12.13-06.01.51:778][  0]LogD3D11RHI: GPU Timing Frequency: 1000.000000 (Debug: 2 1)
[2017.12.13-06.01.51:779][  0]LogShaderCompilers: Guid format shader working directory is -13 characters bigger than the processId version (../../../../../../Users/dtlaw/Documents/GameDev/ue4project/Intermediate/Shaders/WorkingDirectory/22568/).
[2017.12.13-06.01.51:779][  0]LogShaderCompilers: Cleaned the shader compiler working directory 'C:/Users/dtlaw/AppData/Local/Temp/UnrealShaderWorkingDir/651AC9DF4945B5ABFC1C49941D2E5412/'.
[2017.12.13-06.01.51:780][  0]LogShaderCompilers: Display: Using Local Shader Compiler.
[2017.12.13-06.01.54:503][  0]LogTemp: Display: Loaded TP AllDesktopTargetPlatform
[2017.12.13-06.01.54:616][  0]LogTemp: Display: Loaded TP MacClientTargetPlatform
[2017.12.13-06.01.54:732][  0]LogTemp: Display: Loaded TP MacNoEditorTargetPlatform
[2017.12.13-06.01.54:855][  0]LogTemp: Display: Loaded TP MacServerTargetPlatform
[2017.12.13-06.01.54:978][  0]LogTemp: Display: Loaded TP MacTargetPlatform
[2017.12.13-06.01.55:093][  0]LogTemp: Display: Loaded TP WindowsClientTargetPlatform
[2017.12.13-06.01.55:209][  0]LogTemp: Display: Loaded TP WindowsNoEditorTargetPlatform
[2017.12.13-06.01.55:329][  0]LogTemp: Display: Loaded TP WindowsServerTargetPlatform
[2017.12.13-06.01.55:431][  0]LogTemp: Display: Loaded TP WindowsTargetPlatform
[2017.12.13-06.01.55:546][  0]LogTemp: Display: Loaded TP Android_ASTCTargetPlatform
[2017.12.13-06.01.55:655][  0]LogTemp: Display: Loaded TP Android_ATCTargetPlatform
[2017.12.13-06.01.55:773][  0]LogTemp: Display: Loaded TP Android_DXTTargetPlatform
[2017.12.13-06.01.55:904][  0]LogTemp: Display: Loaded TP Android_ETC1TargetPlatform
[2017.12.13-06.01.56:013][  0]LogTemp: Display: Loaded TP Android_ETC2TargetPlatform
[2017.12.13-06.01.56:244][  0]LogTemp: Display: Loaded TP Android_MultiTargetPlatform
[2017.12.13-06.01.56:244][  0]LogTemp: Display: Loaded TP Android_PVRTCTargetPlatform
[2017.12.13-06.01.56:363][  0]LogTemp: Display: Loaded TP AndroidTargetPlatform
[2017.12.13-06.01.56:465][  0]LogTemp: Display: Loaded TP HTML5TargetPlatform
[2017.12.13-06.01.56:678][  0]LogTemp: Display: Loaded TP IOSTargetPlatform
[2017.12.13-06.01.56:747][  0]LogTemp: Display: Loaded TP TVOSTargetPlatform
[2017.12.13-06.01.56:894][  0]LogTemp: Display: Loaded TP LinuxClientTargetPlatform
[2017.12.13-06.01.57:035][  0]LogTemp: Display: Loaded TP LinuxNoEditorTargetPlatform
[2017.12.13-06.01.57:156][  0]LogTemp: Display: Loaded TP LinuxServerTargetPlatform
[2017.12.13-06.01.57:284][  0]LogTemp: Display: Loaded TP LinuxTargetPlatform
[2017.12.13-06.01.57:284][  0]LogTargetPlatformManager: Display: Building Assets For Windows
[2017.12.13-06.01.58:481][  0]LogDerivedDataCache: Display: Max Cache Size: 512 MB
[2017.12.13-06.01.58:621][  0]LogDerivedDataCache: Loaded boot cache 0.14s 78MB C:/Users/dtlaw/AppData/Local/UnrealEngine/4.18/DerivedDataCache/Boot.ddc.
[2017.12.13-06.01.58:621][  0]LogDerivedDataCache: Display: Loaded Boot cache: C:/Users/dtlaw/AppData/Local/UnrealEngine/4.18/DerivedDataCache/Boot.ddc
[2017.12.13-06.01.58:621][  0]LogDerivedDataCache: FDerivedDataBackendGraph:  Pak pak cache file ../../../../../../Users/dtlaw/Documents/GameDev/ue4project/DerivedDataCache/DDC.ddp not found, will not use a pak cache.
[2017.12.13-06.01.58:621][  0]LogDerivedDataCache: Unable to find inner node Pak for hierarchical cache Hierarchy.
[2017.12.13-06.01.58:621][  0]LogDerivedDataCache: FDerivedDataBackendGraph:  CompressedPak pak cache file ../../../../../../Users/dtlaw/Documents/GameDev/ue4project/DerivedDataCache/Compressed.ddp not found, will not use a pak cache.
[2017.12.13-06.01.58:621][  0]LogDerivedDataCache: Unable to find inner node CompressedPak for hierarchical cache Hierarchy.
[2017.12.13-06.01.58:650][  0]LogDerivedDataCache: Display: Pak cache opened for reading ../../../Engine/DerivedDataCache/Compressed.ddp.
[2017.12.13-06.01.58:663][  0]LogDerivedDataCache: Using Local data cache path C:/Users/dtlaw/AppData/Local/UnrealEngine/Common/DerivedDataCache: Writable
[2017.12.13-06.01.58:679][  0]LogMaterial: Verifying Global Shaders for PCD3D_SM5
[2017.12.13-06.01.58:680][  0]LogSlate: Using Freetype 2.6.0
[2017.12.13-06.01.58:680][  0]LogSlate: SlateFontCache - WITH_FREETYPE: 1, WITH_HARFBUZZ: 1
[2017.12.13-06.01.58:680][  0]LogSlate: SlateFontCache - WITH_FREETYPE: 1, WITH_HARFBUZZ: 1
[2017.12.13-06.01.59:956][  0]LogInit: Selected Device Profile: [Windows]
[2017.12.13-06.02.00:708][  0]LogSimplygon: Simplygon DLL not present - disabling.
[2017.12.13-06.02.00:816][  0]LogMeshReduction: Using SimplygonSwarm for distributed automatic mesh merging
[2017.12.13-06.02.00:816][  0]LogMeshReduction: Using QuadricMeshReduction for automatic static mesh reduction
[2017.12.13-06.02.00:816][  0]LogMeshReduction: No automatic skeletal mesh reduction module available
[2017.12.13-06.02.00:816][  0]LogMeshReduction: No automatic mesh merging module available
[2017.12.13-06.02.00:816][  0]LogMeshMerging: No automatic mesh merging module available
[2017.12.13-06.02.00:870][  0]LogNetVersion: MyProject3 , NetCL: 3709383, EngineNetVer: 2, GameNetVer: 0 (Checksum: 3540592630)
[2017.12.13-06.02.01:171][  0]LogAssetRegistry: FAssetRegistry took 0.0287 seconds to start up
[2017.12.13-06.02.02:179][  0]LogPackageLocalizationCache: Processed 7 localized package path(s) for 2 prioritized culture(s) in 0.119277 seconds
[2017.12.13-06.02.02:188][  0]LogUObjectArray: 35900 objects as part of root set at end of initial load.
[2017.12.13-06.02.02:188][  0]LogUObjectAllocator: 7372024 out of 0 bytes used by permanent object pool.
[2017.12.13-06.02.02:188][  0]LogUObjectArray: CloseDisregardForGC: 0/0 objects in disregard for GC pool
[2017.12.13-06.02.02:344][  0]LogInit: WinSock: version 1.1 (2.2), MaxSocks=32767, MaxUdp=65467
[2017.12.13-06.02.30:216][  0]LogTcpMessaging: Initializing TcpMessaging bridge
[2017.12.13-06.02.30:292][  0]LogUdpMessaging: Initializing bridge on interface 0.0.0.0:0 to multicast group 230.0.0.1:6666.
[2017.12.13-06.02.31:855][  0]LogMaterial: Uniform references updated for custom material expression Custom.
[2017.12.13-06.02.32:819][  0]SourceControl: Source control is disabled
[2017.12.13-06.02.32:820][  0]SourceControl: Source control is disabled
[2017.12.13-06.02.32:950][  0]SourceControl: Source control is disabled
[2017.12.13-06.02.33:069][  0]SourceControl: Source control is disabled
[2017.12.13-06.02.34:989][  0]LogAndroidPermission: UAndroidPermissionCallbackProxy::GetInstance
[2017.12.13-06.02.35:602][  0]LogOcInput: OculusInput pre-init called
[2017.12.13-06.02.36:270][  0]LogEngine: Initializing Engine...
[2017.12.13-06.02.36:274][  0]LogHMD: Failed to initialize OpenVR with code 110
[2017.12.13-06.02.36:665][  0]LogStats: UGameplayTagsManager::ConstructGameplayTagTree: Construct from data asset -  0.000 s
[2017.12.13-06.02.36:665][  0]LogStats: UGameplayTagsManager::ConstructGameplayTagTree: GameplayTagTreeChangedEvent.Broadcast -  0.000 s
[2017.12.13-06.02.37:038][  0]LogAIModule: Creating AISystem for world Untitled
[2017.12.13-06.02.37:066][  0]LogInit: XAudio2 using 'Realtek HD Audio 2nd output (Realtek High Definition Audio)' : 2 channels at 48 kHz using 32 bits per sample (channel mask 0x3)
[2017.12.13-06.02.37:087][  0]LogInit: FAudioDevice initialized.
[2017.12.13-06.02.38:260][  0]LogDerivedDataCache: Saved boot cache 1.17s 78MB C:/Users/dtlaw/AppData/Local/UnrealEngine/4.18/DerivedDataCache/Boot.ddc.
[2017.12.13-06.02.38:285][  0]LogInit: Texture streaming: Enabled
[2017.12.13-06.02.38:554][  0]LogEngineSessionManager: EngineSessionManager initialized
[2017.12.13-06.02.38:900][  0]LogInit: Transaction tracking system initialized
[2017.12.13-06.02.39:701][  0]BlueprintLog: New page: Editor Load
[2017.12.13-06.02.42:429][  0]LocalizationService: Localization service is disabled
[2017.12.13-06.02.44:459][  0]LogConsoleResponse: Display: 
[2017.12.13-06.02.44:968][  0]LogCook: Display: Max memory allowance for cook 16384mb min free memory 0mb
[2017.12.13-06.02.44:968][  0]LogCook: Display: Mobile HDR setting 1
[2017.12.13-06.02.44:968][  0]LogGameplayTags: Display: UGameplayTagsManager::DoneAddingNativeTags. DelegateIsBound: 0
[2017.12.13-06.02.46:133][  0]LogFileCache: Scanning file cache for directory 'C:/Users/dtlaw/Documents/GameDev/ue4project/Content/' took 0.82s
[2017.12.13-06.02.47:771][  0]SourceControl: Source control is disabled
[2017.12.13-06.02.48:413][  0]LogSlate: Took 0.000306 seconds to synchronously load lazily loaded font '../../../Engine/Content/Slate/Fonts/Roboto-Regular.ttf' (155K)
[2017.12.13-06.02.57:364][  0]LogWindowsTextInputMethodSystem: Display: IME system now deactivated.
[2017.12.13-06.02.57:364][  0]LogWindowsTextInputMethodSystem: Display: IME system now deactivated.
[2017.12.13-06.02.57:382][  0]LogWindowsTextInputMethodSystem: Display: IME system now deactivated.
[2017.12.13-06.02.57:382][  0]LogWindowsTextInputMethodSystem: Display: IME system now deactivated.
[2017.12.13-06.02.57:384][  0]Cmd: MAP LOAD FILE="../../../../../../Users/dtlaw/Documents/GameDev/ue4project/Content/FirstPersonBP/Maps/FirstPersonExampleMap.umap" TEMPLATE=0 SHOWPROGRESS=1 FEATURELEVEL=3
[2017.12.13-06.02.57:667][  0]LightingResults: New page: Lighting Build
[2017.12.13-06.02.57:791][  0]MapCheck: New page: Map Check
[2017.12.13-06.02.57:791][  0]LightingResults: New page: Lighting Build
[2017.12.13-06.03.07:787][  0]LogTexture: Display: Building textures: Acer_Leaf_Two_Sided_back_G_mapleLeaf_alpha (BGRA8, 1024X1365)
[2017.12.13-06.03.08:881][  0]LogTexture: Display: Building textures: Acer_Leaf_Two_Sided_back_backMapleLeaf_NRM (BGRA8, 1024X1365)
[2017.12.13-06.03.08:881][  0]LogTexture: Display: Building textures: Acer_Leaf_Two_Sided_G_mapleLeaf_alpha (BGRA8, 1024X1365)
[2017.12.13-06.03.08:952][  0]LogStaticMesh: Building static mesh box_big...
[2017.12.13-06.03.09:588][  0]LogTexture: Display: Building textures: Acer_Leaf_Two_Sided_frontMapleLeaf_NRM (BGRA8, 1024X1365)
[2017.12.13-06.03.09:588][  0]LogTexture: Display: Building textures: Acer_Leaf_Two_Sided_back_backMapleLeaf (BGRA8, 1024X1365)
[2017.12.13-06.03.09:588][  0]LogStaticMesh: Built static mesh [0.64s] /Game/Assets/box_big.box_big
[2017.12.13-06.03.10:515][  0]LogTexture: Display: Building textures: Acer_Leaf_Two_Sided_frontMapleLeaf (BGRA8, 1024X1365)
[2017.12.13-06.03.10:515][  0]LogStaticMesh: Building static mesh box_small...
[2017.12.13-06.03.10:517][  0]LogStaticMesh: Built static mesh [0.00s] /Game/Assets/box_small.box_small
[2017.12.13-06.03.10:585][  0]LogStaticMesh: Building static mesh building_Archway...
[2017.12.13-06.03.10:601][  0]LogStaticMesh: Built static mesh [0.02s] /Game/Assets/building_Archway.building_Archway
[2017.12.13-06.03.10:605][  0]LogStaticMesh: Building static mesh building_Floor1...
[2017.12.13-06.03.10:614][  0]LogStaticMesh: Built static mesh [0.01s] /Game/Assets/building_Floor1.building_Floor1
[2017.12.13-06.03.10:664][  0]LogStaticMesh: Building static mesh building_Floor2...
[2017.12.13-06.03.10:713][  0]LogStaticMesh: Built static mesh [0.10s] /Game/Assets/building_Floor2.building_Floor2
[2017.12.13-06.03.10:721][  0]LogStaticMesh: Building static mesh building_Roof...
[2017.12.13-06.03.10:724][  0]LogStaticMesh: Built static mesh [0.00s] /Game/Assets/building_Roof.building_Roof
[2017.12.13-06.03.10:728][  0]LogStaticMesh: Building static mesh Grape_Sapling...
[2017.12.13-06.03.10:768][  0]LogStaticMesh: Built static mesh [0.04s] /Game/Assets/Grape_Sapling.Grape_Sapling
[2017.12.13-06.03.10:775][  0]LogStaticMesh: Building static mesh rock_2...
[2017.12.13-06.03.10:784][  0]LogStaticMesh: Built static mesh [0.01s] /Game/Assets/rock_2.rock_2
[2017.12.13-06.03.10:787][  0]LogStaticMesh: Building static mesh rock_3...
[2017.12.13-06.03.10:795][  0]LogStaticMesh: Built static mesh [0.01s] /Game/Assets/rock_3.rock_3
[2017.12.13-06.03.10:836][  0]LogStaticMesh: Building static mesh rock_1...
[2017.12.13-06.03.10:845][  0]LogStaticMesh: Built static mesh [0.01s] /Game/Assets/rock_1.rock_1
[2017.12.13-06.03.10:851][  0]LogStaticMesh: Building static mesh tools_hoe...
[2017.12.13-06.03.10:863][  0]LogStaticMesh: Built static mesh [0.01s] /Game/Assets/tools_hoe.tools_hoe
[2017.12.13-06.03.10:865][  0]LogStaticMesh: Building static mesh tools_pitchFork...
[2017.12.13-06.03.10:890][  0]LogStaticMesh: Built static mesh [0.03s] /Game/Assets/tools_pitchFork.tools_pitchFork
[2017.12.13-06.03.11:766][  0]LogMaterial: Missing cached shader map for material Green_ncl1_1, compiling. 
[2017.12.13-06.03.12:770][  0]LogTexture: Display: Building textures: HQ_Lightmap0_1 (AutoDXT, 2048X2048)
[2017.12.13-06.03.12:777][  0]LogMaterial: Missing cached shader map for material Green, compiling. 
[2017.12.13-06.03.12:905][  0]LogMaterial: Missing cached shader map for material Acer_Leaf_Two_Sided_ncl1_1, compiling. 
[2017.12.13-06.03.13:154][  0]LogTexture: Display: Building textures: HQ_Lightmap0_2 (AutoDXT, 1024X1024)
[2017.12.13-06.03.13:154][  0]LogMaterial: Missing cached shader map for material Acer_Leaf_Two_Sided, compiling. 
[2017.12.13-06.03.13:325][  0]LogMaterial: Missing cached shader map for material blinn2, compiling. 
[2017.12.13-06.03.21:344][  0]LogTexture: Display: Building textures: HQ_Lightmap0_3 (AutoDXT, 1024X1024)
[2017.12.13-06.03.21:344][  0]LogTexture: Display: Building textures: HQ_Lightmap0_4 (AutoDXT, 64X64)
[2017.12.13-06.03.26:023][  0]LogTexture: Display: Building textures: LQ_Lightmap_0_1 (DXT1, 2048X2048)
[2017.12.13-06.03.26:023][  0]LogTexture: Display: Building textures: LQ_Lightmap_0_2 (DXT1, 1024X1024)
[2017.12.13-06.03.26:023][  0]LogTexture: Display: Building textures: LQ_Lightmap_0_3 (DXT1, 1024X1024)
[2017.12.13-06.03.27:377][  0]LogTexture: Display: Building textures: LQ_Lightmap_0_4 (DXT1, 64X64)
[2017.12.13-06.03.27:377][  0]LogTexture: Display: Building textures: SkyOcclusion0_1 (AutoDXT, 2048X1024)
[2017.12.13-06.03.30:315][  0]LogTexture: Display: Building textures: SkyOcclusion0_2 (AutoDXT, 1024X512)
[2017.12.13-06.03.30:315][  0]LogTexture: Display: Building textures: SkyOcclusion0_3 (AutoDXT, 1024X512)
[2017.12.13-06.03.30:778][  0]LogTexture: Display: Building textures: SkyOcclusion0_4 (AutoDXT, 64X32)
[2017.12.13-06.03.30:778][  0]LogTexture: Display: Building textures: ShadowMapTexture2D_12 (G8, 1024X1024)
[2017.12.13-06.03.30:778][  0]LogTexture: Display: Building textures: ShadowMapTexture2D_11 (G8, 1024X1024)
[2017.12.13-06.03.30:778][  0]LogTexture: Display: Building textures: ShadowMapTexture2D_14 (G8, 32X32)
[2017.12.13-06.03.30:778][  0]LogTexture: Display: Building textures: ShadowMapTexture2D_13 (G8, 1024X1024)
[2017.12.13-06.03.30:778][  0]LogAIModule: Creating AISystem for world FirstPersonExampleMap
[2017.12.13-06.03.31:383][  0]LogEditorServer: Finished looking for orphan Actors (0.000 secs)
[2017.12.13-06.03.31:524][  0]Cmd: MAP CHECKDEP NOCLEARLOG
[2017.12.13-06.03.31:681][  0]MapCheck: Map check complete: 0 Error(s), 0 Warning(s), took 157.211ms to complete.
[2017.12.13-06.03.31:682][  0]LogFileHelpers: Loading map 'FirstPersonExampleMap' took 34.298
[2017.12.13-06.03.38:906][  0]LogStats: Warning: MetaData mismatch. Did you assign a stat to two groups? New //STATGROUP_Threads//SplashScreenThread///Thread_41dc_0///####STATCAT_Advanced#### old //STATGROUP_Threads//SplashScreenThread///Thread_5a88_0///####STATCAT_Advanced####
[2017.12.13-06.03.38:906][  0]LogCollectionManager: Loaded 0 collections in 0.003196 seconds
[2017.12.13-06.03.41:272][  0]LogFileCache: Scanning file cache for directory 'C:/Users/dtlaw/Documents/GameDev/ue4project/Saved/Collections/' took 0.01s
[2017.12.13-06.03.41:272][  0]LogFileCache: Scanning file cache for directory 'C:/Users/dtlaw/Documents/GameDev/ue4project/Content/Developers/dtlaw/Collections/' took 0.01s
[2017.12.13-06.03.41:272][  0]LogFileCache: Scanning file cache for directory 'C:/Users/dtlaw/Documents/GameDev/ue4project/Content/Collections/' took 0.01s
[2017.12.13-06.03.41:273][  0]LogCollectionManager: Rebuilt the GUID cache for 0 collections in 0.000000 seconds
[2017.12.13-06.03.41:425][  0]LogContentBrowser: Native class hierarchy populated in 0.1354 seconds. Added 2364 classes and 521 folders.
[2017.12.13-06.03.42:213][  0]LogContentBrowser: Native class hierarchy updated for 'WidgetCarousel' in 0.0005 seconds. Added 0 classes and 0 folders.
[2017.12.13-06.03.55:109][  0]LogContentBrowser: Native class hierarchy updated for 'AddContentDialog' in 0.0005 seconds. Added 0 classes and 0 folders.
[2017.12.13-06.04.00:626][  0]LogSlate: Took 0.000321 seconds to synchronously load lazily loaded font '../../../Engine/Content/Slate/Fonts/Roboto-Bold.ttf' (160K)
[2017.12.13-06.04.00:798][  0]LogSlate: Took 0.038548 seconds to synchronously load lazily loaded font '../../../Engine/Content/Editor/Slate/Fonts/FontAwesome.ttf' (139K)
[2017.12.13-06.04.02:111][  0]LogRenderer: Reallocating scene render targets to support 1208x576 Format 10 NumSamples 1 (Frame:1).
[2017.12.13-06.04.04:973][  0]LogSlate: Took 0.041039 seconds to synchronously load lazily loaded font '../../../Engine/Content/Slate/Fonts/Roboto-Light.ttf' (159K)
[2017.12.13-06.04.10:545][  0]LogContentBrowser: Native class hierarchy updated for 'HierarchicalLODOutliner' in 0.0005 seconds. Added 1 classes and 2 folders.
[2017.12.13-06.04.10:545][  0]LogLoad: (Engine Initialization) Total time: 187.08 seconds
[2017.12.13-06.04.10:545][  0]LogLoad: (Engine Initialization) Total Blueprint compile time: 0.00 seconds
[2017.12.13-06.04.10:545][  0]LogExternalProfiler: Found external profiler: VSPerf
[2017.12.13-06.04.10:545][  0]LogExternalProfiler: Using external profiler: VSPerf
[2017.12.13-06.04.11:557][  0]LogContentStreaming: Texture pool size now 1000 MB
[2017.12.13-06.04.13:673][  4]LogAssetRegistry: Asset discovery search completed in 132.5241 seconds
[2017.12.13-06.04.13:678][  4]LogCollectionManager: Rebuilt the object cache for 0 collections in 0.000001 seconds (found 0 objects)
[2017.12.13-06.04.13:678][  4]LogCollectionManager: Fixed up redirectors for 0 collections in 0.000125 seconds (updated 0 objects)
[2017.12.13-06.04.13:876][  5]LogSlate: Took 0.000290 seconds to synchronously load lazily loaded font '../../../Engine/Content/Slate/Fonts/Roboto-Light.ttf' (159K)
[2017.12.13-06.04.17:730][176]LogFileCache: Retrieving MD5 hashes for directory 'C:/Users/dtlaw/Documents/GameDev/ue4project/Content/' took 7.09s
[2017.12.13-06.04.22:566][443]AssetReimport: New page: Outstanding source content changes 8:04:22 PM
[2017.12.13-06.04.25:798][444]LogEditorFactories: Performing atomic reimport of [C:/Users/dtlaw/Documents/GameDev/ue4project/Content/Assets/box_big.fbx]
[2017.12.13-06.04.27:963][444]LogFbx: Loading FBX Scene from C:/Users/dtlaw/Documents/GameDev/ue4project/Content/Assets/box_big.fbx
[2017.12.13-06.04.28:120][444]LogFbx: FBX Scene Loaded Succesfully
[2017.12.13-06.04.28:360][444]LogStaticMesh: Building static mesh box_big...
[2017.12.13-06.04.28:362][444]LogStaticMesh: Built static mesh [0.00s] /Game/Assets/box_big.box_big
[2017.12.13-06.04.28:490][444]LogEditorFactories: -- imported successfully
[2017.12.13-06.04.28:577][445]LogEditorFactories: Performing atomic reimport of [C:/Users/dtlaw/Documents/GameDev/ue4project/Content/Assets/box_small.fbx]
[2017.12.13-06.04.28:590][445]LogFbx: Loading FBX Scene from C:/Users/dtlaw/Documents/GameDev/ue4project/Content/Assets/box_small.fbx
[2017.12.13-06.04.28:599][445]LogFbx: FBX Scene Loaded Succesfully
[2017.12.13-06.04.28:620][445]LogStaticMesh: Building static mesh box_small...
[2017.12.13-06.04.28:621][445]LogStaticMesh: Built static mesh [0.02s] /Game/Assets/box_small.box_small
[2017.12.13-06.04.28:651][445]LogEditorFactories: -- imported successfully
[2017.12.13-06.04.28:719][446]LogEditorFactories: Performing atomic reimport of [C:/Users/dtlaw/Documents/GameDev/ue4project/Content/Assets/Grape_Sapling.fbx]
[2017.12.13-06.04.28:763][446]LogFbx: Loading FBX Scene from C:/Users/dtlaw/Documents/GameDev/ue4project/Content/Assets/Grape_Sapling.fbx
[2017.12.13-06.04.28:818][446]LogFbx: FBX Scene Loaded Succesfully
[2017.12.13-06.04.28:828][446]LogStaticMesh: Building static mesh Grape_Sapling...
[2017.12.13-06.04.28:865][446]LogStaticMesh: Built static mesh [0.04s] /Game/Assets/Grape_Sapling.Grape_Sapling
[2017.12.13-06.04.28:916][446]LogEditorFactories: -- imported successfully
[2017.12.13-06.04.29:029][447]LogStaticMesh: Building static mesh missile...
[2017.12.13-06.04.29:043][447]LogStaticMesh: Built static mesh [0.01s] /Game/Assets/missile.missile
[2017.12.13-06.04.29:049][447]LogEditorFactories: Performing atomic reimport of [C:/Users/dtlaw/Documents/GameDev/ue4project/Content/Assets/missile.fbx]
[2017.12.13-06.04.29:060][447]LogFbx: Loading FBX Scene from C:/Users/dtlaw/Documents/GameDev/ue4project/Content/Assets/missile.fbx
[2017.12.13-06.04.29:072][447]LogFbx: FBX Scene Loaded Succesfully
[2017.12.13-06.04.29:082][447]LogStaticMesh: Building static mesh missile...
[2017.12.13-06.04.29:094][447]LogStaticMesh: Built static mesh [0.01s] /Game/Assets/missile.missile
[2017.12.13-06.04.29:101][447]LogEditorFactories: -- imported successfully
[2017.12.13-06.04.29:185][448]LogEditorFactories: Performing atomic reimport of [C:/Users/dtlaw/Documents/GameDev/ue4project/Content/Assets/rock_1.fbx]
[2017.12.13-06.04.29:202][448]LogFbx: Loading FBX Scene from C:/Users/dtlaw/Documents/GameDev/ue4project/Content/Assets/rock_1.fbx
[2017.12.13-06.04.29:213][448]LogFbx: FBX Scene Loaded Succesfully
[2017.12.13-06.04.29:261][448]LogStaticMesh: Building static mesh rock_1...
[2017.12.13-06.04.29:266][448]LogStaticMesh: Built static mesh [0.01s] /Game/Assets/rock_1.rock_1
[2017.12.13-06.04.29:295][448]LogEditorFactories: -- imported successfully
[2017.12.13-06.04.29:348][449]LogEditorFactories: Performing atomic reimport of [C:/Users/dtlaw/Documents/GameDev/ue4project/Content/Assets/rock_2.fbx]
[2017.12.13-06.04.29:359][449]LogFbx: Loading FBX Scene from C:/Users/dtlaw/Documents/GameDev/ue4project/Content/Assets/rock_2.fbx
[2017.12.13-06.04.29:370][449]LogFbx: FBX Scene Loaded Succesfully
[2017.12.13-06.04.29:385][449]LogStaticMesh: Building static mesh rock_2...
[2017.12.13-06.04.29:394][449]LogStaticMesh: Built static mesh [0.01s] /Game/Assets/rock_2.rock_2
[2017.12.13-06.04.29:401][449]LogEditorFactories: -- imported successfully
[2017.12.13-06.04.29:447][450]LogEditorFactories: Performing atomic reimport of [C:/Users/dtlaw/Documents/GameDev/ue4project/Content/Assets/rock_3.fbx]
[2017.12.13-06.04.29:460][450]LogFbx: Loading FBX Scene from C:/Users/dtlaw/Documents/GameDev/ue4project/Content/Assets/rock_3.fbx
[2017.12.13-06.04.29:470][450]LogFbx: FBX Scene Loaded Succesfully
[2017.12.13-06.04.29:488][450]LogStaticMesh: Building static mesh rock_3...
[2017.12.13-06.04.29:542][450]LogStaticMesh: Built static mesh [0.05s] /Game/Assets/rock_3.rock_3
[2017.12.13-06.04.29:593][450]LogEditorFactories: -- imported successfully
[2017.12.13-06.04.29:776][451]LogFactory: FactoryCreateFile: Texture with ReimportTextureFactory (0 0 C:/Users/dtlaw/Documents/GameDev/ue4project/Content/Assets/Grape_Sapling.fbm/Acer_Leaf_Two_Sided_back_backMapleLeaf.png)
[2017.12.13-06.04.30:432][452]LogFactory: FactoryCreateFile: Texture with ReimportTextureFactory (0 0 C:/Users/dtlaw/Documents/GameDev/ue4project/Content/Assets/Grape_Sapling.fbm/Acer_Leaf_Two_Sided_back_backMapleLeaf_NRM.png)
[2017.12.13-06.04.30:784][453]LogFactory: FactoryCreateFile: Texture with ReimportTextureFactory (0 0 C:/Users/dtlaw/Documents/GameDev/ue4project/Content/Assets/Grape_Sapling.fbm/Acer_Leaf_Two_Sided_back_G_mapleLeaf_alpha.png)
[2017.12.13-06.04.31:103][454]LogFactory: FactoryCreateFile: Texture with ReimportTextureFactory (0 0 C:/Users/dtlaw/Documents/GameDev/ue4project/Content/Assets/Grape_Sapling.fbm/Acer_Leaf_Two_Sided_frontMapleLeaf.png)
[2017.12.13-06.04.31:539][455]LogFactory: FactoryCreateFile: Texture with ReimportTextureFactory (0 0 C:/Users/dtlaw/Documents/GameDev/ue4project/Content/Assets/Grape_Sapling.fbm/Acer_Leaf_Two_Sided_frontMapleLeaf_NRM.png)
[2017.12.13-06.04.31:892][456]LogFactory: FactoryCreateFile: Texture with ReimportTextureFactory (0 0 C:/Users/dtlaw/Documents/GameDev/ue4project/Content/Assets/Grape_Sapling.fbm/Acer_Leaf_Two_Sided_G_mapleLeaf_alpha.png)
[2017.12.13-06.04.34:081][457]LogEditorFactories: Performing atomic reimport of [C:/Users/dtlaw/Documents/GameDev/ue4project/Content/Assets/materials/Grape_Sapling.fbm/Acer_Leaf_Two_Sided_back_backMapleLeaf.png]
[2017.12.13-06.04.34:092][457]LogFactory: FactoryCreateFile: Texture2D with ReimportTextureFactory (0 0 C:/Users/dtlaw/Documents/GameDev/ue4project/Content/Assets/materials/Grape_Sapling.fbm/Acer_Leaf_Two_Sided_back_backMapleLeaf.png)
[2017.12.13-06.04.34:557][457]LogEditorFactories: -- imported successfully
[2017.12.13-06.04.34:840][458]LogEditorFactories: Performing atomic reimport of [C:/Users/dtlaw/Documents/GameDev/ue4project/Content/Assets/materials/Grape_Sapling.fbm/Acer_Leaf_Two_Sided_back_backMapleLeaf_NRM.png]
[2017.12.13-06.04.34:850][458]LogFactory: FactoryCreateFile: Texture2D with ReimportTextureFactory (0 0 C:/Users/dtlaw/Documents/GameDev/ue4project/Content/Assets/materials/Grape_Sapling.fbm/Acer_Leaf_Two_Sided_back_backMapleLeaf_NRM.png)
[2017.12.13-06.04.35:150][458]LogEditorFactories: -- imported successfully
[2017.12.13-06.04.35:410][459]LogEditorFactories: Performing atomic reimport of [C:/Users/dtlaw/Documents/GameDev/ue4project/Content/Assets/materials/Grape_Sapling.fbm/Acer_Leaf_Two_Sided_back_G_mapleLeaf_alpha.png]
[2017.12.13-06.04.35:411][459]LogFactory: FactoryCreateFile: Texture2D with ReimportTextureFactory (0 0 C:/Users/dtlaw/Documents/GameDev/ue4project/Content/Assets/materials/Grape_Sapling.fbm/Acer_Leaf_Two_Sided_back_G_mapleLeaf_alpha.png)
[2017.12.13-06.04.35:760][459]LogEditorFactories: -- imported successfully
[2017.12.13-06.04.38:649][460]LogEditorFactories: Performing atomic reimport of [C:/Users/dtlaw/Documents/GameDev/ue4project/Content/Assets/materials/Grape_Sapling.fbm/Acer_Leaf_Two_Sided_frontMapleLeaf.png]
[2017.12.13-06.04.38:661][460]LogFactory: FactoryCreateFile: Texture2D with ReimportTextureFactory (0 0 C:/Users/dtlaw/Documents/GameDev/ue4project/Content/Assets/materials/Grape_Sapling.fbm/Acer_Leaf_Two_Sided_frontMapleLeaf.png)
[2017.12.13-06.04.39:149][460]LogEditorFactories: -- imported successfully
[2017.12.13-06.04.39:488][461]LogEditorFactories: Performing atomic reimport of [C:/Users/dtlaw/Documents/GameDev/ue4project/Content/Assets/materials/Grape_Sapling.fbm/Acer_Leaf_Two_Sided_frontMapleLeaf_NRM.png]
[2017.12.13-06.04.39:494][461]LogFactory: FactoryCreateFile: Texture2D with ReimportTextureFactory (0 0 C:/Users/dtlaw/Documents/GameDev/ue4project/Content/Assets/materials/Grape_Sapling.fbm/Acer_Leaf_Two_Sided_frontMapleLeaf_NRM.png)
[2017.12.13-06.04.39:860][461]LogEditorFactories: -- imported successfully
[2017.12.13-06.04.40:183][462]LogEditorFactories: Performing atomic reimport of [C:/Users/dtlaw/Documents/GameDev/ue4project/Content/Assets/materials/Grape_Sapling.fbm/Acer_Leaf_Two_Sided_G_mapleLeaf_alpha.png]
[2017.12.13-06.04.40:184][462]LogFactory: FactoryCreateFile: Texture2D with ReimportTextureFactory (0 0 C:/Users/dtlaw/Documents/GameDev/ue4project/Content/Assets/materials/Grape_Sapling.fbm/Acer_Leaf_Two_Sided_G_mapleLeaf_alpha.png)
[2017.12.13-06.04.40:493][462]LogEditorFactories: -- imported successfully
[2017.12.13-06.04.42:976][463]LogEditorFactories: Performing atomic reimport of [C:/Users/dtlaw/Documents/GameDev/ue4project/Content/Assets/materials/humanSkinMat/simpleFarmer_HumanBody_blinn1_BaseColor.png]
[2017.12.13-06.04.42:983][463]LogFactory: FactoryCreateFile: Texture2D with ReimportTextureFactory (0 0 C:/Users/dtlaw/Documents/GameDev/ue4project/Content/Assets/materials/humanSkinMat/simpleFarmer_HumanBody_blinn1_BaseColor.png)
[2017.12.13-06.04.45:237][463]LogEditorFactories: -- imported successfully
[2017.12.13-06.04.48:696][464]LogEditorFactories: Performing atomic reimport of [C:/Users/dtlaw/Documents/GameDev/ue4project/Content/Assets/materials/humanSkinMat/simpleFarmer_HumanBody_blinn1_Normal.png]
[2017.12.13-06.04.48:707][464]LogFactory: FactoryCreateFile: Texture2D with ReimportTextureFactory (0 0 C:/Users/dtlaw/Documents/GameDev/ue4project/Content/Assets/materials/humanSkinMat/simpleFarmer_HumanBody_blinn1_Normal.png)
[2017.12.13-06.04.50:137][464]LogEditorFactories: -- imported successfully
[2017.12.13-06.04.55:311][465]LogEditorFactories: Performing atomic reimport of [C:/Users/dtlaw/Documents/GameDev/ue4project/Content/Assets/materials/humanSkinMat/simpleFarmer_HumanBody_blinn1_OcclusionRoughnessMetallic.png]
[2017.12.13-06.04.55:325][465]LogFactory: FactoryCreateFile: Texture2D with ReimportTextureFactory (0 0 C:/Users/dtlaw/Documents/GameDev/ue4project/Content/Assets/materials/humanSkinMat/simpleFarmer_HumanBody_blinn1_OcclusionRoughnessMetallic.png)
[2017.12.13-06.04.59:906][465]LogEditorFactories: -- imported successfully
[2017.12.13-06.05.03:552][466]LogEditorFactories: Performing atomic reimport of [C:/Users/dtlaw/Documents/GameDev/ue4project/Content/Assets/materials/pantsMat/simpleFarmer_pants Mat_BaseColor.png]
[2017.12.13-06.05.03:555][466]LogFactory: FactoryCreateFile: Texture2D with ReimportTextureFactory (0 0 C:/Users/dtlaw/Documents/GameDev/ue4project/Content/Assets/materials/pantsMat/simpleFarmer_pants Mat_BaseColor.png)
[2017.12.13-06.05.05:993][466]LogEditorFactories: -- imported successfully
[2017.12.13-06.05.06:742][467]LogSlate: Took 0.000293 seconds to synchronously load lazily loaded font '../../../Engine/Content/Slate/Fonts/Roboto-Light.ttf' (159K)
[2017.12.13-06.05.09:919][467]LogSlate: Took 0.000297 seconds to synchronously load lazily loaded font '../../../Engine/Content/Slate/Fonts/Roboto-Regular.ttf' (155K)
[2017.12.13-06.05.10:014][467]LogSavePackage: Save=2880.29ms
[2017.12.13-06.05.10:014][467]LogSavePackage: Moving '../../../../../../Users/dtlaw/Documents/GameDev/ue4project/Saved/FirstPersonExampleMap53FDC45B4BAB9530623083BC1C94CF10.tmp' to '../../../../../../Users/dtlaw/Documents/GameDev/ue4project/Content/FirstPersonBP/Maps/FirstPersonExampleMap.umap'
[2017.12.13-06.05.10:027][467]LogSavePackage: Display: Finished SavePackage ../../../../../../Users/dtlaw/Documents/GameDev/ue4project/Content/FirstPersonBP/Maps/FirstPersonExampleMap.umap
[2017.12.13-06.05.14:723][467]LogSavePackage: Save=4317.38ms
[2017.12.13-06.05.14:723][467]LogSavePackage: Moving '../../../../../../Users/dtlaw/Documents/GameDev/ue4project/Saved/FirstPersonExampleMap_BuiltDataFE231D6B4C7C765C52F3DF816EF291F4.tmp' to '../../../../../../Users/dtlaw/Documents/GameDev/ue4project/Content/FirstPersonBP/Maps/FirstPersonExampleMap_BuiltData.uasset'
[2017.12.13-06.05.14:730][467]LogSavePackage: Display: Finished SavePackage ../../../../../../Users/dtlaw/Documents/GameDev/ue4project/Content/FirstPersonBP/Maps/FirstPersonExampleMap_BuiltData.uasset
[2017.12.13-06.05.16:072][467]LogEditorFactories: Performing atomic reimport of [C:/Users/dtlaw/Documents/GameDev/ue4project/Content/Assets/materials/pantsMat/simpleFarmer_pants Mat_Normal.png]
[2017.12.13-06.05.16:075][467]LogFactory: FactoryCreateFile: Texture2D with ReimportTextureFactory (0 0 C:/Users/dtlaw/Documents/GameDev/ue4project/Content/Assets/materials/pantsMat/simpleFarmer_pants Mat_Normal.png)
[2017.12.13-06.05.17:440][467]LogEditorFactories: -- imported successfully
[2017.12.13-06.05.19:285][468]LogEditorFactories: Performing atomic reimport of [C:/Users/dtlaw/Documents/GameDev/ue4project/Content/Assets/materials/pantsMat/simpleFarmer_pants Mat_OcclusionRoughnessMetallic.png]
[2017.12.13-06.05.19:286][468]LogFactory: FactoryCreateFile: Texture2D with ReimportTextureFactory (0 0 C:/Users/dtlaw/Documents/GameDev/ue4project/Content/Assets/materials/pantsMat/simpleFarmer_pants Mat_OcclusionRoughnessMetallic.png)
[2017.12.13-06.05.20:941][468]LogEditorFactories: -- imported successfully
[2017.12.13-06.05.36:072][469]LogEditorFactories: Performing atomic reimport of [C:/Users/dtlaw/Documents/GameDev/ue4project/Content/Assets/materials/shirtMat/simpleFarmer_shirtMat_BaseColor.png]
[2017.12.13-06.05.36:108][469]LogFactory: FactoryCreateFile: Texture2D with ReimportTextureFactory (0 0 C:/Users/dtlaw/Documents/GameDev/ue4project/Content/Assets/materials/shirtMat/simpleFarmer_shirtMat_BaseColor.png)
[2017.12.13-06.05.46:404][469]LogEditorFactories: -- imported successfully
[2017.12.13-06.05.48:474][470]LogEditorFactories: Performing atomic reimport of [C:/Users/dtlaw/Documents/GameDev/ue4project/Content/Assets/materials/shirtMat/simpleFarmer_shirtMat_Normal.png]
[2017.12.13-06.05.48:505][470]LogFactory: FactoryCreateFile: Texture2D with ReimportTextureFactory (0 0 C:/Users/dtlaw/Documents/GameDev/ue4project/Content/Assets/materials/shirtMat/simpleFarmer_shirtMat_Normal.png)
[2017.12.13-06.05.50:316][470]LogEditorFactories: -- imported successfully
[2017.12.13-06.05.55:685][471]LogEditorFactories: Performing atomic reimport of [C:/Users/dtlaw/Documents/GameDev/ue4project/Content/Assets/materials/shirtMat/simpleFarmer_shirtMat_OcclusionRoughnessMetallic.png]
[2017.12.13-06.05.55:699][471]LogFactory: FactoryCreateFile: Texture2D with ReimportTextureFactory (0 0 C:/Users/dtlaw/Documents/GameDev/ue4project/Content/Assets/materials/shirtMat/simpleFarmer_shirtMat_OcclusionRoughnessMetallic.png)
[2017.12.13-06.06.00:168][471]LogEditorFactories: -- imported successfully
[2017.12.13-06.06.03:421][472]LogEditorFactories: Performing atomic reimport of [C:/Users/dtlaw/Documents/GameDev/ue4project/Content/Assets/materials/shoesMat/simpleFarmer_shoes Mat_BaseColor.png]
[2017.12.13-06.06.03:425][472]LogFactory: FactoryCreateFile: Texture2D with ReimportTextureFactory (0 0 C:/Users/dtlaw/Documents/GameDev/ue4project/Content/Assets/materials/shoesMat/simpleFarmer_shoes Mat_BaseColor.png)
[2017.12.13-06.06.05:459][472]LogEditorFactories: -- imported successfully
[2017.12.13-06.06.06:881][473]LogEditorFactories: Performing atomic reimport of [C:/Users/dtlaw/Documents/GameDev/ue4project/Content/Assets/materials/shoesMat/simpleFarmer_shoes Mat_Normal.png]
[2017.12.13-06.06.06:887][473]LogFactory: FactoryCreateFile: Texture2D with ReimportTextureFactory (0 0 C:/Users/dtlaw/Documents/GameDev/ue4project/Content/Assets/materials/shoesMat/simpleFarmer_shoes Mat_Normal.png)
[2017.12.13-06.06.08:165][473]LogEditorFactories: -- imported successfully
[2017.12.13-06.06.10:768][474]LogEditorFactories: Performing atomic reimport of [C:/Users/dtlaw/Documents/GameDev/ue4project/Content/Assets/materials/shoesMat/simpleFarmer_shoes Mat_OcclusionRoughnessMetallic.png]
[2017.12.13-06.06.10:772][474]LogFactory: FactoryCreateFile: Texture2D with ReimportTextureFactory (0 0 C:/Users/dtlaw/Documents/GameDev/ue4project/Content/Assets/materials/shoesMat/simpleFarmer_shoes Mat_OcclusionRoughnessMetallic.png)
[2017.12.13-06.06.12:525][474]LogEditorFactories: -- imported successfully
[2017.12.13-06.06.12:589][475]LogSlate: Warning: Prevented a slow task dialog from being summoned while a context menu was open
[2017.12.13-06.06.13:247][475]LogSavePackage: Save=537.89ms
[2017.12.13-06.06.13:247][475]LogSavePackage: Moving '../../../../../../Users/dtlaw/Documents/GameDev/ue4project/Saved/Acer_Leaf_Two_Sided_back_backMap604F203748AC3D101053568B0F70AA30.tmp' to '../../../../../../Users/dtlaw/Documents/GameDev/ue4project/Content/Assets/Grape_Sapling_fbm/Acer_Leaf_Two_Sided_back_backMapleLeaf.uasset'
[2017.12.13-06.06.13:254][475]LogSavePackage: Display: Finished SavePackage ../../../../../../Users/dtlaw/Documents/GameDev/ue4project/Content/Assets/Grape_Sapling_fbm/Acer_Leaf_Two_Sided_back_backMapleLeaf.uasset
[2017.12.13-06.06.13:539][475]LogSavePackage: Save=260.89ms
[2017.12.13-06.06.13:539][475]LogSavePackage: Moving '../../../../../../Users/dtlaw/Documents/GameDev/ue4project/Saved/Acer_Leaf_Two_Sided_back_backMapE1CE23DD44BA21F67F359498DD0DE1EB.tmp' to '../../../../../../Users/dtlaw/Documents/GameDev/ue4project/Content/Assets/Grape_Sapling_fbm/Acer_Leaf_Two_Sided_back_backMapleLeaf_NRM.uasset'
[2017.12.13-06.06.13:545][475]LogSavePackage: Display: Finished SavePackage ../../../../../../Users/dtlaw/Documents/GameDev/ue4project/Content/Assets/Grape_Sapling_fbm/Acer_Leaf_Two_Sided_back_backMapleLeaf_NRM.uasset
[2017.12.13-06.06.13:651][475]LogSavePackage: Save=92.65ms
[2017.12.13-06.06.13:652][475]LogSavePackage: Moving '../../../../../../Users/dtlaw/Documents/GameDev/ue4project/Saved/Acer_Leaf_Two_Sided_back_G_maple86A3A4AE422EB8D60D5335B6D8F64E49.tmp' to '../../../../../../Users/dtlaw/Documents/GameDev/ue4project/Content/Assets/Grape_Sapling_fbm/Acer_Leaf_Two_Sided_back_G_mapleLeaf_alpha.uasset'
[2017.12.13-06.06.13:657][475]LogSavePackage: Display: Finished SavePackage ../../../../../../Users/dtlaw/Documents/GameDev/ue4project/Content/Assets/Grape_Sapling_fbm/Acer_Leaf_Two_Sided_back_G_mapleLeaf_alpha.uasset
[2017.12.13-06.06.14:036][475]LogSavePackage: Save=361.10ms
[2017.12.13-06.06.14:036][475]LogSavePackage: Moving '../../../../../../Users/dtlaw/Documents/GameDev/ue4project/Saved/Acer_Leaf_Two_Sided_frontMapleLeD8DA83CD4D0A8483C93FEA981CAD6D44.tmp' to '../../../../../../Users/dtlaw/Documents/GameDev/ue4project/Content/Assets/Grape_Sapling_fbm/Acer_Leaf_Two_Sided_frontMapleLeaf.uasset'
[2017.12.13-06.06.14:042][475]LogSavePackage: Display: Finished SavePackage ../../../../../../Users/dtlaw/Documents/GameDev/ue4project/Content/Assets/Grape_Sapling_fbm/Acer_Leaf_Two_Sided_frontMapleLeaf.uasset
[2017.12.13-06.06.14:340][475]LogSavePackage: Save=280.26ms
[2017.12.13-06.06.14:340][475]LogSavePackage: Moving '../../../../../../Users/dtlaw/Documents/GameDev/ue4project/Saved/Acer_Leaf_Two_Sided_frontMapleLeBAFEA96E407361E253BAB39807FD9396.tmp' to '../../../../../../Users/dtlaw/Documents/GameDev/ue4project/Content/Assets/Grape_Sapling_fbm/Acer_Leaf_Two_Sided_frontMapleLeaf_NRM.uasset'
[2017.12.13-06.06.14:347][475]LogSavePackage: Display: Finished SavePackage ../../../../../../Users/dtlaw/Documents/GameDev/ue4project/Content/Assets/Grape_Sapling_fbm/Acer_Leaf_Two_Sided_frontMapleLeaf_NRM.uasset
[2017.12.13-06.06.14:454][475]LogSavePackage: Save=92.50ms
[2017.12.13-06.06.14:455][475]LogSavePackage: Moving '../../../../../../Users/dtlaw/Documents/GameDev/ue4project/Saved/Acer_Leaf_Two_Sided_G_mapleLeaf_D850371541F4915955728DBD06F0964F.tmp' to '../../../../../../Users/dtlaw/Documents/GameDev/ue4project/Content/Assets/Grape_Sapling_fbm/Acer_Leaf_Two_Sided_G_mapleLeaf_alpha.uasset'
[2017.12.13-06.06.14:461][475]LogSavePackage: Display: Finished SavePackage ../../../../../../Users/dtlaw/Documents/GameDev/ue4project/Content/Assets/Grape_Sapling_fbm/Acer_Leaf_Two_Sided_G_mapleLeaf_alpha.uasset
[2017.12.13-06.06.14:870][475]LogSavePackage: Save=379.32ms
[2017.12.13-06.06.14:870][475]LogSavePackage: Moving '../../../../../../Users/dtlaw/Documents/GameDev/ue4project/Saved/Acer_Leaf_Two_Sided_back_backMapB56DEC364F717577461A0D8E18E883E1.tmp' to '../../../../../../Users/dtlaw/Documents/GameDev/ue4project/Content/Assets/materials/Grape_Sapling_fbm/Acer_Leaf_Two_Sided_back_backMapleLeaf.uasset'
[2017.12.13-06.06.14:876][475]LogSavePackage: Display: Finished SavePackage ../../../../../../Users/dtlaw/Documents/GameDev/ue4project/Content/Assets/materials/Grape_Sapling_fbm/Acer_Leaf_Two_Sided_back_backMapleLeaf.uasset
[2017.12.13-06.06.15:171][475]LogSavePackage: Save=255.26ms
[2017.12.13-06.06.15:171][475]LogSavePackage: Moving '../../../../../../Users/dtlaw/Documents/GameDev/ue4project/Saved/Acer_Leaf_Two_Sided_back_backMap0FC32509441C3EDBF97AEAAE65CC25BD.tmp' to '../../../../../../Users/dtlaw/Documents/GameDev/ue4project/Content/Assets/materials/Grape_Sapling_fbm/Acer_Leaf_Two_Sided_back_backMapleLeaf_NRM.uasset'
[2017.12.13-06.06.15:178][475]LogSavePackage: Display: Finished SavePackage ../../../../../../Users/dtlaw/Documents/GameDev/ue4project/Content/Assets/materials/Grape_Sapling_fbm/Acer_Leaf_Two_Sided_back_backMapleLeaf_NRM.uasset
[2017.12.13-06.06.15:314][475]LogSavePackage: Save=101.96ms
[2017.12.13-06.06.15:314][475]LogSavePackage: Moving '../../../../../../Users/dtlaw/Documents/GameDev/ue4project/Saved/Acer_Leaf_Two_Sided_back_G_mapleD368A2EF4D02AE4160188B9429A088F8.tmp' to '../../../../../../Users/dtlaw/Documents/GameDev/ue4project/Content/Assets/materials/Grape_Sapling_fbm/Acer_Leaf_Two_Sided_back_G_mapleLeaf_alpha.uasset'
[2017.12.13-06.06.15:321][475]LogSavePackage: Display: Finished SavePackage ../../../../../../Users/dtlaw/Documents/GameDev/ue4project/Content/Assets/materials/Grape_Sapling_fbm/Acer_Leaf_Two_Sided_back_G_mapleLeaf_alpha.uasset
[2017.12.13-06.06.15:738][475]LogSavePackage: Save=375.10ms
[2017.12.13-06.06.15:738][475]LogSavePackage: Moving '../../../../../../Users/dtlaw/Documents/GameDev/ue4project/Saved/Acer_Leaf_Two_Sided_frontMapleLe25CA6FCA4ABC61DC233A5FB47BD1F28D.tmp' to '../../../../../../Users/dtlaw/Documents/GameDev/ue4project/Content/Assets/materials/Grape_Sapling_fbm/Acer_Leaf_Two_Sided_frontMapleLeaf.uasset'
[2017.12.13-06.06.15:759][475]LogSavePackage: Display: Finished SavePackage ../../../../../../Users/dtlaw/Documents/GameDev/ue4project/Content/Assets/materials/Grape_Sapling_fbm/Acer_Leaf_Two_Sided_frontMapleLeaf.uasset
[2017.12.13-06.06.16:118][475]LogSavePackage: Save=319.91ms
[2017.12.13-06.06.16:118][475]LogSavePackage: Moving '../../../../../../Users/dtlaw/Documents/GameDev/ue4project/Saved/Acer_Leaf_Two_Sided_frontMapleLe7D28ED084E80B888C34E91B39981B6E8.tmp' to '../../../../../../Users/dtlaw/Documents/GameDev/ue4project/Content/Assets/materials/Grape_Sapling_fbm/Acer_Leaf_Two_Sided_frontMapleLeaf_NRM.uasset'
[2017.12.13-06.06.16:125][475]LogSavePackage: Display: Finished SavePackage ../../../../../../Users/dtlaw/Documents/GameDev/ue4project/Content/Assets/materials/Grape_Sapling_fbm/Acer_Leaf_Two_Sided_frontMapleLeaf_NRM.uasset
[2017.12.13-06.06.16:279][475]LogSavePackage: Save=119.67ms
[2017.12.13-06.06.16:279][475]LogSavePackage: Moving '../../../../../../Users/dtlaw/Documents/GameDev/ue4project/Saved/Acer_Leaf_Two_Sided_G_mapleLeaf_75D9636B40D74805161FCB978CE3C51F.tmp' to '../../../../../../Users/dtlaw/Documents/GameDev/ue4project/Content/Assets/materials/Grape_Sapling_fbm/Acer_Leaf_Two_Sided_G_mapleLeaf_alpha.uasset'
[2017.12.13-06.06.16:286][475]LogSavePackage: Display: Finished SavePackage ../../../../../../Users/dtlaw/Documents/GameDev/ue4project/Content/Assets/materials/Grape_Sapling_fbm/Acer_Leaf_Two_Sided_G_mapleLeaf_alpha.uasset
[2017.12.13-06.06.16:842][475]LogSavePackage: Save=514.21ms
[2017.12.13-06.06.16:842][475]LogSavePackage: Moving '../../../../../../Users/dtlaw/Documents/GameDev/ue4project/Saved/simpleFarmer_HumanBody_blinn1_BaB9E754524FD856E2864F7A9EDE685263.tmp' to '../../../../../../Users/dtlaw/Documents/GameDev/ue4project/Content/Assets/materials/humanSkinMat/simpleFarmer_HumanBody_blinn1_BaseColor.uasset'
[2017.12.13-06.06.16:850][475]LogSavePackage: Display: Finished SavePackage ../../../../../../Users/dtlaw/Documents/GameDev/ue4project/Content/Assets/materials/humanSkinMat/simpleFarmer_HumanBody_blinn1_BaseColor.uasset
[2017.12.13-06.06.17:595][475]LogSavePackage: Save=713.42ms
[2017.12.13-06.06.17:595][475]LogSavePackage: Moving '../../../../../../Users/dtlaw/Documents/GameDev/ue4project/Saved/simpleFarmer_HumanBody_blinn1_No024457044F048E38F56877B832256B77.tmp' to '../../../../../../Users/dtlaw/Documents/GameDev/ue4project/Content/Assets/materials/humanSkinMat/simpleFarmer_HumanBody_blinn1_Normal.uasset'
[2017.12.13-06.06.17:602][475]LogSavePackage: Display: Finished SavePackage ../../../../../../Users/dtlaw/Documents/GameDev/ue4project/Content/Assets/materials/humanSkinMat/simpleFarmer_HumanBody_blinn1_Normal.uasset
[2017.12.13-06.06.18:300][475]LogSavePackage: Save=615.24ms
[2017.12.13-06.06.18:300][475]LogSavePackage: Moving '../../../../../../Users/dtlaw/Documents/GameDev/ue4project/Saved/simpleFarmer_HumanBody_blinn1_Oc15B4E36C489BC8A5EA66ED806DCEB57C.tmp' to '../../../../../../Users/dtlaw/Documents/GameDev/ue4project/Content/Assets/materials/humanSkinMat/simpleFarmer_HumanBody_blinn1_OcclusionRoughnessMetallic.uasset'
[2017.12.13-06.06.18:307][475]LogSavePackage: Display: Finished SavePackage ../../../../../../Users/dtlaw/Documents/GameDev/ue4project/Content/Assets/materials/humanSkinMat/simpleFarmer_HumanBody_blinn1_OcclusionRoughnessMetallic.uasset
[2017.12.13-06.06.18:896][475]LogSavePackage: Save=559.97ms
[2017.12.13-06.06.18:896][475]LogSavePackage: Moving '../../../../../../Users/dtlaw/Documents/GameDev/ue4project/Saved/simpleFarmer_pants_Mat_BaseColor7EB60AB045235E1B49C8618B5E462E80.tmp' to '../../../../../../Users/dtlaw/Documents/GameDev/ue4project/Content/Assets/materials/pantsMat/simpleFarmer_pants_Mat_BaseColor.uasset'
[2017.12.13-06.06.18:902][475]LogSavePackage: Display: Finished SavePackage ../../../../../../Users/dtlaw/Documents/GameDev/ue4project/Content/Assets/materials/pantsMat/simpleFarmer_pants_Mat_BaseColor.uasset
[2017.12.13-06.06.19:331][475]LogSavePackage: Save=399.03ms
[2017.12.13-06.06.19:331][475]LogSavePackage: Moving '../../../../../../Users/dtlaw/Documents/GameDev/ue4project/Saved/simpleFarmer_pants_Mat_Normal34819FA74202F9C1529F1FA0DD20798A.tmp' to '../../../../../../Users/dtlaw/Documents/GameDev/ue4project/Content/Assets/materials/pantsMat/simpleFarmer_pants_Mat_Normal.uasset'
[2017.12.13-06.06.19:337][475]LogSavePackage: Display: Finished SavePackage ../../../../../../Users/dtlaw/Documents/GameDev/ue4project/Content/Assets/materials/pantsMat/simpleFarmer_pants_Mat_Normal.uasset
[2017.12.13-06.06.19:679][475]LogSavePackage: Save=313.81ms
[2017.12.13-06.06.19:679][475]LogSavePackage: Moving '../../../../../../Users/dtlaw/Documents/GameDev/ue4project/Saved/simpleFarmer_pants_Mat_Occlusion21269B8B4D2E9A0C659038B065C221C5.tmp' to '../../../../../../Users/dtlaw/Documents/GameDev/ue4project/Content/Assets/materials/pantsMat/simpleFarmer_pants_Mat_OcclusionRoughnessMetallic.uasset'
[2017.12.13-06.06.19:685][475]LogSavePackage: Display: Finished SavePackage ../../../../../../Users/dtlaw/Documents/GameDev/ue4project/Content/Assets/materials/pantsMat/simpleFarmer_pants_Mat_OcclusionRoughnessMetallic.uasset
[2017.12.13-06.06.20:632][475]LogSavePackage: Save=912.53ms
[2017.12.13-06.06.20:633][475]LogSavePackage: Moving '../../../../../../Users/dtlaw/Documents/GameDev/ue4project/Saved/simpleFarmer_shirtMat_BaseColor6632288D4F9A9C3D343D89AE46928A5C.tmp' to '../../../../../../Users/dtlaw/Documents/GameDev/ue4project/Content/Assets/materials/shirtMat/simpleFarmer_shirtMat_BaseColor.uasset'
[2017.12.13-06.06.20:640][475]LogSavePackage: Display: Finished SavePackage ../../../../../../Users/dtlaw/Documents/GameDev/ue4project/Content/Assets/materials/shirtMat/simpleFarmer_shirtMat_BaseColor.uasset
[2017.12.13-06.06.21:898][475]LogSavePackage: Save=1219.40ms
[2017.12.13-06.06.21:898][475]LogSavePackage: Moving '../../../../../../Users/dtlaw/Documents/GameDev/ue4project/Saved/simpleFarmer_shirtMat_Normal47A584134D180AB90024D795FC05C4B2.tmp' to '../../../../../../Users/dtlaw/Documents/GameDev/ue4project/Content/Assets/materials/shirtMat/simpleFarmer_shirtMat_Normal.uasset'
[2017.12.13-06.06.21:906][475]LogSavePackage: Display: Finished SavePackage ../../../../../../Users/dtlaw/Documents/GameDev/ue4project/Content/Assets/materials/shirtMat/simpleFarmer_shirtMat_Normal.uasset
[2017.12.13-06.06.22:616][475]LogSavePackage: Save=678.98ms
[2017.12.13-06.06.22:616][475]LogSavePackage: Moving '../../../../../../Users/dtlaw/Documents/GameDev/ue4project/Saved/simpleFarmer_shirtMat_OcclusionR63B22F1E4DC862939DFDD48EC00EA46A.tmp' to '../../../../../../Users/dtlaw/Documents/GameDev/ue4project/Content/Assets/materials/shirtMat/simpleFarmer_shirtMat_OcclusionRoughnessMetallic.uasset'
[2017.12.13-06.06.22:623][475]LogSavePackage: Display: Finished SavePackage ../../../../../../Users/dtlaw/Documents/GameDev/ue4project/Content/Assets/materials/shirtMat/simpleFarmer_shirtMat_OcclusionRoughnessMetallic.uasset
[2017.12.13-06.06.23:083][475]LogSavePackage: Save=432.35ms
[2017.12.13-06.06.23:083][475]LogSavePackage: Moving '../../../../../../Users/dtlaw/Documents/GameDev/ue4project/Saved/simpleFarmer_shoes_Mat_BaseColor28C77A14412C63EEE7B6ACA24C683023.tmp' to '../../../../../../Users/dtlaw/Documents/GameDev/ue4project/Content/Assets/materials/shoesMat/simpleFarmer_shoes_Mat_BaseColor.uasset'
[2017.12.13-06.06.23:089][475]LogSavePackage: Display: Finished SavePackage ../../../../../../Users/dtlaw/Documents/GameDev/ue4project/Content/Assets/materials/shoesMat/simpleFarmer_shoes_Mat_BaseColor.uasset
[2017.12.13-06.06.23:670][475]LogSavePackage: Save=451.68ms
[2017.12.13-06.06.23:670][475]LogSavePackage: Moving '../../../../../../Users/dtlaw/Documents/GameDev/ue4project/Saved/simpleFarmer_shoes_Mat_Normal8A5F09834284089D076DF8A8ADC0F79B.tmp' to '../../../../../../Users/dtlaw/Documents/GameDev/ue4project/Content/Assets/materials/shoesMat/simpleFarmer_shoes_Mat_Normal.uasset'
[2017.12.13-06.06.23:677][475]LogSavePackage: Display: Finished SavePackage ../../../../../../Users/dtlaw/Documents/GameDev/ue4project/Content/Assets/materials/shoesMat/simpleFarmer_shoes_Mat_Normal.uasset
[2017.12.13-06.06.24:101][475]LogSavePackage: Save=394.31ms
[2017.12.13-06.06.24:101][475]LogSavePackage: Moving '../../../../../../Users/dtlaw/Documents/GameDev/ue4project/Saved/simpleFarmer_shoes_Mat_Occlusion6DB2CC034BA3EBFF709299B191D5CDF0.tmp' to '../../../../../../Users/dtlaw/Documents/GameDev/ue4project/Content/Assets/materials/shoesMat/simpleFarmer_shoes_Mat_OcclusionRoughnessMetallic.uasset'
[2017.12.13-06.06.24:108][475]LogSavePackage: Display: Finished SavePackage ../../../../../../Users/dtlaw/Documents/GameDev/ue4project/Content/Assets/materials/shoesMat/simpleFarmer_shoes_Mat_OcclusionRoughnessMetallic.uasset
[2017.12.13-06.06.27:141][566]AssetReimport: Reimported asset box_big from C:/Users/dtlaw/Documents/GameDev/ue4project/Content/Assets/box_big.fbx.
[2017.12.13-06.06.27:141][566]AssetReimport: Reimported asset box_small from C:/Users/dtlaw/Documents/GameDev/ue4project/Content/Assets/box_small.fbx.
[2017.12.13-06.06.27:141][566]AssetReimport: Reimported asset Grape_Sapling from C:/Users/dtlaw/Documents/GameDev/ue4project/Content/Assets/Grape_Sapling.fbx.
[2017.12.13-06.06.27:141][566]AssetReimport: Reimported asset missile from C:/Users/dtlaw/Documents/GameDev/ue4project/Content/Assets/missile.fbx.
[2017.12.13-06.06.27:141][566]AssetReimport: Reimported asset rock_1 from C:/Users/dtlaw/Documents/GameDev/ue4project/Content/Assets/rock_1.fbx.
[2017.12.13-06.06.27:141][566]AssetReimport: Reimported asset rock_2 from C:/Users/dtlaw/Documents/GameDev/ue4project/Content/Assets/rock_2.fbx.
[2017.12.13-06.06.27:141][566]AssetReimport: Reimported asset rock_3 from C:/Users/dtlaw/Documents/GameDev/ue4project/Content/Assets/rock_3.fbx.
[2017.12.13-06.06.27:141][566]AssetReimport: Importing new asset /Game/Assets/Grape_Sapling_fbm/Acer_Leaf_Two_Sided_back_backMapleLeaf.
[2017.12.13-06.06.27:141][566]AssetReimport: Importing new asset /Game/Assets/Grape_Sapling_fbm/Acer_Leaf_Two_Sided_back_backMapleLeaf_NRM.
[2017.12.13-06.06.27:141][566]AssetReimport: Importing new asset /Game/Assets/Grape_Sapling_fbm/Acer_Leaf_Two_Sided_back_G_mapleLeaf_alpha.
[2017.12.13-06.06.27:141][566]AssetReimport: Importing new asset /Game/Assets/Grape_Sapling_fbm/Acer_Leaf_Two_Sided_frontMapleLeaf.
[2017.12.13-06.06.27:141][566]AssetReimport: Importing new asset /Game/Assets/Grape_Sapling_fbm/Acer_Leaf_Two_Sided_frontMapleLeaf_NRM.
[2017.12.13-06.06.27:141][566]AssetReimport: Importing new asset /Game/Assets/Grape_Sapling_fbm/Acer_Leaf_Two_Sided_G_mapleLeaf_alpha.
[2017.12.13-06.06.27:141][566]AssetReimport: Reimported asset Acer_Leaf_Two_Sided_back_backMapleLeaf from C:/Users/dtlaw/Documents/GameDev/ue4project/Content/Assets/materials/Grape_Sapling.fbm/Acer_Leaf_Two_Sided_back_backMapleLeaf.png.
[2017.12.13-06.06.27:141][566]AssetReimport: Reimported asset Acer_Leaf_Two_Sided_back_backMapleLeaf_NRM from C:/Users/dtlaw/Documents/GameDev/ue4project/Content/Assets/materials/Grape_Sapling.fbm/Acer_Leaf_Two_Sided_back_backMapleLeaf_NRM.png.
[2017.12.13-06.06.27:141][566]AssetReimport: Reimported asset Acer_Leaf_Two_Sided_back_G_mapleLeaf_alpha from C:/Users/dtlaw/Documents/GameDev/ue4project/Content/Assets/materials/Grape_Sapling.fbm/Acer_Leaf_Two_Sided_back_G_mapleLeaf_alpha.png.
[2017.12.13-06.06.27:141][566]AssetReimport: Reimported asset Acer_Leaf_Two_Sided_frontMapleLeaf from C:/Users/dtlaw/Documents/GameDev/ue4project/Content/Assets/materials/Grape_Sapling.fbm/Acer_Leaf_Two_Sided_frontMapleLeaf.png.
[2017.12.13-06.06.27:141][566]AssetReimport: Reimported asset Acer_Leaf_Two_Sided_frontMapleLeaf_NRM from C:/Users/dtlaw/Documents/GameDev/ue4project/Content/Assets/materials/Grape_Sapling.fbm/Acer_Leaf_Two_Sided_frontMapleLeaf_NRM.png.
[2017.12.13-06.06.27:141][566]AssetReimport: Reimported asset Acer_Leaf_Two_Sided_G_mapleLeaf_alpha from C:/Users/dtlaw/Documents/GameDev/ue4project/Content/Assets/materials/Grape_Sapling.fbm/Acer_Leaf_Two_Sided_G_mapleLeaf_alpha.png.
[2017.12.13-06.06.27:141][566]AssetReimport: Reimported asset simpleFarmer_HumanBody_blinn1_BaseColor from C:/Users/dtlaw/Documents/GameDev/ue4project/Content/Assets/materials/humanSkinMat/simpleFarmer_HumanBody_blinn1_BaseColor.png.
[2017.12.13-06.06.27:141][566]AssetReimport: Reimported asset simpleFarmer_HumanBody_blinn1_Normal from C:/Users/dtlaw/Documents/GameDev/ue4project/Content/Assets/materials/humanSkinMat/simpleFarmer_HumanBody_blinn1_Normal.png.
[2017.12.13-06.06.27:141][566]AssetReimport: Reimported asset simpleFarmer_HumanBody_blinn1_OcclusionRoughnessMetallic from C:/Users/dtlaw/Documents/GameDev/ue4project/Content/Assets/materials/humanSkinMat/simpleFarmer_HumanBody_blinn1_OcclusionRoughnessMetallic.png.
[2017.12.13-06.06.27:141][566]AssetReimport: Reimported asset simpleFarmer_pants_Mat_BaseColor from C:/Users/dtlaw/Documents/GameDev/ue4project/Content/Assets/materials/pantsMat/simpleFarmer_pants Mat_BaseColor.png.
[2017.12.13-06.06.27:141][566]AssetReimport: Reimported asset simpleFarmer_pants_Mat_Normal from C:/Users/dtlaw/Documents/GameDev/ue4project/Content/Assets/materials/pantsMat/simpleFarmer_pants Mat_Normal.png.
[2017.12.13-06.06.27:141][566]AssetReimport: Reimported asset simpleFarmer_pants_Mat_OcclusionRoughnessMetallic from C:/Users/dtlaw/Documents/GameDev/ue4project/Content/Assets/materials/pantsMat/simpleFarmer_pants Mat_OcclusionRoughnessMetallic.png.
[2017.12.13-06.06.27:141][566]AssetReimport: Reimported asset simpleFarmer_shirtMat_BaseColor from C:/Users/dtlaw/Documents/GameDev/ue4project/Content/Assets/materials/shirtMat/simpleFarmer_shirtMat_BaseColor.png.
[2017.12.13-06.06.27:141][566]AssetReimport: Reimported asset simpleFarmer_shirtMat_Normal from C:/Users/dtlaw/Documents/GameDev/ue4project/Content/Assets/materials/shirtMat/simpleFarmer_shirtMat_Normal.png.
[2017.12.13-06.06.27:141][566]AssetReimport: Reimported asset simpleFarmer_shirtMat_OcclusionRoughnessMetallic from C:/Users/dtlaw/Documents/GameDev/ue4project/Content/Assets/materials/shirtMat/simpleFarmer_shirtMat_OcclusionRoughnessMetallic.png.
[2017.12.13-06.06.27:141][566]AssetReimport: Reimported asset simpleFarmer_shoes_Mat_BaseColor from C:/Users/dtlaw/Documents/GameDev/ue4project/Content/Assets/materials/shoesMat/simpleFarmer_shoes Mat_BaseColor.png.
[2017.12.13-06.06.27:141][566]AssetReimport: Reimported asset simpleFarmer_shoes_Mat_Normal from C:/Users/dtlaw/Documents/GameDev/ue4project/Content/Assets/materials/shoesMat/simpleFarmer_shoes Mat_Normal.png.
[2017.12.13-06.06.27:141][566]AssetReimport: Reimported asset simpleFarmer_shoes_Mat_OcclusionRoughnessMetallic from C:/Users/dtlaw/Documents/GameDev/ue4project/Content/Assets/materials/shoesMat/simpleFarmer_shoes Mat_OcclusionRoughnessMetallic.png.
[2017.12.13-06.06.43:643][970]SourceControl: On branch master
[2017.12.13-06.06.43:643][970]SourceControl: Your branch is up-to-date with 'origin/master'.
[2017.12.13-06.06.43:643][970]SourceControl: Changes not staged for commit:
[2017.12.13-06.06.43:643][970]SourceControl:   (use "git add <file>..." to update what will be committed)
[2017.12.13-06.06.43:643][970]SourceControl:   (use "git checkout -- <file>..." to discard changes in working directory)
[2017.12.13-06.06.43:643][970]SourceControl: 	modified:   Content/Assets/materials/Grape_Sapling_fbm/Acer_Leaf_Two_Sided_G_mapleLeaf_alpha.uasset
[2017.12.13-06.06.43:643][970]SourceControl: 	modified:   Content/Assets/materials/Grape_Sapling_fbm/Acer_Leaf_Two_Sided_back_G_mapleLeaf_alpha.uasset
[2017.12.13-06.06.43:644][970]SourceControl: 	modified:   Content/Assets/materials/Grape_Sapling_fbm/Acer_Leaf_Two_Sided_back_backMapleLeaf.uasset
[2017.12.13-06.06.43:644][970]SourceControl: 	modified:   Content/Assets/materials/Grape_Sapling_fbm/Acer_Leaf_Two_Sided_back_backMapleLeaf_NRM.uasset
[2017.12.13-06.06.43:644][970]SourceControl: 	modified:   Content/Assets/materials/Grape_Sapling_fbm/Acer_Leaf_Two_Sided_frontMapleLeaf.uasset
[2017.12.13-06.06.43:644][970]SourceControl: 	modified:   Content/Assets/materials/Grape_Sapling_fbm/Acer_Leaf_Two_Sided_frontMapleLeaf_NRM.uasset
[2017.12.13-06.06.43:644][970]SourceControl: 	modified:   Content/Assets/materials/humanSkinMat/simpleFarmer_HumanBody_blinn1_BaseColor.uasset
[2017.12.13-06.06.43:644][970]SourceControl: 	modified:   Content/Assets/materials/humanSkinMat/simpleFarmer_HumanBody_blinn1_Normal.uasset
[2017.12.13-06.06.43:644][970]SourceControl: 	modified:   Content/Assets/materials/humanSkinMat/simpleFarmer_HumanBody_blinn1_OcclusionRoughnessMetallic.uasset
[2017.12.13-06.06.43:644][970]SourceControl: 	modified:   Content/Assets/materials/pantsMat/simpleFarmer_pants_Mat_BaseColor.uasset
[2017.12.13-06.06.43:644][970]SourceControl: 	modified:   Content/Assets/materials/pantsMat/simpleFarmer_pants_Mat_Normal.uasset
[2017.12.13-06.06.43:644][970]SourceControl: 	modified:   Content/Assets/materials/pantsMat/simpleFarmer_pants_Mat_OcclusionRoughnessMetallic.uasset
[2017.12.13-06.06.43:644][970]SourceControl: 	modified:   Content/Assets/materials/shirtMat/simpleFarmer_shirtMat_BaseColor.uasset
[2017.12.13-06.06.43:644][970]SourceControl: 	modified:   Content/Assets/materials/shirtMat/simpleFarmer_shirtMat_Normal.uasset
[2017.12.13-06.06.43:644][970]SourceControl: 	modified:   Content/Assets/materials/shirtMat/simpleFarmer_shirtMat_OcclusionRoughnessMetallic.uasset
[2017.12.13-06.06.43:644][970]SourceControl: 	modified:   Content/Assets/materials/shoesMat/simpleFarmer_shoes_Mat_BaseColor.uasset
[2017.12.13-06.06.43:644][970]SourceControl: 	modified:   Content/Assets/materials/shoesMat/simpleFarmer_shoes_Mat_Normal.uasset
[2017.12.13-06.06.43:644][970]SourceControl: 	modified:   Content/Assets/materials/shoesMat/simpleFarmer_shoes_Mat_OcclusionRoughnessMetallic.uasset
[2017.12.13-06.06.43:644][970]SourceControl: 	modified:   Content/FirstPersonBP/Maps/FirstPersonExampleMap.umap
[2017.12.13-06.06.43:644][970]SourceControl: 	modified:   Content/FirstPersonBP/Maps/FirstPersonExampleMap_BuiltData.uasset
[2017.12.13-06.06.43:644][970]SourceControl: 	modified:   Intermediate/CachedAssetRegistry.bin
[2017.12.13-06.06.43:644][970]SourceControl: 	modified:   Intermediate/ReimportCache/3688439234.bin
[2017.12.13-06.06.43:645][970]SourceControl: 	modified:   Saved/Autosaves/PackageRestoreData.json
[2017.12.13-06.06.43:645][970]SourceControl: 	modified:   Saved/Logs/MyProject3.log
[2017.12.13-06.06.43:645][970]SourceControl: Untracked files:
[2017.12.13-06.06.43:645][970]SourceControl:   (use "git add <file>..." to include in what will be committed)
[2017.12.13-06.06.43:645][970]SourceControl: 	Content/Assets/Grape_Sapling_fbm/
[2017.12.13-06.06.43:645][970]SourceControl: no changes added to commit (use "git add" and/or "git commit -a")
[2017.12.13-06.06.50:002][314]SourceControl: fatal: C:/Program Files/Epic Games/UE_4.18/Engine/Content/: 'C:/Program Files/Epic Games/UE_4.18/Engine/Content/' is outside repository
[2017.12.13-06.06.50:224][314]EditorErrors: Warning: No assets to check in!
