Log file open, 12/02/17 00:15:04
LogInit:Display: Running engine for game: MyProject3
LogPlatformFile: Not using cached read wrapper
LogInit:Display: RandInit(276766644) SRandInit(276766644).
LogTaskGraph: Started task graph with 5 named threads and 8 total threads with 1 sets of task threads.
LogStats: Stats thread started at 0.091524
LogInit: Using libcurl 7.47.1
LogInit:  - built for x86_64-pc-win32
LogInit:  - supports SSL with OpenSSL/1.0.2g
LogInit:  - supports HTTP deflate (compression) using libz 1.2.8
LogInit:  - other features:
LogInit:      CURL_VERSION_SSL
LogInit:      CURL_VERSION_LIBZ
LogInit:      CURL_VERSION_IPV6
LogInit:      CURL_VERSION_ASYNCHDNS
LogInit:      CURL_VERSION_LARGEFILE
LogInit:      CURL_VERSION_IDN
LogInit:  CurlRequestOptions (configurable via config and command line):
LogInit:  - bVerifyPeer = false  - Libcurl will NOT verify peer certificate
LogInit:  - bUseHttpProxy = false  - Libcurl will NOT use HTTP proxy
LogInit:  - bDontReuseConnections = false  - Libcurl will reuse connections
LogInit:  - CertBundlePath = nullptr  - Libcurl will use whatever was configured at build time.
LogInit: Build: ++UE4+Release-4.16-CL-3561208
LogInit: Engine Version: 4.16.3-3561208+++UE4+Release-4.16
LogInit: Compatible Engine Version: 4.16.0-3452394+++UE4+Release-4.16
LogInit: Net CL: 3452394
LogDevObjectVersion: Number of dev versions registered: 16
LogDevObjectVersion:   Dev-Blueprints (B0D832E4-1F89-4F0D-ACCF-7EB736FD4AA2): 9
LogDevObjectVersion:   Dev-Build (E1C64328-A22C-4D53-A36C-8E866417BD8C): 0
LogDevObjectVersion:   Dev-Core (375EC13C-06E4-48FB-B500-84F0262A717E): 2
LogDevObjectVersion:   Dev-Editor (E4B068ED-F494-42E9-A231-DA0B2E46BB41): 17
LogDevObjectVersion:   Dev-Framework (CFFC743F-43B0-4480-9391-14DF171D2073): 23
LogDevObjectVersion:   Dev-Mobile (B02B49B5-BB20-44E9-A304-32B752E40360): 0
LogDevObjectVersion:   Dev-Networking (A4E4105C-59A1-49B5-A7C5-40C4547EDFEE): 0
LogDevObjectVersion:   Dev-Online (39C831C9-5AE6-47DC-9A44-9C173E1C8E7C): 0
LogDevObjectVersion:   Dev-Physics (78F01B33-EBEA-4F98-B9B4-84EACCB95AA2): 0
LogDevObjectVersion:   Dev-Platform (6631380F-2D4D-43E0-8009-CF276956A95A): 0
LogDevObjectVersion:   Dev-Rendering (12F88B9F-8875-4AFC-A67C-D90C383ABD29): 15
LogDevObjectVersion:   Dev-Sequencer (7B5AE74C-D270-4C10-A958-57980B212A5A): 4
LogDevObjectVersion:   Dev-VR (D7296918-1DD6-4BDD-9DE2-64A83CC13884): 0
LogDevObjectVersion:   Dev-LoadTimes (C2A15278-BFE7-4AFE-6C17-90FF531DF755): 1
LogDevObjectVersion:   Private-Geometry (6EACA3D4-40EC-4CC1-B786-8BED09428FC5): 1
LogDevObjectVersion:   Dev-AnimPhys (29E575DD-E0A3-4627-9D10-D276232CDCEA): 3
LogInit: Compiled (64-bit): Jul 28 2017 11:49:47
LogInit: Compiled with Visual C++: 19.00.24215.01
LogInit: Build Configuration: Development
LogInit: Branch Name: ++UE4+Release-4.16
LogInit: Command line: -EpicPortal 
LogInit: Base directory: C:/Program Files/Epic Games/UE_4.16/Engine/Binaries/Win64/
LogInit: Installed Engine Build: 1
LogInit: Presizing for max 8388607 objects, including 0 objects not considered by GC, pre-allocating 0 bytes for permanent pool.
LogInit: Object subsystem initialized
[2017.12.02-05.15.05:294][  0]LogInit: Selected Device Profile: [Windows]
[2017.12.02-05.15.05:294][  0]LogInit: Applying CVar settings loaded from the selected device profile: [Windows]
[2017.12.02-05.15.05:313][  0]LogInit: Computer: DESKTOP-F5R04J0
[2017.12.02-05.15.05:313][  0]LogInit: User: ChristopherChen
[2017.12.02-05.15.05:313][  0]LogInit: CPU Page size=4096, Cores=4
[2017.12.02-05.15.05:313][  0]LogInit: High frequency timer resolution =2.435778 MHz
[2017.12.02-05.15.05:313][  0]LogMemory: Memory total: Physical=15.9GB (16GB approx)
[2017.12.02-05.15.05:313][  0]LogMemory: Platform Memory Stats for Windows
[2017.12.02-05.15.05:313][  0]LogMemory: Process Physical Memory: 274.00 MB used, 274.00 MB peak
[2017.12.02-05.15.05:313][  0]LogMemory: Process Virtual Memory: 260.99 MB used, 260.99 MB peak
[2017.12.02-05.15.05:313][  0]LogMemory: Physical Memory: 7182.87 MB used,  9113.41 MB free, 16296.27 MB total
[2017.12.02-05.15.05:313][  0]LogMemory: Virtual Memory: 638.47 MB used,  9113.41 MB free, 134217728.00 MB total
[2017.12.02-05.15.05:416][  0]LogInit: Using OS detected language (en-US).
[2017.12.02-05.15.05:416][  0]LogInit: Using OS detected locale (en-US).
[2017.12.02-05.15.05:419][  0]LogTextLocalizationManager: No specific localization for 'en-US' exists, so the 'en' localization will be used.
[2017.12.02-05.15.06:361][  0]LogD3D11RHI: D3D11 adapters:
[2017.12.02-05.15.06:407][  0]LogD3D11RHI:    0. 'NVIDIA GeForce GTX 860M' (Feature Level 11_0)
[2017.12.02-05.15.06:407][  0]LogD3D11RHI:       4065/0/8148 MB DedicatedVideo/DedicatedSystem/SharedSystem, Outputs:2, VendorId:0x10de
[2017.12.02-05.15.06:412][  0]LogD3D11RHI:    1. 'Intel(R) HD Graphics 4600' (Feature Level 11_0)
[2017.12.02-05.15.06:412][  0]LogD3D11RHI:       112/0/2048 MB DedicatedVideo/DedicatedSystem/SharedSystem, Outputs:0, VendorId:0x8086
[2017.12.02-05.15.06:413][  0]LogD3D11RHI:    2. 'Microsoft Basic Render Driver' (Feature Level 11_0)
[2017.12.02-05.15.06:413][  0]LogD3D11RHI:       0/0/8148 MB DedicatedVideo/DedicatedSystem/SharedSystem, Outputs:0, VendorId:0x1414
[2017.12.02-05.15.06:413][  0]LogD3D11RHI: Chosen D3D11 Adapter: 0
[2017.12.02-05.15.06:419][  0]LogD3D11RHI: Creating new Direct3DDevice
[2017.12.02-05.15.06:419][  0]LogD3D11RHI:     GPU DeviceId: 0x1392 (for the marketing name, search the web for "GPU Device Id")
[2017.12.02-05.15.06:419][  0]LogWindows: EnumDisplayDevices:
[2017.12.02-05.15.06:419][  0]LogWindows:    0. 'Intel(R) HD Graphics 4600' (P:0 D:1)
[2017.12.02-05.15.06:420][  0]LogWindows:    1. 'Intel(R) HD Graphics 4600' (P:1 D:1)
[2017.12.02-05.15.06:420][  0]LogWindows:    2. 'Intel(R) HD Graphics 4600' (P:0 D:0)
[2017.12.02-05.15.06:420][  0]LogWindows: DebugString: PrimaryIsNotTheChoosenAdapter PrimaryIsNotTheChoosenAdapter PrimaryIsNotTheChoosenAdapter FoundDriverCount:0 
[2017.12.02-05.15.06:420][  0]LogD3D11RHI:     Adapter Name: NVIDIA GeForce GTX 860M
[2017.12.02-05.15.06:420][  0]LogD3D11RHI:   Driver Version: Unknown (internal:Unknown, unified:Unknown)
[2017.12.02-05.15.06:420][  0]LogD3D11RHI:      Driver Date: Unknown
[2017.12.02-05.15.06:420][  0]LogRHI: Texture pool is 1361 MB (70% of 1945 MB)
[2017.12.02-05.15.06:446][  0]LogD3D11RHI: Async texture creation enabled
[2017.12.02-05.15.06:458][  0]LogD3D11RHI: GPU Timing Frequency: 1000.000000 (Debug: 2 1)
[2017.12.02-05.15.06:459][  0]LogShaderCompilers: Guid format shader working directory is -21 characters bigger than the processId version (../../../../../../Users/Christopher Chen/Documents/Unreal Projects/MyProject3/Intermediate/Shaders/WorkingDirectory/17036/).
[2017.12.02-05.15.06:459][  0]LogShaderCompilers: Cleaned the shader compiler working directory 'C:/Users/Christopher Chen/AppData/Local/Temp/UnrealShaderWorkingDir/10C16F4048BB8CAADD2244B95A642DDA/'.
[2017.12.02-05.15.06:459][  0]LogShaderCompilers:Display: Using Local Shader Compiler.
[2017.12.02-05.15.07:577][  0]LogTemp:Display: Loaded TP AllDesktopTargetPlatform
[2017.12.02-05.15.07:665][  0]LogTemp:Display: Loaded TP MacClientTargetPlatform
[2017.12.02-05.15.07:752][  0]LogTemp:Display: Loaded TP MacNoEditorTargetPlatform
[2017.12.02-05.15.07:841][  0]LogTemp:Display: Loaded TP MacServerTargetPlatform
[2017.12.02-05.15.07:929][  0]LogTemp:Display: Loaded TP MacTargetPlatform
[2017.12.02-05.15.08:018][  0]LogTemp:Display: Loaded TP WindowsClientTargetPlatform
[2017.12.02-05.15.08:106][  0]LogTemp:Display: Loaded TP WindowsNoEditorTargetPlatform
[2017.12.02-05.15.08:195][  0]LogTemp:Display: Loaded TP WindowsServerTargetPlatform
[2017.12.02-05.15.08:276][  0]LogTemp:Display: Loaded TP WindowsTargetPlatform
[2017.12.02-05.15.08:364][  0]LogTemp:Display: Loaded TP AndroidTargetPlatform
[2017.12.02-05.15.08:453][  0]LogTemp:Display: Loaded TP Android_ASTCTargetPlatform
[2017.12.02-05.15.08:540][  0]LogTemp:Display: Loaded TP Android_ATCTargetPlatform
[2017.12.02-05.15.08:627][  0]LogTemp:Display: Loaded TP Android_DXTTargetPlatform
[2017.12.02-05.15.08:716][  0]LogTemp:Display: Loaded TP Android_ETC1TargetPlatform
[2017.12.02-05.15.08:807][  0]LogTemp:Display: Loaded TP Android_ETC2TargetPlatform
[2017.12.02-05.15.08:988][  0]LogTemp:Display: Loaded TP Android_MultiTargetPlatform
[2017.12.02-05.15.08:988][  0]LogTemp:Display: Loaded TP Android_PVRTCTargetPlatform
[2017.12.02-05.15.09:066][  0]LogTemp:Display: Loaded TP HTML5TargetPlatform
[2017.12.02-05.15.09:223][  0]LogTemp:Display: Loaded TP IOSTargetPlatform
[2017.12.02-05.15.09:276][  0]LogTemp:Display: Loaded TP TVOSTargetPlatform
[2017.12.02-05.15.09:362][  0]LogTemp:Display: Loaded TP LinuxClientTargetPlatform
[2017.12.02-05.15.09:450][  0]LogTemp:Display: Loaded TP LinuxNoEditorTargetPlatform
[2017.12.02-05.15.09:541][  0]LogTemp:Display: Loaded TP LinuxServerTargetPlatform
[2017.12.02-05.15.09:629][  0]LogTemp:Display: Loaded TP LinuxTargetPlatform
[2017.12.02-05.15.09:629][  0]LogTargetPlatformManager:Display: Building Assets For Windows
[2017.12.02-05.15.10:553][  0]LogDerivedDataCache:Display: Max Cache Size: 512 MB
[2017.12.02-05.15.10:670][  0]LogDerivedDataCache: Loaded boot cache 0.12s 90MB C:/Users/Christopher Chen/AppData/Local/UnrealEngine/4.16/DerivedDataCache/Boot.ddc.
[2017.12.02-05.15.10:670][  0]LogDerivedDataCache:Display: Loaded Boot cache: C:/Users/Christopher Chen/AppData/Local/UnrealEngine/4.16/DerivedDataCache/Boot.ddc
[2017.12.02-05.15.10:670][  0]LogDerivedDataCache: FDerivedDataBackendGraph:  Pak pak cache file ../../../../../../Users/Christopher Chen/Documents/Unreal Projects/MyProject3/DerivedDataCache/DDC.ddp not found, will not use a pak cache.
[2017.12.02-05.15.10:670][  0]LogDerivedDataCache: Unable to find inner node Pak for hierarchical cache Hierarchy.
[2017.12.02-05.15.10:670][  0]LogDerivedDataCache: FDerivedDataBackendGraph:  CompressedPak pak cache file ../../../../../../Users/Christopher Chen/Documents/Unreal Projects/MyProject3/DerivedDataCache/Compressed.ddp not found, will not use a pak cache.
[2017.12.02-05.15.10:670][  0]LogDerivedDataCache: Unable to find inner node CompressedPak for hierarchical cache Hierarchy.
[2017.12.02-05.15.10:692][  0]LogDerivedDataCache:Display: Pak cache opened for reading ../../../Engine/DerivedDataCache/Compressed.ddp.
[2017.12.02-05.15.10:704][  0]LogDerivedDataCache: Using Local data cache path C:/Users/Christopher Chen/AppData/Local/UnrealEngine/Common/DerivedDataCache: Writable
[2017.12.02-05.15.10:717][  0]LogMaterial: Verifying Global Shaders for PCD3D_SM5
[2017.12.02-05.15.10:718][  0]LogSlate: Using Freetype 2.6.0
[2017.12.02-05.15.10:718][  0]LogSlate: SlateFontCache - WITH_FREETYPE: 1, WITH_HARFBUZZ: 1
[2017.12.02-05.15.10:718][  0]LogSlate: SlateFontCache - WITH_FREETYPE: 1, WITH_HARFBUZZ: 1
[2017.12.02-05.15.11:178][  0]LogInit: Selected Device Profile: [Windows]
[2017.12.02-05.15.11:272][  0]LogContentStreaming: Texture pool size is 0.00 MB
[2017.12.02-05.15.11:533][  0]LogMeshUtilities: Using QuadricMeshReduction for automatic static mesh reduction
[2017.12.02-05.15.11:616][  0]LogSimplygon: Simplygon DLL not present - disabling.
[2017.12.02-05.15.11:700][  0]LogMeshUtilities: Using SimplygonSwarm for distributed automatic mesh merging
[2017.12.02-05.15.11:700][  0]LogMeshUtilities: No automatic skeletal mesh reduction module available
[2017.12.02-05.15.11:700][  0]LogMeshUtilities: No automatic mesh merging module available
[2017.12.02-05.15.12:516][  0]LogNetVersion: MyProject3 , NetCL: 3452394, EngineNetVer: 2, GameNetVer: 0 (Checksum: 3387135090)
[2017.12.02-05.15.12:602][  0]LogAssetRegistry: FAssetRegistry took 0.0271 seconds to start up
[2017.12.02-05.15.12:701][  0]LogPackageLocalizationCache: Processed 4 localized package path(s) for 2 prioritized culture(s) in 0.052181 seconds
[2017.12.02-05.15.12:708][  0]LogUObjectArray: 34194 objects as part of root set at end of initial load.
[2017.12.02-05.15.12:708][  0]LogUObjectAllocator: 7260416 out of 0 bytes used by permanent object pool.
[2017.12.02-05.15.12:708][  0]LogUObjectArray: CloseDisregardForGC: 0/0 objects in disregard for GC pool
[2017.12.02-05.15.12:840][  0]LogInit: WinSock: version 1.1 (2.2), MaxSocks=32767, MaxUdp=65467
[2017.12.02-05.15.16:718][  0]LogTcpMessaging: Initializing TcpMessaging bridge
[2017.12.02-05.15.16:783][  0]LogUdpMessaging: Initializing bridge on interface 0.0.0.0:0 to multicast group 230.0.0.1:6666.
[2017.12.02-05.15.17:641][  0]LogMaterial: Uniform references updated for custom material expression Custom.
[2017.12.02-05.15.18:323][  0]SourceControl: Info Source control is disabled
[2017.12.02-05.15.18:363][  0]SourceControl: Info Source control is disabled
[2017.12.02-05.15.18:449][  0]SourceControl: Info Source control is disabled
[2017.12.02-05.15.18:531][  0]SourceControl: Info Source control is disabled
[2017.12.02-05.15.19:780][  0]LogAndroidPermission: UAndroidPermissionCallbackProxy::GetInstance
[2017.12.02-05.15.20:824][  0]LogEngine: Initializing Engine...
[2017.12.02-05.15.20:825][  0]LogHMD: Failed to initialize OpenVR with code 110
[2017.12.02-05.15.21:075][  0]LogStats: UGameplayTagsManager::ConstructGameplayTagTree: Construct from data asset -  0.000 s
[2017.12.02-05.15.21:075][  0]LogStats: UGameplayTagsManager::ConstructGameplayTagTree: GameplayTagTreeChangedEvent.Broadcast -  0.000 s
[2017.12.02-05.15.21:316][  0]LogAIModule: Creating AISystem for world Untitled
[2017.12.02-05.15.21:327][  0]LogInit: XAudio2 using 'Speakers (High Definition Audio Device)' : 2 channels at 48 kHz using 16 bits per sample (channel mask 0x3)
[2017.12.02-05.15.21:341][  0]LogInit: FAudioDevice initialized.
[2017.12.02-05.15.21:402][  0]LogDerivedDataCache: Saved boot cache 0.06s 90MB C:/Users/Christopher Chen/AppData/Local/UnrealEngine/4.16/DerivedDataCache/Boot.ddc.
[2017.12.02-05.15.21:413][  0]LogInit: Texture streaming: Enabled
[2017.12.02-05.15.21:599][  0]LogEngineSessionManager: EngineSessionManager initialized
[2017.12.02-05.15.22:006][  0]LogInit: Transaction tracking system initialized
[2017.12.02-05.15.22:612][  0]BlueprintLog: New page: Editor Load
[2017.12.02-05.15.24:371][  0]LocalizationService: Info Localization service is disabled
[2017.12.02-05.15.25:994][  0]LogConsoleResponse:Display: 
[2017.12.02-05.15.26:217][  0]LogCook:Display: Max memory allowance for cook 16384mb min free memory 0mb
[2017.12.02-05.15.26:217][  0]LogCook:Display: Mobile HDR setting 1
[2017.12.02-05.15.26:482][  0]LogFileCache: Scanning file cache for directory 'C:/Users/Christopher Chen/Documents/Unreal Projects/MyProject3/Content/' took 0.02s
[2017.12.02-05.15.28:123][  0]SourceControl: Info Source control is disabled
[2017.12.02-05.15.28:123][  0]Cmd: MAP LOAD FILE="../../../../../../Users/Christopher Chen/Documents/Unreal Projects/MyProject3/Content/FirstPersonBP/Maps/FirstPersonExampleMap.umap" TEMPLATE=0 SHOWPROGRESS=1 FEATURELEVEL=3
[2017.12.02-05.15.28:124][  0]LightingResults: New page: Lighting Build
[2017.12.02-05.15.28:207][  0]MapCheck: New page: Map Check
[2017.12.02-05.15.28:207][  0]LightingResults: New page: Lighting Build
[2017.12.02-05.15.28:913][  0]LogAIModule: Creating AISystem for world FirstPersonExampleMap
[2017.12.02-05.15.28:933][  0]LogEditorServer: Finished looking for orphan Actors (0.000 secs)
[2017.12.02-05.15.28:953][  0]Cmd: MAP CHECKDEP NOCLEARLOG
[2017.12.02-05.15.29:024][  0]MapCheck: Info Map check complete: 0 Error(s), 0 Warning(s), took 71.089ms to complete.
[2017.12.02-05.15.29:024][  0]LogFileHelpers: Loading map 'FirstPersonExampleMap' took 0.901
[2017.12.02-05.15.29:299][  0]LogCollectionManager: Loaded 0 collections in 0.001833 seconds
[2017.12.02-05.15.29:446][  0]LogFileCache: Scanning file cache for directory 'C:/Users/Christopher Chen/Documents/Unreal Projects/MyProject3/Saved/Collections/' took 0.01s
[2017.12.02-05.15.29:446][  0]LogFileCache: Scanning file cache for directory 'C:/Users/Christopher Chen/Documents/Unreal Projects/MyProject3/Content/Developers/ChristopherChen/Collections/' took 0.01s
[2017.12.02-05.15.29:446][  0]LogFileCache: Scanning file cache for directory 'C:/Users/Christopher Chen/Documents/Unreal Projects/MyProject3/Content/Collections/' took 0.01s
[2017.12.02-05.15.29:446][  0]LogCollectionManager: Rebuilt the GUID cache for 0 collections in 0.000002 seconds
[2017.12.02-05.15.29:462][  0]LogContentBrowser: Native class hierarchy populated in 0.0132 seconds. Added 2329 classes and 491 folders.
[2017.12.02-05.15.29:601][  0]LogContentBrowser: Native class hierarchy updated for 'WidgetCarousel' in 0.0007 seconds. Added 0 classes and 0 folders.
[2017.12.02-05.15.30:159][  0]LogContentBrowser: Native class hierarchy updated for 'AddContentDialog' in 0.0008 seconds. Added 0 classes and 0 folders.
[2017.12.02-05.15.30:246][  0]LogContentBrowser: Native class hierarchy updated for 'SceneOutliner' in 0.0008 seconds. Added 1 classes and 2 folders.
[2017.12.02-05.15.30:359][  0]LogCrashTracker: Crashtracker disabled due to settings.
[2017.12.02-05.15.30:376][  0]LogSlate: Took 0.000227 seconds to synchronously load lazily loaded font '../../../Engine/Content/Slate/Fonts/Roboto-Regular.ttf' (155K)
[2017.12.02-05.15.30:379][  0]LogSlate: Took 0.000200 seconds to synchronously load lazily loaded font '../../../Engine/Content/Slate/Fonts/Roboto-Bold.ttf' (160K)
[2017.12.02-05.15.30:395][  0]LogSlate: Took 0.007306 seconds to synchronously load lazily loaded font '../../../Engine/Content/Editor/Slate/Fonts/FontAwesome.ttf' (139K)
[2017.12.02-05.15.30:641][  0]LogRenderer: Reallocating scene render targets to support 1076x576 NumSamples 1 (Frame:1).
[2017.12.02-05.15.30:823][  0]LogUObjectGlobals:Warning: Failed to find object 'Class None.'
[2017.12.02-05.15.30:926][  0]LogContentBrowser: Native class hierarchy updated for 'HierarchicalLODOutliner' in 0.0008 seconds. Added 1 classes and 2 folders.
[2017.12.02-05.15.30:926][  0]LogLoad: (Engine Initialization) Total time: 27.43 seconds
[2017.12.02-05.15.30:926][  0]LogLoad: (Engine Initialization) Total Blueprint compile time: 0.24 seconds
[2017.12.02-05.15.30:926][  0]LogExternalProfiler: Found external profiler: VSPerf
[2017.12.02-05.15.30:926][  0]LogExternalProfiler: Using external profiler: VSPerf
[2017.12.02-05.15.31:265][  0]LogOcInput: OculusInput pre-init called
[2017.12.02-05.15.31:265][  0]LogHMD: Starting GearVRController plugin
[2017.12.02-05.15.31:288][  0]LogContentStreaming: Texture pool size now 400 MB
[2017.12.02-05.15.31:350][  0]LogSlate: Took 0.006688 seconds to synchronously load lazily loaded font '../../../Engine/Content/Slate/Fonts/Roboto-Light.ttf' (159K)
[2017.12.02-05.15.31:613][  1]LogAssetRegistry: Asset discovery search completed in 19.0326 seconds
[2017.12.02-05.15.31:615][  1]LogCollectionManager: Rebuilt the object cache for 0 collections in 0.000001 seconds (found 0 objects)
[2017.12.02-05.15.31:615][  1]LogCollectionManager: Fixed up redirectors for 0 collections in 0.000028 seconds (updated 0 objects)
[2017.12.02-05.15.32:267][  3]LogSlate: Took 0.000240 seconds to synchronously load lazily loaded font '../../../Engine/Content/Slate/Fonts/Roboto-Light.ttf' (159K)
[2017.12.02-05.19.56:654][888]LogEditorViewport: Clicking on Actor (context menu): StaticMeshActor (Floor)
[2017.12.02-05.19.57:951][888]LogEditorViewport: Clicking on Actor (context menu): StaticMeshActor (EditorCube16)
[2017.12.02-05.26.44:860][688]LogTemp: Repeting last play command: Selected Viewport
[2017.12.02-05.26.44:920][688]LogBlueprintUserMessages: Early PlayInEditor Detection: Level '/Game/FirstPersonBP/Maps/FirstPersonExampleMap.FirstPersonExampleMap:PersistentLevel' has LevelScriptBlueprint '/Game/FirstPersonBP/Maps/FirstPersonExampleMap.FirstPersonExampleMap:PersistentLevel.FirstPersonExampleMap' with GeneratedClass '/Game/FirstPersonBP/Maps/FirstPersonExampleMap.FirstPersonExampleMap_C' with ClassGeneratedBy '/Game/FirstPersonBP/Maps/FirstPersonExampleMap.FirstPersonExampleMap:PersistentLevel.FirstPersonExampleMap'
[2017.12.02-05.26.44:921][688]LogPlayLevel: PlayLevel: No blueprints needed recompiling
[2017.12.02-05.26.44:926][688]PIE: New page: PIE session: FirstPersonExampleMap (Dec 1, 2017, 7:26:44 PM)
[2017.12.02-05.26.44:926][688]LogPlayLevel: Creating play world package: /Game/FirstPersonBP/Maps/UEDPIE_0_FirstPersonExampleMap
[2017.12.02-05.26.44:986][688]LogPlayLevel: PIE: StaticDuplicateObject took: (0.060340s)
[2017.12.02-05.26.44:987][688]LogAIModule: Creating AISystem for world FirstPersonExampleMap
[2017.12.02-05.26.44:988][688]LogPlayLevel: PIE: World Init took: (0.001134s)
[2017.12.02-05.26.44:989][688]LogPlayLevel: PIE: Created PIE world by copying editor world from /Game/FirstPersonBP/Maps/FirstPersonExampleMap.FirstPersonExampleMap to /Game/FirstPersonBP/Maps/UEDPIE_0_FirstPersonExampleMap.FirstPersonExampleMap (0.063046s)
[2017.12.02-05.26.45:012][688]LogInit: XAudio2 using 'Speakers (High Definition Audio Device)' : 2 channels at 48 kHz using 16 bits per sample (channel mask 0x3)
[2017.12.02-05.26.45:018][688]LogInit: FAudioDevice initialized.
[2017.12.02-05.26.45:065][688]LogLoad: Game class is 'FirstPersonGameMode_C'
[2017.12.02-05.26.45:078][688]LogWorld: Bringing World /Game/FirstPersonBP/Maps/UEDPIE_0_FirstPersonExampleMap.FirstPersonExampleMap up for play (max tick rate 60) at 2017.12.02-00.26.45
[2017.12.02-05.26.45:082][688]LogWorld: Bringing up level for play took: 0.005692
[2017.12.02-05.26.45:247][688]LogContentBrowser: Native class hierarchy updated for 'MovieSceneCapture' in 0.0006 seconds. Added 11 classes and 0 folders.
[2017.12.02-05.26.45:251][688]PIE: Info Play in editor start time for /Game/FirstPersonBP/Maps/UEDPIE_0_FirstPersonExampleMap -0.121
[2017.12.02-05.26.45:252][688]LogBlueprintUserMessages: Late PlayInEditor Detection: Level '/Game/FirstPersonBP/Maps/FirstPersonExampleMap.FirstPersonExampleMap:PersistentLevel' has LevelScriptBlueprint '/Game/FirstPersonBP/Maps/FirstPersonExampleMap.FirstPersonExampleMap:PersistentLevel.FirstPersonExampleMap' with GeneratedClass '/Game/FirstPersonBP/Maps/FirstPersonExampleMap.FirstPersonExampleMap_C' with ClassGeneratedBy '/Game/FirstPersonBP/Maps/FirstPersonExampleMap.FirstPersonExampleMap:PersistentLevel.FirstPersonExampleMap'
[2017.12.02-05.26.48:823][898]LogBlueprintUserMessages: Early EndPlayMap Detection: Level '/Game/FirstPersonBP/Maps/FirstPersonExampleMap.FirstPersonExampleMap:PersistentLevel' has LevelScriptBlueprint '/Game/FirstPersonBP/Maps/FirstPersonExampleMap.FirstPersonExampleMap:PersistentLevel.FirstPersonExampleMap' with GeneratedClass '/Game/FirstPersonBP/Maps/FirstPersonExampleMap.FirstPersonExampleMap_C' with ClassGeneratedBy '/Game/FirstPersonBP/Maps/FirstPersonExampleMap.FirstPersonExampleMap:PersistentLevel.FirstPersonExampleMap'
[2017.12.02-05.26.48:945][898]LogBlueprintUserMessages: Late EndPlayMap Detection: Level '/Game/FirstPersonBP/Maps/FirstPersonExampleMap.FirstPersonExampleMap:PersistentLevel' has LevelScriptBlueprint '/Game/FirstPersonBP/Maps/FirstPersonExampleMap.FirstPersonExampleMap:PersistentLevel.FirstPersonExampleMap' with GeneratedClass '/Game/FirstPersonBP/Maps/FirstPersonExampleMap.FirstPersonExampleMap_C' with ClassGeneratedBy '/Game/FirstPersonBP/Maps/FirstPersonExampleMap.FirstPersonExampleMap:PersistentLevel.FirstPersonExampleMap'
[2017.12.02-05.29.07:282][ 70]LogSlate: Took 0.034555 seconds to synchronously load lazily loaded font '../../../Engine/Content/Editor/Slate/Fonts/Roboto-Italic.ttf' (157K)
[2017.12.02-06.35.10:293][659]LogSlate: Took 0.006263 seconds to synchronously load lazily loaded font '../../../Engine/Content/Slate/Fonts/Roboto-Light.ttf' (159K)
[2017.12.02-06.35.10:946][659]LogContentBrowser: Native class hierarchy updated for 'BlueprintGraph' in 0.0012 seconds. Added 112 classes and 0 folders.
[2017.12.02-06.35.11:819][659]LogSlate: Took 0.005960 seconds to synchronously load lazily loaded font '../../../Engine/Content/Editor/Slate/Fonts/Roboto-BoldCondensed.ttf' (158K)
[2017.12.02-06.35.35:676][791]BlueprintLog: New page: Compile food_blueprint
[2017.12.02-06.35.36:264][814]Cmd: OBJ SAVEPACKAGE PACKAGE="/Game/New_Stuff/food_blueprint" FILE="../../../../../../Users/Christopher Chen/Documents/Unreal Projects/MyProject3/Content/New_Stuff/food_blueprint.uasset" SILENT=true
[2017.12.02-06.35.36:323][814]LogSavePackage: Save=38.23ms
[2017.12.02-06.35.36:323][814]LogSavePackage: Moving '../../../../../../Users/Christopher Chen/Documents/Unreal Projects/MyProject3/Saved/food_blueprintEE3C3C5C4EB46D4F35AD41845A13C336.tmp' to '../../../../../../Users/Christopher Chen/Documents/Unreal Projects/MyProject3/Content/New_Stuff/food_blueprint.uasset'
[2017.12.02-06.35.36:330][814]LogSavePackage:Display: Finished SavePackage ../../../../../../Users/Christopher Chen/Documents/Unreal Projects/MyProject3/Content/New_Stuff/food_blueprint.uasset
[2017.12.02-06.35.43:948][ 59]LogTemp: Repeting last play command: Selected Viewport
[2017.12.02-06.35.43:978][ 59]LogBlueprintUserMessages: Early PlayInEditor Detection: Level '/Game/FirstPersonBP/Maps/FirstPersonExampleMap.FirstPersonExampleMap:PersistentLevel' has LevelScriptBlueprint '/Game/FirstPersonBP/Maps/FirstPersonExampleMap.FirstPersonExampleMap:PersistentLevel.FirstPersonExampleMap' with GeneratedClass '/Game/FirstPersonBP/Maps/FirstPersonExampleMap.FirstPersonExampleMap_C' with ClassGeneratedBy '/Game/FirstPersonBP/Maps/FirstPersonExampleMap.FirstPersonExampleMap:PersistentLevel.FirstPersonExampleMap'
[2017.12.02-06.35.43:978][ 59]LogPlayLevel: PlayLevel: No blueprints needed recompiling
[2017.12.02-06.35.43:978][ 59]PIE: New page: PIE session: FirstPersonExampleMap (Dec 1, 2017, 8:35:43 PM)
[2017.12.02-06.35.43:978][ 59]LogPlayLevel: Creating play world package: /Game/FirstPersonBP/Maps/UEDPIE_0_FirstPersonExampleMap
[2017.12.02-06.35.44:002][ 59]LogPlayLevel: PIE: StaticDuplicateObject took: (0.023374s)
[2017.12.02-06.35.44:003][ 59]LogAIModule: Creating AISystem for world FirstPersonExampleMap
[2017.12.02-06.35.44:003][ 59]LogPlayLevel: PIE: World Init took: (0.000856s)
[2017.12.02-06.35.44:003][ 59]LogPlayLevel: PIE: Created PIE world by copying editor world from /Game/FirstPersonBP/Maps/FirstPersonExampleMap.FirstPersonExampleMap to /Game/FirstPersonBP/Maps/UEDPIE_0_FirstPersonExampleMap.FirstPersonExampleMap (0.024509s)
[2017.12.02-06.35.44:030][ 59]LogInit: XAudio2 using 'Speakers (High Definition Audio Device)' : 2 channels at 48 kHz using 16 bits per sample (channel mask 0x3)
[2017.12.02-06.35.44:037][ 59]LogInit: FAudioDevice initialized.
[2017.12.02-06.35.44:069][ 59]LogLoad: Game class is 'FirstPersonGameMode_C'
[2017.12.02-06.35.44:072][ 59]LogWorld: Bringing World /Game/FirstPersonBP/Maps/UEDPIE_0_FirstPersonExampleMap.FirstPersonExampleMap up for play (max tick rate 60) at 2017.12.02-01.35.44
[2017.12.02-06.35.44:073][ 59]LogWorld: Bringing up level for play took: 0.002189
[2017.12.02-06.35.44:074][ 59]PIE: Info Play in editor start time for /Game/FirstPersonBP/Maps/UEDPIE_0_FirstPersonExampleMap 0.701
[2017.12.02-06.35.44:074][ 59]LogBlueprintUserMessages: Late PlayInEditor Detection: Level '/Game/FirstPersonBP/Maps/FirstPersonExampleMap.FirstPersonExampleMap:PersistentLevel' has LevelScriptBlueprint '/Game/FirstPersonBP/Maps/FirstPersonExampleMap.FirstPersonExampleMap:PersistentLevel.FirstPersonExampleMap' with GeneratedClass '/Game/FirstPersonBP/Maps/FirstPersonExampleMap.FirstPersonExampleMap_C' with ClassGeneratedBy '/Game/FirstPersonBP/Maps/FirstPersonExampleMap.FirstPersonExampleMap:PersistentLevel.FirstPersonExampleMap'
[2017.12.02-06.35.47:904][287]LogBlueprintUserMessages: Early EndPlayMap Detection: Level '/Game/FirstPersonBP/Maps/FirstPersonExampleMap.FirstPersonExampleMap:PersistentLevel' has LevelScriptBlueprint '/Game/FirstPersonBP/Maps/FirstPersonExampleMap.FirstPersonExampleMap:PersistentLevel.FirstPersonExampleMap' with GeneratedClass '/Game/FirstPersonBP/Maps/FirstPersonExampleMap.FirstPersonExampleMap_C' with ClassGeneratedBy '/Game/FirstPersonBP/Maps/FirstPersonExampleMap.FirstPersonExampleMap:PersistentLevel.FirstPersonExampleMap'
[2017.12.02-06.35.47:946][287]LogBlueprintUserMessages: Late EndPlayMap Detection: Level '/Game/FirstPersonBP/Maps/FirstPersonExampleMap.FirstPersonExampleMap:PersistentLevel' has LevelScriptBlueprint '/Game/FirstPersonBP/Maps/FirstPersonExampleMap.FirstPersonExampleMap:PersistentLevel.FirstPersonExampleMap' with GeneratedClass '/Game/FirstPersonBP/Maps/FirstPersonExampleMap.FirstPersonExampleMap_C' with ClassGeneratedBy '/Game/FirstPersonBP/Maps/FirstPersonExampleMap.FirstPersonExampleMap:PersistentLevel.FirstPersonExampleMap'
[2017.12.02-06.36.32:824][438]LogSavePackage: Save=229.98ms
[2017.12.02-06.36.32:824][438]LogSavePackage: Moving '../../../../../../Users/Christopher Chen/Documents/Unreal Projects/MyProject3/Saved/FirstPersonExampleMap_Auto1CFABAF23459CFE83AF5A869C2252578D.tmp' to '../../../../../../Users/Christopher Chen/Documents/Unreal Projects/MyProject3/Saved/Autosaves/Game/FirstPersonBP/Maps/FirstPersonExampleMap_Auto1.umap'
[2017.12.02-06.36.32:827][438]LogSavePackage:Display: Finished SavePackage ../../../../../../Users/Christopher Chen/Documents/Unreal Projects/MyProject3/Saved/Autosaves/Game/FirstPersonBP/Maps/FirstPersonExampleMap_Auto1.umap
[2017.12.02-06.36.32:838][438]LogFileHelpers: Editor autosave (incl. sublevels) for '/Game/FirstPersonBP/Maps/FirstPersonExampleMap' took 0.298
[2017.12.02-06.36.32:838][438]LogFileHelpers: Editor autosave (incl. sublevels) for all levels took 0.298
[2017.12.02-06.47.54:973][547]LogSavePackage: Save=236.18ms
[2017.12.02-06.47.54:973][547]LogSavePackage: Moving '../../../../../../Users/Christopher Chen/Documents/Unreal Projects/MyProject3/Saved/FirstPersonExampleMap_Auto2F09A6B594F162C165FD795859924E47B.tmp' to '../../../../../../Users/Christopher Chen/Documents/Unreal Projects/MyProject3/Saved/Autosaves/Game/FirstPersonBP/Maps/FirstPersonExampleMap_Auto2.umap'
[2017.12.02-06.47.54:980][547]LogSavePackage:Display: Finished SavePackage ../../../../../../Users/Christopher Chen/Documents/Unreal Projects/MyProject3/Saved/Autosaves/Game/FirstPersonBP/Maps/FirstPersonExampleMap_Auto2.umap
[2017.12.02-06.47.54:984][547]LogFileHelpers: Editor autosave (incl. sublevels) for '/Game/FirstPersonBP/Maps/FirstPersonExampleMap' took 0.303
[2017.12.02-06.47.54:984][547]LogFileHelpers: Editor autosave (incl. sublevels) for all levels took 0.303
[2017.12.02-06.47.54:986][547]OBJ SavePackage: Generating thumbnails for [1] asset(s) in package [/Game/New_Stuff/food_blueprint] ([1] browsable assets)...
[2017.12.02-06.47.55:002][547]OBJ SavePackage:     Rendered thumbnail for [Blueprint /Game/New_Stuff/food_blueprint.food_blueprint]
[2017.12.02-06.47.55:002][547]OBJ SavePackage: Finished generating thumbnails for package [/Game/New_Stuff/food_blueprint]
[2017.12.02-06.47.55:066][547]LogSavePackage: Save=44.32ms
[2017.12.02-06.47.55:066][547]LogSavePackage: Moving '../../../../../../Users/Christopher Chen/Documents/Unreal Projects/MyProject3/Saved/food_blueprint_Auto2B6280E724479F05E2210139116CF2ABC.tmp' to '../../../../../../Users/Christopher Chen/Documents/Unreal Projects/MyProject3/Saved/Autosaves/Game/New_Stuff/food_blueprint_Auto2.uasset'
[2017.12.02-06.47.55:068][547]LogSavePackage:Display: Finished SavePackage ../../../../../../Users/Christopher Chen/Documents/Unreal Projects/MyProject3/Saved/Autosaves/Game/New_Stuff/food_blueprint_Auto2.uasset
[2017.12.02-06.47.55:068][547]LogFileHelpers: Auto-saving content packages took 0.083
[2017.12.02-06.50.17:069][808]Cmd: OBJ SAVEPACKAGE PACKAGE="/Game/New_Stuff/food_blueprint" FILE="../../../../../../Users/Christopher Chen/Documents/Unreal Projects/MyProject3/Content/New_Stuff/food_blueprint.uasset" SILENT=true
[2017.12.02-06.50.17:114][808]LogSavePackage: Save=36.38ms
[2017.12.02-06.50.17:114][808]LogSavePackage: Moving '../../../../../../Users/Christopher Chen/Documents/Unreal Projects/MyProject3/Saved/food_blueprint1FF98F894CAC49CC80774685292F57F2.tmp' to '../../../../../../Users/Christopher Chen/Documents/Unreal Projects/MyProject3/Content/New_Stuff/food_blueprint.uasset'
[2017.12.02-06.50.17:131][808]LogSavePackage:Display: Finished SavePackage ../../../../../../Users/Christopher Chen/Documents/Unreal Projects/MyProject3/Content/New_Stuff/food_blueprint.uasset
[2017.12.02-06.50.19:761][962]BlueprintLog: New page: Compile food_blueprint
[2017.12.02-06.50.20:496][990]Cmd: OBJ SAVEPACKAGE PACKAGE="/Game/New_Stuff/food_blueprint" FILE="../../../../../../Users/Christopher Chen/Documents/Unreal Projects/MyProject3/Content/New_Stuff/food_blueprint.uasset" SILENT=true
[2017.12.02-06.50.20:541][990]LogSavePackage: Save=39.16ms
[2017.12.02-06.50.20:541][990]LogSavePackage: Moving '../../../../../../Users/Christopher Chen/Documents/Unreal Projects/MyProject3/Saved/food_blueprint7DA0266643FBBC62F0A6C6812BDE6E68.tmp' to '../../../../../../Users/Christopher Chen/Documents/Unreal Projects/MyProject3/Content/New_Stuff/food_blueprint.uasset'
[2017.12.02-06.50.20:543][990]LogSavePackage:Display: Finished SavePackage ../../../../../../Users/Christopher Chen/Documents/Unreal Projects/MyProject3/Content/New_Stuff/food_blueprint.uasset
[2017.12.02-06.50.24:370][157]LogTemp: Repeting last play command: Selected Viewport
[2017.12.02-06.50.24:397][157]LogBlueprintUserMessages: Early PlayInEditor Detection: Level '/Game/FirstPersonBP/Maps/FirstPersonExampleMap.FirstPersonExampleMap:PersistentLevel' has LevelScriptBlueprint '/Game/FirstPersonBP/Maps/FirstPersonExampleMap.FirstPersonExampleMap:PersistentLevel.FirstPersonExampleMap' with GeneratedClass '/Game/FirstPersonBP/Maps/FirstPersonExampleMap.FirstPersonExampleMap_C' with ClassGeneratedBy '/Game/FirstPersonBP/Maps/FirstPersonExampleMap.FirstPersonExampleMap:PersistentLevel.FirstPersonExampleMap'
[2017.12.02-06.50.24:397][157]LogPlayLevel: PlayLevel: No blueprints needed recompiling
[2017.12.02-06.50.24:397][157]PIE: New page: PIE session: FirstPersonExampleMap (Dec 1, 2017, 8:50:24 PM)
[2017.12.02-06.50.24:397][157]LogPlayLevel: Creating play world package: /Game/FirstPersonBP/Maps/UEDPIE_0_FirstPersonExampleMap
[2017.12.02-06.50.24:426][157]LogPlayLevel: PIE: StaticDuplicateObject took: (0.028467s)
[2017.12.02-06.50.24:427][157]LogAIModule: Creating AISystem for world FirstPersonExampleMap
[2017.12.02-06.50.24:428][157]LogPlayLevel: PIE: World Init took: (0.001773s)
[2017.12.02-06.50.24:428][157]LogPlayLevel: PIE: Created PIE world by copying editor world from /Game/FirstPersonBP/Maps/FirstPersonExampleMap.FirstPersonExampleMap to /Game/FirstPersonBP/Maps/UEDPIE_0_FirstPersonExampleMap.FirstPersonExampleMap (0.030863s)
[2017.12.02-06.50.24:473][157]LogInit: XAudio2 using 'Speakers (High Definition Audio Device)' : 2 channels at 48 kHz using 16 bits per sample (channel mask 0x3)
[2017.12.02-06.50.24:484][157]LogInit: FAudioDevice initialized.
[2017.12.02-06.50.24:528][157]LogLoad: Game class is 'FirstPersonGameMode_C'
[2017.12.02-06.50.24:531][157]LogWorld: Bringing World /Game/FirstPersonBP/Maps/UEDPIE_0_FirstPersonExampleMap.FirstPersonExampleMap up for play (max tick rate 60) at 2017.12.02-01.50.24
[2017.12.02-06.50.24:532][157]LogWorld: Bringing up level for play took: 0.002295
[2017.12.02-06.50.24:533][157]PIE: Info Play in editor start time for /Game/FirstPersonBP/Maps/UEDPIE_0_FirstPersonExampleMap -0.84
[2017.12.02-06.50.24:533][157]LogBlueprintUserMessages: Late PlayInEditor Detection: Level '/Game/FirstPersonBP/Maps/FirstPersonExampleMap.FirstPersonExampleMap:PersistentLevel' has LevelScriptBlueprint '/Game/FirstPersonBP/Maps/FirstPersonExampleMap.FirstPersonExampleMap:PersistentLevel.FirstPersonExampleMap' with GeneratedClass '/Game/FirstPersonBP/Maps/FirstPersonExampleMap.FirstPersonExampleMap_C' with ClassGeneratedBy '/Game/FirstPersonBP/Maps/FirstPersonExampleMap.FirstPersonExampleMap:PersistentLevel.FirstPersonExampleMap'
[2017.12.02-06.50.31:921][598]LogBlueprintUserMessages: Early EndPlayMap Detection: Level '/Game/FirstPersonBP/Maps/FirstPersonExampleMap.FirstPersonExampleMap:PersistentLevel' has LevelScriptBlueprint '/Game/FirstPersonBP/Maps/FirstPersonExampleMap.FirstPersonExampleMap:PersistentLevel.FirstPersonExampleMap' with GeneratedClass '/Game/FirstPersonBP/Maps/FirstPersonExampleMap.FirstPersonExampleMap_C' with ClassGeneratedBy '/Game/FirstPersonBP/Maps/FirstPersonExampleMap.FirstPersonExampleMap:PersistentLevel.FirstPersonExampleMap'
[2017.12.02-06.50.31:971][598]LogBlueprintUserMessages: Late EndPlayMap Detection: Level '/Game/FirstPersonBP/Maps/FirstPersonExampleMap.FirstPersonExampleMap:PersistentLevel' has LevelScriptBlueprint '/Game/FirstPersonBP/Maps/FirstPersonExampleMap.FirstPersonExampleMap:PersistentLevel.FirstPersonExampleMap' with GeneratedClass '/Game/FirstPersonBP/Maps/FirstPersonExampleMap.FirstPersonExampleMap_C' with ClassGeneratedBy '/Game/FirstPersonBP/Maps/FirstPersonExampleMap.FirstPersonExampleMap:PersistentLevel.FirstPersonExampleMap'
[2017.12.02-06.53.30:198][120]LogSavePackage: Save=190.93ms
[2017.12.02-06.53.30:198][120]LogSavePackage: Moving '../../../../../../Users/Christopher Chen/Documents/Unreal Projects/MyProject3/Saved/FirstPersonExampleMap6A63D8D44246DA3A86EEE2A80BB441BA.tmp' to '../../../../../../Users/Christopher Chen/Documents/Unreal Projects/MyProject3/Content/FirstPersonBP/Maps/FirstPersonExampleMap.umap'
[2017.12.02-06.53.30:203][120]LogSavePackage:Display: Finished SavePackage ../../../../../../Users/Christopher Chen/Documents/Unreal Projects/MyProject3/Content/FirstPersonBP/Maps/FirstPersonExampleMap.umap
[2017.12.02-06.53.31:337][120]LogSlate: Took 0.006425 seconds to synchronously load lazily loaded font '../../../Engine/Content/Slate/Fonts/Roboto-Regular.ttf' (155K)
[2017.12.02-06.53.31:956][120]LogSavePackage: Save=1630.80ms
[2017.12.02-06.53.31:956][120]LogSavePackage: Moving '../../../../../../Users/Christopher Chen/Documents/Unreal Projects/MyProject3/Saved/FirstPersonExampleMap_BuiltData85DE64274E9F0D86378940BBB2944196.tmp' to '../../../../../../Users/Christopher Chen/Documents/Unreal Projects/MyProject3/Content/FirstPersonBP/Maps/FirstPersonExampleMap_BuiltData.uasset'
[2017.12.02-06.53.31:958][120]LogSavePackage:Display: Finished SavePackage ../../../../../../Users/Christopher Chen/Documents/Unreal Projects/MyProject3/Content/FirstPersonBP/Maps/FirstPersonExampleMap_BuiltData.uasset
[2017.12.02-06.53.33:024][184]LogTemp: Repeting last play command: Selected Viewport
[2017.12.02-06.53.33:043][184]LogBlueprintUserMessages: Early PlayInEditor Detection: Level '/Game/FirstPersonBP/Maps/FirstPersonExampleMap.FirstPersonExampleMap:PersistentLevel' has LevelScriptBlueprint '/Game/FirstPersonBP/Maps/FirstPersonExampleMap.FirstPersonExampleMap:PersistentLevel.FirstPersonExampleMap' with GeneratedClass '/Game/FirstPersonBP/Maps/FirstPersonExampleMap.FirstPersonExampleMap_C' with ClassGeneratedBy '/Game/FirstPersonBP/Maps/FirstPersonExampleMap.FirstPersonExampleMap:PersistentLevel.FirstPersonExampleMap'
[2017.12.02-06.53.33:044][184]BlueprintLog: New page: Pre-Play auto-recompile
[2017.12.02-06.53.33:044][184]LogPlayLevel: [PlayLevel] Compiling FirstPersonCharacter before play...
[2017.12.02-06.53.33:249][184]LogPlayLevel: PlayLevel: Blueprint regeneration took 205 ms (1 blueprints)
[2017.12.02-06.53.33:249][184]PIE: New page: PIE session: FirstPersonExampleMap (Dec 1, 2017, 8:53:33 PM)
[2017.12.02-06.53.33:249][184]LogPlayLevel: Creating play world package: /Game/FirstPersonBP/Maps/UEDPIE_0_FirstPersonExampleMap
[2017.12.02-06.53.33:271][184]LogPlayLevel: PIE: StaticDuplicateObject took: (0.021564s)
[2017.12.02-06.53.33:271][184]LogAIModule: Creating AISystem for world FirstPersonExampleMap
[2017.12.02-06.53.33:272][184]LogPlayLevel: PIE: World Init took: (0.000837s)
[2017.12.02-06.53.33:272][184]LogPlayLevel: PIE: Created PIE world by copying editor world from /Game/FirstPersonBP/Maps/FirstPersonExampleMap.FirstPersonExampleMap to /Game/FirstPersonBP/Maps/UEDPIE_0_FirstPersonExampleMap.FirstPersonExampleMap (0.022635s)
[2017.12.02-06.53.33:336][184]LogInit: XAudio2 using 'Speakers (High Definition Audio Device)' : 2 channels at 48 kHz using 16 bits per sample (channel mask 0x3)
[2017.12.02-06.53.33:343][184]LogInit: FAudioDevice initialized.
[2017.12.02-06.53.33:375][184]LogLoad: Game class is 'FirstPersonGameMode_C'
[2017.12.02-06.53.33:379][184]LogWorld: Bringing World /Game/FirstPersonBP/Maps/UEDPIE_0_FirstPersonExampleMap.FirstPersonExampleMap up for play (max tick rate 60) at 2017.12.02-01.53.33
[2017.12.02-06.53.33:379][184]LogWorld: Bringing up level for play took: 0.002553
[2017.12.02-06.53.33:380][184]PIE: Info Play in editor start time for /Game/FirstPersonBP/Maps/UEDPIE_0_FirstPersonExampleMap 0.008
[2017.12.02-06.53.33:381][184]LogBlueprintUserMessages: Late PlayInEditor Detection: Level '/Game/FirstPersonBP/Maps/FirstPersonExampleMap.FirstPersonExampleMap:PersistentLevel' has LevelScriptBlueprint '/Game/FirstPersonBP/Maps/FirstPersonExampleMap.FirstPersonExampleMap:PersistentLevel.FirstPersonExampleMap' with GeneratedClass '/Game/FirstPersonBP/Maps/FirstPersonExampleMap.FirstPersonExampleMap_C' with ClassGeneratedBy '/Game/FirstPersonBP/Maps/FirstPersonExampleMap.FirstPersonExampleMap:PersistentLevel.FirstPersonExampleMap'
[2017.12.02-06.53.36:859][392]LogBlueprintUserMessages: Early EndPlayMap Detection: Level '/Game/FirstPersonBP/Maps/FirstPersonExampleMap.FirstPersonExampleMap:PersistentLevel' has LevelScriptBlueprint '/Game/FirstPersonBP/Maps/FirstPersonExampleMap.FirstPersonExampleMap:PersistentLevel.FirstPersonExampleMap' with GeneratedClass '/Game/FirstPersonBP/Maps/FirstPersonExampleMap.FirstPersonExampleMap_C' with ClassGeneratedBy '/Game/FirstPersonBP/Maps/FirstPersonExampleMap.FirstPersonExampleMap:PersistentLevel.FirstPersonExampleMap'
[2017.12.02-06.53.36:962][392]LogBlueprintUserMessages: Late EndPlayMap Detection: Level '/Game/FirstPersonBP/Maps/FirstPersonExampleMap.FirstPersonExampleMap:PersistentLevel' has LevelScriptBlueprint '/Game/FirstPersonBP/Maps/FirstPersonExampleMap.FirstPersonExampleMap:PersistentLevel.FirstPersonExampleMap' with GeneratedClass '/Game/FirstPersonBP/Maps/FirstPersonExampleMap.FirstPersonExampleMap_C' with ClassGeneratedBy '/Game/FirstPersonBP/Maps/FirstPersonExampleMap.FirstPersonExampleMap:PersistentLevel.FirstPersonExampleMap'
[2017.12.02-06.53.45:334][718]LogSavePackage: Save=186.78ms
[2017.12.02-06.53.45:334][718]LogSavePackage: Moving '../../../../../../Users/Christopher Chen/Documents/Unreal Projects/MyProject3/Saved/FirstPersonExampleMapC9E382E347868EF5ECFC779F0F039E9C.tmp' to '../../../../../../Users/Christopher Chen/Documents/Unreal Projects/MyProject3/Content/FirstPersonBP/Maps/FirstPersonExampleMap.umap'
[2017.12.02-06.53.45:339][718]LogSavePackage:Display: Finished SavePackage ../../../../../../Users/Christopher Chen/Documents/Unreal Projects/MyProject3/Content/FirstPersonBP/Maps/FirstPersonExampleMap.umap
[2017.12.02-06.53.46:481][718]LogSavePackage: Save=1099.68ms
[2017.12.02-06.53.46:481][718]LogSavePackage: Moving '../../../../../../Users/Christopher Chen/Documents/Unreal Projects/MyProject3/Saved/FirstPersonExampleMap_BuiltData14E2050D491C3844E8C270BF9A9E5590.tmp' to '../../../../../../Users/Christopher Chen/Documents/Unreal Projects/MyProject3/Content/FirstPersonBP/Maps/FirstPersonExampleMap_BuiltData.uasset'
[2017.12.02-06.53.46:484][718]LogSavePackage:Display: Finished SavePackage ../../../../../../Users/Christopher Chen/Documents/Unreal Projects/MyProject3/Content/FirstPersonBP/Maps/FirstPersonExampleMap_BuiltData.uasset
[2017.12.02-06.53.55:235][208]LogGameProjectGeneration:Verbose: 'C:/Program Files/Epic Games/UE_4.16/Templates/TP_FirstPersonBP/Media/TP_FirstPersonBP.png': Skipping as it is in an ignored folder 'Media'
[2017.12.02-06.53.55:235][208]LogGameProjectGeneration:Verbose: 'C:/Program Files/Epic Games/UE_4.16/Templates/TP_FirstPersonBP/Media/TP_FirstPersonBP_Preview.png': Skipping as it is in an ignored folder 'Media'
[2017.12.02-06.53.56:105][209]Cmd: CLOSE_SLATE_MAINFRAME
[2017.12.02-06.55.38:102][209]LogSavePackage: Save=80.71ms
[2017.12.02-06.55.38:102][209]LogSavePackage: Moving '../../../../../../Users/Christopher Chen/Documents/Unreal Projects/MyProject3/Saved/FirstPersonCharacterE3D266E9441BBEAEC8A060A7C64079B3.tmp' to '../../../../../../Users/Christopher Chen/Documents/Unreal Projects/MyProject3/Content/FirstPersonBP/Blueprints/FirstPersonCharacter.uasset'
[2017.12.02-06.55.38:107][209]LogSavePackage:Display: Finished SavePackage ../../../../../../Users/Christopher Chen/Documents/Unreal Projects/MyProject3/Content/FirstPersonBP/Blueprints/FirstPersonCharacter.uasset
[2017.12.02-06.55.38:273][209]LogActorComponent: UnregisterComponent: (/Engine/Transient.EditorFloorComp) Not registered. Aborting.
[2017.12.02-06.55.38:326][209]LogWindowsTextInputMethodSystem:Display: IME system now deactivated.
[2017.12.02-06.55.38:574][210]Cmd: QUIT_EDITOR
[2017.12.02-06.55.39:172][210]LogExit: Preparing to exit.
[2017.12.02-06.55.39:900][210]LogDirectoryWatcher: A directory notification for 'C:/Users/Christopher Chen/Documents/Unreal Projects/MyProject3/Content/' was aborted.
[2017.12.02-06.55.39:941][210]LogExit: Editor shut down
[2017.12.02-06.55.39:951][210]LogExit: Transaction tracking system shut down
[2017.12.02-06.55.40:151][210]LogObj: Freed 0b from 0 cluster array pools.
[2017.12.02-06.55.40:151][210]LogExit: Object subsystem successfully closed.
[2017.12.02-06.55.40:218][210]LogD3D11RHI: Shutdown
[2017.12.02-06.55.40:218][210]LogD3D11RHI: CleanupD3DDevice
[2017.12.02-06.55.40:340][210]LogD3D11RHI: ~FD3D11DynamicRHI
[2017.12.02-06.55.40:383][210]LogModuleManager: Shutting down and abandoning module BlueprintGraph (530)
[2017.12.02-06.55.40:383][210]LogModuleManager: Shutting down and abandoning module BlueprintProfiler (528)
[2017.12.02-06.55.40:383][210]LogModuleManager: Shutting down and abandoning module MovieSceneCapture (526)
[2017.12.02-06.55.40:383][210]LogModuleManager: Shutting down and abandoning module HierarchicalLODOutliner (524)
[2017.12.02-06.55.40:384][210]LogModuleManager: Shutting down and abandoning module CrashTracker (522)
[2017.12.02-06.55.40:384][210]LogModuleManager: Shutting down and abandoning module SceneOutliner (520)
[2017.12.02-06.55.40:384][210]LogModuleManager: Shutting down and abandoning module AddContentDialog (518)
[2017.12.02-06.55.40:384][210]LogDirectoryWatcher: A directory notification for 'C:/Program Files/Epic Games/UE_4.16/FeaturePacks/' was aborted.
[2017.12.02-06.55.40:385][210]LogModuleManager: Shutting down and abandoning module WidgetCarousel (517)
[2017.12.02-06.55.40:385][210]LogModuleManager: Shutting down and abandoning module EditorWidgets (514)
[2017.12.02-06.55.40:386][210]LogModuleManager: Shutting down and abandoning module CollectionManager (512)
[2017.12.02-06.55.40:386][210]LogDirectoryWatcher: A directory notification for 'C:/Users/Christopher Chen/Documents/Unreal Projects/MyProject3/Content/Collections/' was aborted.
[2017.12.02-06.55.40:386][210]LogDirectoryWatcher: A directory notification for 'C:/Users/Christopher Chen/Documents/Unreal Projects/MyProject3/Content/Developers/ChristopherChen/Collections/' was aborted.
[2017.12.02-06.55.40:386][210]LogDirectoryWatcher: A directory notification for 'C:/Users/Christopher Chen/Documents/Unreal Projects/MyProject3/Saved/Collections/' was aborted.
[2017.12.02-06.55.40:386][210]LogModuleManager: Shutting down and abandoning module StatsViewer (510)
[2017.12.02-06.55.40:386][210]LogModuleManager: Shutting down and abandoning module FoliageEdit (508)
[2017.12.02-06.55.40:386][210]LogModuleManager: Shutting down and abandoning module LandscapeEditor (506)
[2017.12.02-06.55.40:387][210]LogModuleManager: Shutting down and abandoning module MeshPaintMode (504)
[2017.12.02-06.55.40:387][210]LogModuleManager: Shutting down and abandoning module SceneDepthPickerMode (502)
[2017.12.02-06.55.40:387][210]LogModuleManager: Shutting down and abandoning module ActorPickerMode (500)
[2017.12.02-06.55.40:387][210]LogModuleManager: Shutting down and abandoning module GeometryMode (498)
[2017.12.02-06.55.40:387][210]LogModuleManager: Shutting down and abandoning module TextureAlignMode (496)
[2017.12.02-06.55.40:387][210]LogModuleManager: Shutting down and abandoning module BspMode (494)
[2017.12.02-06.55.40:387][210]LogModuleManager: Shutting down and abandoning module HardwareSurvey (492)
[2017.12.02-06.55.40:388][210]LogModuleManager: Shutting down and abandoning module SequenceRecorderSections (490)
[2017.12.02-06.55.40:388][210]LogModuleManager: Shutting down and abandoning module AutomationWorker (488)
[2017.12.02-06.55.40:388][210]LogModuleManager: Shutting down and abandoning module MatineeToLevelSequence (486)
[2017.12.02-06.55.40:388][210]LogModuleManager: Shutting down and abandoning module LevelSequenceEditor (484)
[2017.12.02-06.55.40:391][210]LogModuleManager: Shutting down and abandoning module PlacementMode (483)
[2017.12.02-06.55.40:391][210]LogModuleManager: Shutting down and abandoning module WmfMediaFactory (480)
[2017.12.02-06.55.40:391][210]LogModuleManager: Shutting down and abandoning module WmfMediaEditor (478)
[2017.12.02-06.55.40:391][210]LogModuleManager: Shutting down and abandoning module AvfMediaFactory (476)
[2017.12.02-06.55.40:391][210]LogModuleManager: Shutting down and abandoning module AvfMediaEditor (474)
[2017.12.02-06.55.40:391][210]LogModuleManager: Shutting down and abandoning module AndroidMediaFactory (472)
[2017.12.02-06.55.40:391][210]LogModuleManager: Shutting down and abandoning module Media (471)
[2017.12.02-06.55.40:391][210]LogModuleManager: Shutting down and abandoning module AndroidMediaEditor (468)
[2017.12.02-06.55.40:391][210]LogModuleManager: Shutting down and abandoning module CharacterAI (466)
[2017.12.02-06.55.40:391][210]LogModuleManager: Shutting down and abandoning module AudioCapture (464)
[2017.12.02-06.55.40:391][210]LogModuleManager: Shutting down and abandoning module SequenceRecorder (463)
[2017.12.02-06.55.40:392][210]LogModuleManager: Shutting down and abandoning module SmartSnapping (460)
[2017.12.02-06.55.40:392][210]LogModuleManager: Shutting down and abandoning module SessionServices (458)
[2017.12.02-06.55.40:392][210]LogModuleManager: Shutting down and abandoning module ViewportSnapping (456)
[2017.12.02-06.55.40:392][210]LogModuleManager: Shutting down and abandoning module ViewportInteraction (454)
[2017.12.02-06.55.40:392][210]LogModuleManager: Shutting down and abandoning module ClothPainter (452)
[2017.12.02-06.55.40:393][210]LogModuleManager: Shutting down and abandoning module LogVisualizer (450)
[2017.12.02-06.55.40:393][210]LogModuleManager: Shutting down and abandoning module IntroTutorials (448)
[2017.12.02-06.55.40:395][210]LogModuleManager: Shutting down and abandoning module GameProjectGeneration (447)
[2017.12.02-06.55.40:395][210]LogModuleManager: Shutting down and abandoning module EditorLiveStreaming (444)
[2017.12.02-06.55.40:395][210]LogModuleManager: Shutting down and abandoning module IOSPlatformEditor (442)
[2017.12.02-06.55.40:395][210]LogModuleManager: Shutting down and abandoning module HTML5PlatformEditor (440)
[2017.12.02-06.55.40:395][210]LogModuleManager: Shutting down and abandoning module AndroidPlatformEditor (438)
[2017.12.02-06.55.40:395][210]LogModuleManager: Shutting down and abandoning module AndroidDeviceDetection (437)
[2017.12.02-06.55.41:106][210]LogModuleManager: Shutting down and abandoning module IOSRuntimeSettings (434)
[2017.12.02-06.55.41:106][210]LogModuleManager: Shutting down and abandoning module AndroidRuntimeSettings (432)
[2017.12.02-06.55.41:106][210]LogModuleManager: Shutting down and abandoning module InputBindingEditor (430)
[2017.12.02-06.55.41:107][210]LogModuleManager: Shutting down and abandoning module MergeActors (428)
[2017.12.02-06.55.41:107][210]LogModuleManager: Shutting down and abandoning module SizeMap (426)
[2017.12.02-06.55.41:107][210]LogModuleManager: Shutting down and abandoning module TreeMap (424)
[2017.12.02-06.55.41:107][210]LogModuleManager: Shutting down and abandoning module ReferenceViewer (422)
[2017.12.02-06.55.41:107][210]LogModuleManager: Shutting down and abandoning module LocalizationDashboard (420)
[2017.12.02-06.55.41:108][210]LogModuleManager: Shutting down and abandoning module LocalizationService (419)
[2017.12.02-06.55.41:108][210]LogModuleManager: Shutting down and abandoning module HardwareTargeting (416)
[2017.12.02-06.55.41:108][210]LogModuleManager: Shutting down and abandoning module DeviceProfileEditor (414)
[2017.12.02-06.55.41:109][210]LogModuleManager: Shutting down and abandoning module UndoHistory (412)
[2017.12.02-06.55.41:109][210]LogModuleManager: Shutting down and abandoning module UserFeedback (410)
[2017.12.02-06.55.41:109][210]LogModuleManager: Shutting down and abandoning module XmlParser (408)
[2017.12.02-06.55.41:109][210]LogModuleManager: Shutting down and abandoning module Blutility (406)
[2017.12.02-06.55.41:109][210]LogModuleManager: Shutting down and abandoning module ProjectSettingsViewer (404)
[2017.12.02-06.55.41:109][210]LogModuleManager: Shutting down and abandoning module ProjectTargetPlatformEditor (403)
[2017.12.02-06.55.41:110][210]LogModuleManager: Shutting down and abandoning module EditorSettingsViewer (400)
[2017.12.02-06.55.41:110][210]LogModuleManager: Shutting down and abandoning module SettingsEditor (398)
[2017.12.02-06.55.41:110][210]LogModuleManager: Shutting down and abandoning module ProjectLauncher (396)
[2017.12.02-06.55.41:111][210]LogModuleManager: Shutting down and abandoning module SessionFrontend (394)
[2017.12.02-06.55.41:111][210]LogModuleManager: Shutting down and abandoning module ProfilerClient (392)
[2017.12.02-06.55.41:112][210]LogModuleManager: Shutting down and abandoning module DeviceManager (390)
[2017.12.02-06.55.41:112][210]LogModuleManager: Shutting down and abandoning module TargetDeviceServices (389)
[2017.12.02-06.55.41:165][210]LogModuleManager: Shutting down and abandoning module AutomationController (386)
[2017.12.02-06.55.41:166][210]LogModuleManager: Shutting down and abandoning module AutomationWindow (384)
[2017.12.02-06.55.41:167][210]LogModuleManager: Shutting down and abandoning module Layers (382)
[2017.12.02-06.55.41:168][210]LogModuleManager: Shutting down and abandoning module ComponentVisualizers (380)
[2017.12.02-06.55.41:168][210]LogModuleManager: Shutting down and abandoning module DetailCustomizations (378)
[2017.12.02-06.55.41:168][210]LogModuleManager: Shutting down and abandoning module PackagesDialog (376)
[2017.12.02-06.55.41:169][210]LogModuleManager: Shutting down and abandoning module Persona (374)
[2017.12.02-06.55.41:169][210]LogModuleManager: Shutting down and abandoning module AdvancedPreviewScene (373)
[2017.12.02-06.55.41:170][210]LogModuleManager: Shutting down and abandoning module AnimGraph (371)
[2017.12.02-06.55.41:170][210]LogModuleManager: Shutting down and abandoning module Kismet (368)
[2017.12.02-06.55.41:178][210]LogModuleManager: Shutting down and abandoning module ClassViewer (366)
[2017.12.02-06.55.41:178][210]LogModuleManager: Shutting down and abandoning module Toolbox (364)
[2017.12.02-06.55.41:178][210]LogModuleManager: Shutting down and abandoning module ModuleUI (362)
[2017.12.02-06.55.41:179][210]LogModuleManager: Shutting down and abandoning module MovieSceneTools (360)
[2017.12.02-06.55.41:179][210]LogModuleManager: Shutting down and abandoning module OutputLog (358)
[2017.12.02-06.55.41:180][210]LogModuleManager: Shutting down and abandoning module GammaUI (356)
[2017.12.02-06.55.41:180][210]LogModuleManager: Shutting down and abandoning module Documentation (354)
[2017.12.02-06.55.41:180][210]LogModuleManager: Shutting down and abandoning module MovieSceneTracks (352)
[2017.12.02-06.55.41:180][210]LogModuleManager: Shutting down and abandoning module MovieScene (350)
[2017.12.02-06.55.41:180][210]LogModuleManager: Shutting down and abandoning module Niagara (348)
[2017.12.02-06.55.41:180][210]LogModuleManager: Shutting down and abandoning module NiagaraEditor (347)
[2017.12.02-06.55.41:182][210]LogModuleManager: Shutting down and abandoning module StreamingPauseRendering (344)
[2017.12.02-06.55.41:182][210]LogModuleManager: Shutting down and abandoning module AnalyticsET (342)
[2017.12.02-06.55.41:182][210]LogModuleManager: Shutting down and abandoning module PortalServices (340)
[2017.12.02-06.55.41:182][210]LogModuleManager: Shutting down and abandoning module PortalRpc (338)
[2017.12.02-06.55.41:182][210]LogModuleManager: Shutting down and abandoning module MessagingRpc (336)
[2017.12.02-06.55.41:182][210]LogModuleManager: Shutting down and abandoning module AIModule (334)
[2017.12.02-06.55.41:182][210]LogModuleManager: Shutting down and abandoning module GameplayDebugger (333)
[2017.12.02-06.55.41:182][210]LogModuleManager: Shutting down and abandoning module AITestSuite (331)
[2017.12.02-06.55.41:182][210]LogModuleManager: Shutting down and abandoning module ProfilerService (328)
[2017.12.02-06.55.41:281][210]LogModuleManager: Shutting down and abandoning module TaskGraph (326)
[2017.12.02-06.55.41:281][210]LogModuleManager: Shutting down and abandoning module SteamVRController (324)
[2017.12.02-06.55.41:281][210]LogModuleManager: Shutting down and abandoning module SteamVR (322)
[2017.12.02-06.55.41:281][210]LogModuleManager: Shutting down and abandoning module ProceduralMeshComponentEditor (320)
[2017.12.02-06.55.41:282][210]LogModuleManager: Shutting down and abandoning module ProceduralMeshComponent (318)
[2017.12.02-06.55.41:282][210]LogModuleManager: Shutting down and abandoning module OculusLibrary (316)
[2017.12.02-06.55.41:282][210]LogModuleManager: Shutting down and abandoning module OculusInput (314)
[2017.12.02-06.55.41:282][210]LogModuleManager: Shutting down and abandoning module MobilePatchingUtils (312)
[2017.12.02-06.55.41:282][210]LogModuleManager: Shutting down and abandoning module CustomMeshComponent (310)
[2017.12.02-06.55.41:282][210]LogModuleManager: Shutting down and abandoning module CableComponent (308)
[2017.12.02-06.55.41:282][210]LogModuleManager: Shutting down and abandoning module ArchVisCharacter (306)
[2017.12.02-06.55.41:282][210]LogModuleManager: Shutting down and abandoning module AndroidPermission (304)
[2017.12.02-06.55.41:282][210]LogModuleManager: Shutting down and abandoning module MediaPlayerEditor (300)
[2017.12.02-06.55.41:283][210]LogModuleManager: Shutting down and abandoning module HTML5Networking (298)
[2017.12.02-06.55.41:283][210]LogModuleManager: Shutting down and abandoning module AlembicImporter (296)
[2017.12.02-06.55.41:284][210]LogModuleManager: Shutting down and abandoning module AlembicLibrary (295)
[2017.12.02-06.55.41:284][210]LogModuleManager: Shutting down and abandoning module GeometryCache (294)
[2017.12.02-06.55.41:284][210]LogModuleManager: Shutting down and abandoning module GeometryCacheEd (293)
[2017.12.02-06.55.41:284][210]LogModuleManager: Shutting down and abandoning module SuperSearchEditor (288)
[2017.12.02-06.55.41:284][210]LogModuleManager: Shutting down and abandoning module SuperSearch (287)
[2017.12.02-06.55.41:284][210]LogModuleManager: Shutting down and abandoning module SpeedTreeImporter (284)
[2017.12.02-06.55.41:284][210]LogModuleManager: Shutting down and abandoning module PluginBrowser (282)
[2017.12.02-06.55.41:285][210]LogModuleManager: Shutting down and abandoning module MobileLauncherProfileWizard (280)
[2017.12.02-06.55.41:286][210]LogModuleManager: Shutting down and abandoning module VisualStudioSourceCodeAccess (278)
[2017.12.02-06.55.41:286][210]LogModuleManager: Shutting down and abandoning module DesktopPlatform (277)
[2017.12.02-06.55.41:286][210]LogModuleManager: Shutting down and abandoning module UObjectPlugin (274)
[2017.12.02-06.55.41:286][210]LogModuleManager: Shutting down and abandoning module SubversionSourceControl (272)
[2017.12.02-06.55.41:286][210]LogModuleManager: Shutting down and abandoning module PerforceSourceControl (270)
[2017.12.02-06.55.41:287][210]LogModuleManager: Shutting down and abandoning module GitSourceControl (268)
[2017.12.02-06.55.41:287][210]LogModuleManager: Shutting down and abandoning module SourceControl (267)
[2017.12.02-06.55.41:287][210]LogModuleManager: Shutting down and abandoning module LightPropagationVolumeEditor (264)
[2017.12.02-06.55.41:287][210]LogModuleManager: Shutting down and abandoning module PaperTiledImporter (262)
[2017.12.02-06.55.41:287][210]LogModuleManager: Shutting down and abandoning module PaperSpriteSheetImporter (260)
[2017.12.02-06.55.41:287][210]LogModuleManager: Shutting down and abandoning module Paper2DEditor (258)
[2017.12.02-06.55.41:288][210]LogModuleManager: Shutting down and abandoning module MeshPaint (257)
[2017.12.02-06.55.41:288][210]LogModuleManager: Shutting down and abandoning module LevelEditor (255)
[2017.12.02-06.55.41:290][210]LogModuleManager: Shutting down and abandoning module PixelInspectorModule (254)
[2017.12.02-06.55.41:291][210]LogModuleManager: Shutting down and abandoning module MainFrame (252)
[2017.12.02-06.55.41:291][210]LogModuleManager: Shutting down and abandoning module HotReload (251)
[2017.12.02-06.55.41:292][210]LogModuleManager: Shutting down and abandoning module PhysXVehiclesEditor (246)
[2017.12.02-06.55.41:293][210]LogModuleManager: Shutting down and abandoning module PhysXVehicles (244)
[2017.12.02-06.55.41:293][210]LogModuleManager: Shutting down and abandoning module LocationServicesBPLibrary (242)
[2017.12.02-06.55.41:293][210]LogModuleManager: Shutting down and abandoning module ImmediatePhysicsEditor (240)
[2017.12.02-06.55.41:293][210]LogModuleManager: Shutting down and abandoning module ImmediatePhysics (238)
[2017.12.02-06.55.41:293][210]LogModuleManager: Shutting down and abandoning module UdpMessaging (236)
[2017.12.02-06.55.41:393][210]LogModuleManager: Shutting down and abandoning module TcpMessaging (234)
[2017.12.02-06.55.41:494][210]LogModuleManager: Shutting down and abandoning module GameplayTagsEditor (232)
[2017.12.02-06.55.41:496][210]LogModuleManager: Shutting down and abandoning module FacialAnimationEditor (230)
[2017.12.02-06.55.41:496][210]LogModuleManager: Shutting down and abandoning module FacialAnimation (228)
[2017.12.02-06.55.41:496][210]LogModuleManager: Shutting down and abandoning module AssetManagerEditor (226)
[2017.12.02-06.55.41:496][210]LogModuleManager: Shutting down and abandoning module GraphEditor (225)
[2017.12.02-06.55.41:496][210]LogModuleManager: Shutting down and abandoning module ContentBrowser (223)
[2017.12.02-06.55.41:498][210]LogModuleManager: Shutting down and abandoning module LightPropagationVolumeRuntime (220)
[2017.12.02-06.55.41:498][210]LogModuleManager: Shutting down and abandoning module Paper2D (218)
[2017.12.02-06.55.41:498][210]LogModuleManager: Shutting down and abandoning module WindowsMoviePlayer (216)
[2017.12.02-06.55.41:498][210]LogModuleManager: Shutting down and abandoning module WmfMedia (214)
[2017.12.02-06.55.41:498][210]LogModuleManager: Shutting down and abandoning module ClothingSystemEditor (212)
[2017.12.02-06.55.41:498][210]LogModuleManager: Shutting down and abandoning module ClothingSystemRuntime (210)
[2017.12.02-06.55.41:499][210]LogModuleManager: Shutting down and abandoning module MediaAssets (208)
[2017.12.02-06.55.41:499][210]LogModuleManager: Shutting down and abandoning module GameLiveStreaming (206)
[2017.12.02-06.55.41:499][210]LogModuleManager: Shutting down and abandoning module VREditor (204)
[2017.12.02-06.55.41:499][210]LogModuleManager: Shutting down and abandoning module StringTableEditor (202)
[2017.12.02-06.55.41:500][210]LogModuleManager: Shutting down and abandoning module GameplayTasksEditor (200)
[2017.12.02-06.55.41:500][210]LogModuleManager: Shutting down and abandoning module BehaviorTreeEditor (198)
[2017.12.02-06.55.41:501][210]LogModuleManager: Shutting down and abandoning module FunctionalTesting (196)
[2017.12.02-06.55.41:501][210]LogModuleManager: Shutting down and abandoning module CollisionAnalyzer (194)
[2017.12.02-06.55.41:502][210]LogModuleManager: Shutting down and abandoning module UMG (192)
[2017.12.02-06.55.41:502][210]LogModuleManager: Shutting down and abandoning module UMGEditor (191)
[2017.12.02-06.55.41:503][210]LogModuleManager: Shutting down and abandoning module Sequencer (190)
[2017.12.02-06.55.41:504][210]LogModuleManager: Shutting down and abandoning module AssetTools (188)
[2017.12.02-06.55.41:507][210]LogModuleManager: Shutting down and abandoning module MessageLog (187)
[2017.12.02-06.55.41:507][210]LogModuleManager: Shutting down and abandoning module WorkspaceMenuStructure (186)
[2017.12.02-06.55.41:507][210]LogModuleManager: Shutting down and abandoning module SlateReflector (180)
[2017.12.02-06.55.41:509][210]LogModuleManager: Shutting down and abandoning module Slate (178)
[2017.12.02-06.55.41:509][210]LogModuleManager: Shutting down and abandoning module EditorStyle (176)
[2017.12.02-06.55.41:512][210]LogModuleManager: Shutting down and abandoning module SourceCodeAccess (174)
[2017.12.02-06.55.41:513][210]LogModuleManager: Shutting down and abandoning module HeadMountedDisplay (172)
[2017.12.02-06.55.41:513][210]LogModuleManager: Shutting down and abandoning module XAudio2 (170)
[2017.12.02-06.55.41:513][210]LogModuleManager: Shutting down and abandoning module Networking (168)
[2017.12.02-06.55.41:513][210]LogModuleManager: Shutting down and abandoning module Core (164)
[2017.12.02-06.55.41:513][210]LogModuleManager: Shutting down and abandoning module AssetRegistry (162)
[2017.12.02-06.55.41:583][210]LogDirectoryWatcher: A directory notification for '../../../Engine/Content/' was aborted.
[2017.12.02-06.55.41:583][210]LogDirectoryWatcher: A directory notification for '../../../../../../Users/Christopher Chen/Documents/Unreal Projects/MyProject3/Content/' was aborted.
[2017.12.02-06.55.41:583][210]LogDirectoryWatcher: A directory notification for '../../../Engine/Plugins/2D/Paper2D/Content/' was aborted.
[2017.12.02-06.55.41:583][210]LogDirectoryWatcher: A directory notification for '../../../Engine/Plugins/Runtime/GearVR/Content/' was aborted.
[2017.12.02-06.55.41:586][210]LogModuleManager: Shutting down and abandoning module DirectoryWatcher (161)
[2017.12.02-06.55.41:587][210]LogModuleManager: Shutting down and abandoning module KismetCompiler (158)
[2017.12.02-06.55.41:587][210]LogModuleManager: Shutting down and abandoning module LevelSequence (156)
[2017.12.02-06.55.41:587][210]LogModuleManager: Shutting down and abandoning module PhysXFormats (154)
[2017.12.02-06.55.41:587][210]LogModuleManager: Shutting down and abandoning module MeshUtilities (152)
[2017.12.02-06.55.41:588][210]LogModuleManager: Shutting down and abandoning module SimplygonSwarm (151)
[2017.12.02-06.55.41:588][210]LogModuleManager: Shutting down and abandoning module SimplygonMeshReduction (149)
[2017.12.02-06.55.41:588][210]LogModuleManager: Shutting down and abandoning module QuadricMeshReduction (147)
[2017.12.02-06.55.41:589][210]LogModuleManager: Shutting down and abandoning module DerivedDataCache (144)
[2017.12.02-06.55.41:639][210]LogDerivedDataCache: Shutdown
[2017.12.02-06.55.41:640][210]LogModuleManager: Shutting down and abandoning module TargetPlatform (142)
[2017.12.02-06.55.41:640][210]LogModuleManager: Shutting down and abandoning module VulkanShaderFormat (141)
[2017.12.02-06.55.41:640][210]LogModuleManager: Shutting down and abandoning module ShaderFormatVectorVM (139)
[2017.12.02-06.55.41:641][210]LogModuleManager: Shutting down and abandoning module ShaderFormatOpenGL (137)
[2017.12.02-06.55.41:642][210]LogModuleManager: Shutting down and abandoning module ShaderFormatD3D (135)
[2017.12.02-06.55.41:642][210]LogModuleManager: Shutting down and abandoning module MetalShaderFormat (133)
[2017.12.02-06.55.41:642][210]LogModuleManager: Shutting down and abandoning module TextureFormatUncompressed (131)
[2017.12.02-06.55.41:642][210]LogModuleManager: Shutting down and abandoning module TextureFormatPVR (129)
[2017.12.02-06.55.41:642][210]LogModuleManager: Shutting down and abandoning module TextureFormatDXT (127)
[2017.12.02-06.55.41:643][210]LogModuleManager: Shutting down and abandoning module TextureFormatIntelISPCTexComp (125)
[2017.12.02-06.55.41:643][210]LogModuleManager: Shutting down and abandoning module TextureFormatASTC (123)
[2017.12.02-06.55.41:643][210]LogModuleManager: Shutting down and abandoning module ImageWrapper (122)
[2017.12.02-06.55.41:643][210]LogModuleManager: Shutting down and abandoning module TextureFormatAndroid (119)
[2017.12.02-06.55.41:643][210]LogModuleManager: Shutting down and abandoning module AudioFormatOpus (117)
[2017.12.02-06.55.41:643][210]LogModuleManager: Shutting down and abandoning module AudioFormatOgg (115)
[2017.12.02-06.55.41:643][210]LogModuleManager: Shutting down and abandoning module AudioFormatADPCM (113)
[2017.12.02-06.55.41:643][210]LogModuleManager: Shutting down and abandoning module LinuxTargetPlatform (111)
[2017.12.02-06.55.41:643][210]LogModuleManager: Shutting down and abandoning module LinuxServerTargetPlatform (109)
[2017.12.02-06.55.41:643][210]LogModuleManager: Shutting down and abandoning module LinuxNoEditorTargetPlatform (107)
[2017.12.02-06.55.41:643][210]LogModuleManager: Shutting down and abandoning module LinuxClientTargetPlatform (105)
[2017.12.02-06.55.41:643][210]LogModuleManager: Shutting down and abandoning module TVOSTargetPlatform (103)
[2017.12.02-06.55.41:643][210]LogModuleManager: Shutting down and abandoning module Messaging (101)
[2017.12.02-06.55.41:643][210]LogModuleManager: Shutting down and abandoning module IOSTargetPlatform (99)
[2017.12.02-06.55.41:643][210]LogModuleManager: Shutting down and abandoning module HTML5TargetPlatform (97)
[2017.12.02-06.55.41:643][210]LogModuleManager: Shutting down and abandoning module Android_PVRTCTargetPlatform (95)
[2017.12.02-06.55.41:643][210]LogModuleManager: Shutting down and abandoning module Android_MultiTargetPlatform (93)
[2017.12.02-06.55.41:643][210]LogModuleManager: Shutting down and abandoning module Android_ETC2TargetPlatform (91)
[2017.12.02-06.55.41:643][210]LogModuleManager: Shutting down and abandoning module Android_ETC1TargetPlatform (89)
[2017.12.02-06.55.41:643][210]LogModuleManager: Shutting down and abandoning module Android_DXTTargetPlatform (87)
[2017.12.02-06.55.41:644][210]LogModuleManager: Shutting down and abandoning module Android_ATCTargetPlatform (85)
[2017.12.02-06.55.41:644][210]LogModuleManager: Shutting down and abandoning module Android_ASTCTargetPlatform (83)
[2017.12.02-06.55.41:644][210]LogModuleManager: Shutting down and abandoning module AndroidTargetPlatform (81)
[2017.12.02-06.55.41:644][210]LogModuleManager: Shutting down and abandoning module WindowsTargetPlatform (79)
[2017.12.02-06.55.41:644][210]LogModuleManager: Shutting down and abandoning module WindowsServerTargetPlatform (77)
[2017.12.02-06.55.41:644][210]LogModuleManager: Shutting down and abandoning module WindowsNoEditorTargetPlatform (75)
[2017.12.02-06.55.41:644][210]LogModuleManager: Shutting down and abandoning module WindowsClientTargetPlatform (73)
[2017.12.02-06.55.41:644][210]LogModuleManager: Shutting down and abandoning module MacTargetPlatform (71)
[2017.12.02-06.55.41:644][210]LogModuleManager: Shutting down and abandoning module MacServerTargetPlatform (69)
[2017.12.02-06.55.41:644][210]LogModuleManager: Shutting down and abandoning module MacNoEditorTargetPlatform (67)
[2017.12.02-06.55.41:644][210]LogModuleManager: Shutting down and abandoning module MacClientTargetPlatform (65)
[2017.12.02-06.55.41:644][210]LogModuleManager: Shutting down and abandoning module AllDesktopTargetPlatform (63)
[2017.12.02-06.55.41:644][210]LogModuleManager: Shutting down and abandoning module InputCore (60)
[2017.12.02-06.55.41:644][210]LogModuleManager: Shutting down and abandoning module Settings (58)
[2017.12.02-06.55.41:644][210]LogModuleManager: Shutting down and abandoning module OculusRift (56)
[2017.12.02-06.55.41:644][210]LogModuleManager: Shutting down and abandoning module GearVRController (54)
[2017.12.02-06.55.41:644][210]LogModuleManager: Shutting down and abandoning module GearVR (52)
[2017.12.02-06.55.41:645][210]LogModuleManager: Shutting down and abandoning module ExampleDeviceProfileSelector (50)
[2017.12.02-06.55.41:645][210]LogModuleManager: Shutting down and abandoning module OnlineBlueprintSupport (48)
[2017.12.02-06.55.41:645][210]LogModuleManager: Shutting down and abandoning module OnlineSubsystem (44)
[2017.12.02-06.55.41:645][210]LogOnline:Display: Unloading online subsystem: NULL
[2017.12.02-06.55.41:646][210]LogModuleManager: Shutting down and abandoning module XMPP (43)
[2017.12.02-06.55.41:647][210]LogModuleManager: Shutting down and abandoning module HTTP (41)
[2017.12.02-06.55.41:647][210]LogHttp:Display: Http module shutting down, but needs to wait on 2 outstanding Http requests:
[2017.12.02-06.55.41:647][210]LogHttp:Display: 	verb=[POST] url=[https://datarouter.ol.epicgames.com/datarouter/api/v1/public/data?SessionID=%7BF1F7134F-4C4C-3EF3-12EC-FABFE4B93348%7D&AppID=UEEditor.Rocket.Release&AppVersion=4.16.3-3561208%2B%2B%2BUE4%2BRelease-4.16&UserID=4600d8a748808f958a8f3684d768581f%7C9c22addd13a74b6cbc82077bb75ac512%7C9b764c58-e8a7-4af3-9585-94d77614aa01&AppEnvironment=datacollector-binary&UploadType=eteventstream] status=Processing
[2017.12.02-06.55.41:647][210]LogHttp:Display: 	verb=[POST] url=[https://datarouter.ol.epicgames.com/datarouter/api/v1/public/data?SessionID=%7BF1F7134F-4C4C-3EF3-12EC-FABFE4B93348%7D&AppID=UEEditor.Rocket.Release&AppVersion=4.16.3-3561208%2B%2B%2BUE4%2BRelease-4.16&UserID=4600d8a748808f958a8f3684d768581f%7C9c22addd13a74b6cbc82077bb75ac512%7C9b764c58-e8a7-4af3-9585-94d77614aa01&AppEnvironment=datacollector-binary&UploadType=eteventstream] status=Processing
[2017.12.02-06.55.41:679][210]LogModuleManager: Shutting down and abandoning module SSL (40)
[2017.12.02-06.55.41:681][210]LogModuleManager: Shutting down and abandoning module HTTPChunkInstaller (36)
[2017.12.02-06.55.41:682][210]LogModuleManager: Shutting down and abandoning module AnimationModifiers (34)
[2017.12.02-06.55.41:682][210]LogModuleManager: Shutting down and abandoning module PropertyEditor (33)
[2017.12.02-06.55.41:682][210]LogModuleManager: Shutting down and abandoning module AudioEditor (30)
[2017.12.02-06.55.41:683][210]LogModuleManager: Shutting down and abandoning module TextureCompressor (28)
[2017.12.02-06.55.41:683][210]LogModuleManager: Shutting down and abandoning module ShaderCore (26)
[2017.12.02-06.55.41:683][210]LogModuleManager: Shutting down and abandoning module Landscape (24)
[2017.12.02-06.55.41:683][210]LogModuleManager: Shutting down and abandoning module SlateRHIRenderer (22)
[2017.12.02-06.55.41:685][210]LogModuleManager: Shutting down and abandoning module OpenGLDrv (20)
[2017.12.02-06.55.41:686][210]LogModuleManager: Shutting down and abandoning module D3D11RHI (18)
[2017.12.02-06.55.41:686][210]LogModuleManager: Shutting down and abandoning module AnimGraphRuntime (16)
[2017.12.02-06.55.41:686][210]LogModuleManager: Shutting down and abandoning module Renderer (14)
[2017.12.02-06.55.41:686][210]LogModuleManager: Shutting down and abandoning module Engine (12)
[2017.12.02-06.55.41:686][210]LogModuleManager: Shutting down and abandoning module CoreUObject (10)
[2017.12.02-06.55.41:686][210]LogModuleManager: Shutting down and abandoning module NetworkFile (8)
[2017.12.02-06.55.41:686][210]LogModuleManager: Shutting down and abandoning module StreamingFile (6)
[2017.12.02-06.55.41:686][210]LogModuleManager: Shutting down and abandoning module SandboxFile (4)
[2017.12.02-06.55.41:686][210]LogModuleManager: Shutting down and abandoning module PakFile (2)
[2017.12.02-06.55.41:689][210]LogExit: Exiting.
[2017.12.02-06.55.41:706][210]Log file closed, 12/02/17 01:55:41
