Log file open, 11/29/17 16:20:07
LogInit:Display: Running engine for game: MyProject3
LogPlatformFile: Not using cached read wrapper
LogInit:Display: RandInit(-430892661) SRandInit(-430892661).
LogTaskGraph: Started task graph with 5 named threads and 8 total threads with 1 sets of task threads.
LogStats: Stats thread started at 0.104461
LogInit: Using libcurl 7.47.1
LogInit:  - built for x86_64-pc-win32
LogInit:  - supports SSL with OpenSSL/1.0.2g
LogInit:  - supports HTTP deflate (compression) using libz 1.2.8
LogInit:  - other features:
LogInit:      CURL_VERSION_SSL
LogInit:      CURL_VERSION_LIBZ
LogInit:      CURL_VERSION_IPV6
LogInit:      CURL_VERSION_ASYNCHDNS
LogInit:      CURL_VERSION_LARGEFILE
LogInit:      CURL_VERSION_IDN
LogInit:  CurlRequestOptions (configurable via config and command line):
LogInit:  - bVerifyPeer = false  - Libcurl will NOT verify peer certificate
LogInit:  - bUseHttpProxy = false  - Libcurl will NOT use HTTP proxy
LogInit:  - bDontReuseConnections = false  - Libcurl will reuse connections
LogInit:  - CertBundlePath = nullptr  - Libcurl will use whatever was configured at build time.
LogInit: Build: ++UE4+Release-4.16-CL-3561208
LogInit: Engine Version: 4.16.3-3561208+++UE4+Release-4.16
LogInit: Compatible Engine Version: 4.16.0-3452394+++UE4+Release-4.16
LogInit: Net CL: 3452394
LogDevObjectVersion: Number of dev versions registered: 16
LogDevObjectVersion:   Dev-Blueprints (B0D832E4-1F89-4F0D-ACCF-7EB736FD4AA2): 9
LogDevObjectVersion:   Dev-Build (E1C64328-A22C-4D53-A36C-8E866417BD8C): 0
LogDevObjectVersion:   Dev-Core (375EC13C-06E4-48FB-B500-84F0262A717E): 2
LogDevObjectVersion:   Dev-Editor (E4B068ED-F494-42E9-A231-DA0B2E46BB41): 17
LogDevObjectVersion:   Dev-Framework (CFFC743F-43B0-4480-9391-14DF171D2073): 23
LogDevObjectVersion:   Dev-Mobile (B02B49B5-BB20-44E9-A304-32B752E40360): 0
LogDevObjectVersion:   Dev-Networking (A4E4105C-59A1-49B5-A7C5-40C4547EDFEE): 0
LogDevObjectVersion:   Dev-Online (39C831C9-5AE6-47DC-9A44-9C173E1C8E7C): 0
LogDevObjectVersion:   Dev-Physics (78F01B33-EBEA-4F98-B9B4-84EACCB95AA2): 0
LogDevObjectVersion:   Dev-Platform (6631380F-2D4D-43E0-8009-CF276956A95A): 0
LogDevObjectVersion:   Dev-Rendering (12F88B9F-8875-4AFC-A67C-D90C383ABD29): 15
LogDevObjectVersion:   Dev-Sequencer (7B5AE74C-D270-4C10-A958-57980B212A5A): 4
LogDevObjectVersion:   Dev-VR (D7296918-1DD6-4BDD-9DE2-64A83CC13884): 0
LogDevObjectVersion:   Dev-LoadTimes (C2A15278-BFE7-4AFE-6C17-90FF531DF755): 1
LogDevObjectVersion:   Private-Geometry (6EACA3D4-40EC-4CC1-B786-8BED09428FC5): 1
LogDevObjectVersion:   Dev-AnimPhys (29E575DD-E0A3-4627-9D10-D276232CDCEA): 3
LogInit: Compiled (64-bit): Jul 28 2017 11:49:47
LogInit: Compiled with Visual C++: 19.00.24215.01
LogInit: Build Configuration: Development
LogInit: Branch Name: ++UE4+Release-4.16
LogInit: Command line: -EpicPortal 
LogInit: Base directory: C:/Program Files/Epic Games/UE_4.16/Engine/Binaries/Win64/
LogInit: Installed Engine Build: 1
LogInit: Presizing for max 8388607 objects, including 0 objects not considered by GC, pre-allocating 0 bytes for permanent pool.
LogInit: Object subsystem initialized
[2017.11.29-21.20.07:851][  0]LogInit: Selected Device Profile: [Windows]
[2017.11.29-21.20.07:851][  0]LogInit: Applying CVar settings loaded from the selected device profile: [Windows]
[2017.11.29-21.20.07:872][  0]LogInit: Computer: DESKTOP-F5R04J0
[2017.11.29-21.20.07:872][  0]LogInit: User: ChristopherChen
[2017.11.29-21.20.07:872][  0]LogInit: CPU Page size=4096, Cores=4
[2017.11.29-21.20.07:872][  0]LogInit: High frequency timer resolution =2.435778 MHz
[2017.11.29-21.20.07:872][  0]LogMemory: Memory total: Physical=15.9GB (16GB approx)
[2017.11.29-21.20.07:872][  0]LogMemory: Platform Memory Stats for Windows
[2017.11.29-21.20.07:872][  0]LogMemory: Process Physical Memory: 273.14 MB used, 273.14 MB peak
[2017.11.29-21.20.07:872][  0]LogMemory: Process Virtual Memory: 260.72 MB used, 260.72 MB peak
[2017.11.29-21.20.07:872][  0]LogMemory: Physical Memory: 6181.88 MB used,  10114.39 MB free, 16296.27 MB total
[2017.11.29-21.20.07:872][  0]LogMemory: Virtual Memory: 638.47 MB used,  10114.39 MB free, 134217728.00 MB total
[2017.11.29-21.20.07:959][  0]LogInit: Using OS detected language (en-US).
[2017.11.29-21.20.07:959][  0]LogInit: Using OS detected locale (en-US).
[2017.11.29-21.20.07:964][  0]LogTextLocalizationManager: No specific localization for 'en-US' exists, so the 'en' localization will be used.
[2017.11.29-21.20.09:078][  0]LogD3D11RHI: D3D11 adapters:
[2017.11.29-21.20.09:130][  0]LogD3D11RHI:    0. 'NVIDIA GeForce GTX 860M' (Feature Level 11_0)
[2017.11.29-21.20.09:130][  0]LogD3D11RHI:       4065/0/8148 MB DedicatedVideo/DedicatedSystem/SharedSystem, Outputs:1, VendorId:0x10de
[2017.11.29-21.20.09:136][  0]LogD3D11RHI:    1. 'Intel(R) HD Graphics 4600' (Feature Level 11_0)
[2017.11.29-21.20.09:136][  0]LogD3D11RHI:       112/0/2048 MB DedicatedVideo/DedicatedSystem/SharedSystem, Outputs:0, VendorId:0x8086
[2017.11.29-21.20.09:137][  0]LogD3D11RHI:    2. 'Microsoft Basic Render Driver' (Feature Level 11_0)
[2017.11.29-21.20.09:137][  0]LogD3D11RHI:       0/0/8148 MB DedicatedVideo/DedicatedSystem/SharedSystem, Outputs:0, VendorId:0x1414
[2017.11.29-21.20.09:137][  0]LogD3D11RHI: Chosen D3D11 Adapter: 0
[2017.11.29-21.20.09:144][  0]LogD3D11RHI: Creating new Direct3DDevice
[2017.11.29-21.20.09:144][  0]LogD3D11RHI:     GPU DeviceId: 0x1392 (for the marketing name, search the web for "GPU Device Id")
[2017.11.29-21.20.09:144][  0]LogWindows: EnumDisplayDevices:
[2017.11.29-21.20.09:144][  0]LogWindows:    0. 'Intel(R) HD Graphics 4600' (P:1 D:1)
[2017.11.29-21.20.09:144][  0]LogWindows:    1. 'Intel(R) HD Graphics 4600' (P:0 D:0)
[2017.11.29-21.20.09:144][  0]LogWindows:    2. 'Intel(R) HD Graphics 4600' (P:0 D:0)
[2017.11.29-21.20.09:144][  0]LogWindows: DebugString: PrimaryIsNotTheChoosenAdapter PrimaryIsNotTheChoosenAdapter PrimaryIsNotTheChoosenAdapter FoundDriverCount:0 
[2017.11.29-21.20.09:144][  0]LogD3D11RHI:     Adapter Name: NVIDIA GeForce GTX 860M
[2017.11.29-21.20.09:144][  0]LogD3D11RHI:   Driver Version: Unknown (internal:Unknown, unified:Unknown)
[2017.11.29-21.20.09:144][  0]LogD3D11RHI:      Driver Date: Unknown
[2017.11.29-21.20.09:144][  0]LogRHI: Texture pool is 1361 MB (70% of 1945 MB)
[2017.11.29-21.20.09:176][  0]LogD3D11RHI: Async texture creation enabled
[2017.11.29-21.20.09:188][  0]LogD3D11RHI: GPU Timing Frequency: 1000.000000 (Debug: 2 1)
[2017.11.29-21.20.09:189][  0]LogShaderCompilers: Guid format shader working directory is -19 characters bigger than the processId version (../../../../../../Users/Christopher Chen/Documents/Unreal Projects/MyProject3/Intermediate/Shaders/WorkingDirectory/236/).
[2017.11.29-21.20.09:189][  0]LogShaderCompilers: Cleaned the shader compiler working directory 'C:/Users/Christopher Chen/AppData/Local/Temp/UnrealShaderWorkingDir/DA37F5B54354A5E7E5C5A0BD820FEED8/'.
[2017.11.29-21.20.09:189][  0]LogShaderCompilers:Display: Using Local Shader Compiler.
[2017.11.29-21.20.10:491][  0]LogTemp:Display: Loaded TP AllDesktopTargetPlatform
[2017.11.29-21.20.10:552][  0]LogTemp:Display: Loaded TP MacClientTargetPlatform
[2017.11.29-21.20.10:613][  0]LogTemp:Display: Loaded TP MacNoEditorTargetPlatform
[2017.11.29-21.20.10:685][  0]LogTemp:Display: Loaded TP MacServerTargetPlatform
[2017.11.29-21.20.10:748][  0]LogTemp:Display: Loaded TP MacTargetPlatform
[2017.11.29-21.20.10:835][  0]LogTemp:Display: Loaded TP WindowsClientTargetPlatform
[2017.11.29-21.20.10:900][  0]LogTemp:Display: Loaded TP WindowsNoEditorTargetPlatform
[2017.11.29-21.20.10:973][  0]LogTemp:Display: Loaded TP WindowsServerTargetPlatform
[2017.11.29-21.20.11:031][  0]LogTemp:Display: Loaded TP WindowsTargetPlatform
[2017.11.29-21.20.11:090][  0]LogTemp:Display: Loaded TP AndroidTargetPlatform
[2017.11.29-21.20.11:150][  0]LogTemp:Display: Loaded TP Android_ASTCTargetPlatform
[2017.11.29-21.20.11:209][  0]LogTemp:Display: Loaded TP Android_ATCTargetPlatform
[2017.11.29-21.20.11:269][  0]LogTemp:Display: Loaded TP Android_DXTTargetPlatform
[2017.11.29-21.20.11:329][  0]LogTemp:Display: Loaded TP Android_ETC1TargetPlatform
[2017.11.29-21.20.11:389][  0]LogTemp:Display: Loaded TP Android_ETC2TargetPlatform
[2017.11.29-21.20.11:525][  0]LogTemp:Display: Loaded TP Android_MultiTargetPlatform
[2017.11.29-21.20.11:525][  0]LogTemp:Display: Loaded TP Android_PVRTCTargetPlatform
[2017.11.29-21.20.11:581][  0]LogTemp:Display: Loaded TP HTML5TargetPlatform
[2017.11.29-21.20.11:720][  0]LogTemp:Display: Loaded TP IOSTargetPlatform
[2017.11.29-21.20.11:775][  0]LogTemp:Display: Loaded TP TVOSTargetPlatform
[2017.11.29-21.20.11:863][  0]LogTemp:Display: Loaded TP LinuxClientTargetPlatform
[2017.11.29-21.20.11:958][  0]LogTemp:Display: Loaded TP LinuxNoEditorTargetPlatform
[2017.11.29-21.20.12:029][  0]LogTemp:Display: Loaded TP LinuxServerTargetPlatform
[2017.11.29-21.20.12:092][  0]LogTemp:Display: Loaded TP LinuxTargetPlatform
[2017.11.29-21.20.12:092][  0]LogTargetPlatformManager:Display: Building Assets For Windows
[2017.11.29-21.20.12:784][  0]LogDerivedDataCache:Display: Max Cache Size: 512 MB
[2017.11.29-21.20.12:910][  0]LogDerivedDataCache: Loaded boot cache 0.13s 90MB C:/Users/Christopher Chen/AppData/Local/UnrealEngine/4.16/DerivedDataCache/Boot.ddc.
[2017.11.29-21.20.12:910][  0]LogDerivedDataCache:Display: Loaded Boot cache: C:/Users/Christopher Chen/AppData/Local/UnrealEngine/4.16/DerivedDataCache/Boot.ddc
[2017.11.29-21.20.12:910][  0]LogDerivedDataCache: FDerivedDataBackendGraph:  Pak pak cache file ../../../../../../Users/Christopher Chen/Documents/Unreal Projects/MyProject3/DerivedDataCache/DDC.ddp not found, will not use a pak cache.
[2017.11.29-21.20.12:910][  0]LogDerivedDataCache: Unable to find inner node Pak for hierarchical cache Hierarchy.
[2017.11.29-21.20.12:910][  0]LogDerivedDataCache: FDerivedDataBackendGraph:  CompressedPak pak cache file ../../../../../../Users/Christopher Chen/Documents/Unreal Projects/MyProject3/DerivedDataCache/Compressed.ddp not found, will not use a pak cache.
[2017.11.29-21.20.12:910][  0]LogDerivedDataCache: Unable to find inner node CompressedPak for hierarchical cache Hierarchy.
[2017.11.29-21.20.12:934][  0]LogDerivedDataCache:Display: Pak cache opened for reading ../../../Engine/DerivedDataCache/Compressed.ddp.
[2017.11.29-21.20.12:945][  0]LogDerivedDataCache: Using Local data cache path C:/Users/Christopher Chen/AppData/Local/UnrealEngine/Common/DerivedDataCache: Writable
[2017.11.29-21.20.12:958][  0]LogMaterial: Verifying Global Shaders for PCD3D_SM5
[2017.11.29-21.20.12:958][  0]LogSlate: Using Freetype 2.6.0
[2017.11.29-21.20.12:959][  0]LogSlate: SlateFontCache - WITH_FREETYPE: 1, WITH_HARFBUZZ: 1
[2017.11.29-21.20.12:959][  0]LogSlate: SlateFontCache - WITH_FREETYPE: 1, WITH_HARFBUZZ: 1
[2017.11.29-21.20.13:416][  0]LogInit: Selected Device Profile: [Windows]
[2017.11.29-21.20.13:518][  0]LogContentStreaming: Texture pool size is 0.00 MB
[2017.11.29-21.20.13:763][  0]LogMeshUtilities: Using QuadricMeshReduction for automatic static mesh reduction
[2017.11.29-21.20.13:826][  0]LogSimplygon: Simplygon DLL not present - disabling.
[2017.11.29-21.20.13:895][  0]LogMeshUtilities: Using SimplygonSwarm for distributed automatic mesh merging
[2017.11.29-21.20.13:895][  0]LogMeshUtilities: No automatic skeletal mesh reduction module available
[2017.11.29-21.20.13:895][  0]LogMeshUtilities: No automatic mesh merging module available
[2017.11.29-21.20.14:630][  0]LogNetVersion: MyProject3 , NetCL: 3452394, EngineNetVer: 2, GameNetVer: 0 (Checksum: 3387135090)
[2017.11.29-21.20.14:701][  0]LogAssetRegistry: FAssetRegistry took 0.0265 seconds to start up
[2017.11.29-21.20.14:783][  0]LogPackageLocalizationCache: Processed 4 localized package path(s) for 2 prioritized culture(s) in 0.044768 seconds
[2017.11.29-21.20.14:789][  0]LogUObjectArray: 34194 objects as part of root set at end of initial load.
[2017.11.29-21.20.14:789][  0]LogUObjectAllocator: 7260416 out of 0 bytes used by permanent object pool.
[2017.11.29-21.20.14:789][  0]LogUObjectArray: CloseDisregardForGC: 0/0 objects in disregard for GC pool
[2017.11.29-21.20.14:871][  0]LogInit: WinSock: version 1.1 (2.2), MaxSocks=32767, MaxUdp=65467
[2017.11.29-21.20.17:829][  0]LogTcpMessaging: Initializing TcpMessaging bridge
[2017.11.29-21.20.17:875][  0]LogUdpMessaging: Initializing bridge on interface 0.0.0.0:0 to multicast group 230.0.0.1:6666.
[2017.11.29-21.20.18:494][  0]LogMaterial: Uniform references updated for custom material expression Custom.
[2017.11.29-21.20.18:981][  0]SourceControl: Info Source control is disabled
[2017.11.29-21.20.19:016][  0]SourceControl: Info Source control is disabled
[2017.11.29-21.20.19:075][  0]SourceControl: Info Source control is disabled
[2017.11.29-21.20.19:137][  0]SourceControl: Info Source control is disabled
[2017.11.29-21.20.19:974][  0]LogAndroidPermission: UAndroidPermissionCallbackProxy::GetInstance
[2017.11.29-21.20.20:719][  0]LogEngine: Initializing Engine...
[2017.11.29-21.20.20:720][  0]LogHMD: Failed to initialize OpenVR with code 110
[2017.11.29-21.20.21:012][  0]LogStats: UGameplayTagsManager::ConstructGameplayTagTree: Construct from data asset -  0.000 s
[2017.11.29-21.20.21:012][  0]LogStats: UGameplayTagsManager::ConstructGameplayTagTree: GameplayTagTreeChangedEvent.Broadcast -  0.000 s
[2017.11.29-21.20.21:163][  0]LogAIModule: Creating AISystem for world Untitled
[2017.11.29-21.20.21:171][  0]LogInit: XAudio2 using 'Speakers (High Definition Audio Device)' : 2 channels at 48 kHz using 16 bits per sample (channel mask 0x3)
[2017.11.29-21.20.21:184][  0]LogInit: FAudioDevice initialized.
[2017.11.29-21.20.21:235][  0]LogDerivedDataCache: Saved boot cache 0.05s 90MB C:/Users/Christopher Chen/AppData/Local/UnrealEngine/4.16/DerivedDataCache/Boot.ddc.
[2017.11.29-21.20.21:246][  0]LogInit: Texture streaming: Enabled
[2017.11.29-21.20.21:360][  0]LogEngineSessionManager: EngineSessionManager initialized
[2017.11.29-21.20.21:627][  0]LogInit: Transaction tracking system initialized
[2017.11.29-21.20.22:007][  0]BlueprintLog: New page: Editor Load
[2017.11.29-21.20.23:138][  0]LocalizationService: Info Localization service is disabled
[2017.11.29-21.20.24:286][  0]LogConsoleResponse:Display: 
[2017.11.29-21.20.24:461][  0]LogCook:Display: Max memory allowance for cook 16384mb min free memory 0mb
[2017.11.29-21.20.24:461][  0]LogCook:Display: Mobile HDR setting 1
[2017.11.29-21.20.25:633][  0]LogFileCache: Scanning file cache for directory 'C:/Users/Christopher Chen/Documents/Unreal Projects/MyProject3/Content/' took 0.02s
[2017.11.29-21.20.25:688][  0]SourceControl: Info Source control is disabled
[2017.11.29-21.20.25:688][  0]Cmd: MAP LOAD FILE="../../../../../../Users/Christopher Chen/Documents/Unreal Projects/MyProject3/Content/FirstPersonBP/Maps/FirstPersonExampleMap.umap" TEMPLATE=0 SHOWPROGRESS=1 FEATURELEVEL=3
[2017.11.29-21.20.25:688][  0]LightingResults: New page: Lighting Build
[2017.11.29-21.20.25:739][  0]MapCheck: New page: Map Check
[2017.11.29-21.20.25:739][  0]LightingResults: New page: Lighting Build
[2017.11.29-21.20.26:214][  0]LogAIModule: Creating AISystem for world FirstPersonExampleMap
[2017.11.29-21.20.26:226][  0]LogEditorServer: Finished looking for orphan Actors (0.000 secs)
[2017.11.29-21.20.26:244][  0]Cmd: MAP CHECKDEP NOCLEARLOG
[2017.11.29-21.20.26:312][  0]MapCheck: Info Map check complete: 0 Error(s), 0 Warning(s), took 67.684ms to complete.
[2017.11.29-21.20.26:312][  0]LogFileHelpers: Loading map 'FirstPersonExampleMap' took 0.624
[2017.11.29-21.20.26:486][  0]LogCollectionManager: Loaded 0 collections in 0.001753 seconds
[2017.11.29-21.20.26:574][  0]LogFileCache: Scanning file cache for directory 'C:/Users/Christopher Chen/Documents/Unreal Projects/MyProject3/Saved/Collections/' took 0.01s
[2017.11.29-21.20.26:574][  0]LogFileCache: Scanning file cache for directory 'C:/Users/Christopher Chen/Documents/Unreal Projects/MyProject3/Content/Developers/ChristopherChen/Collections/' took 0.01s
[2017.11.29-21.20.26:574][  0]LogFileCache: Scanning file cache for directory 'C:/Users/Christopher Chen/Documents/Unreal Projects/MyProject3/Content/Collections/' took 0.01s
[2017.11.29-21.20.26:574][  0]LogCollectionManager: Rebuilt the GUID cache for 0 collections in 0.000002 seconds
[2017.11.29-21.20.26:588][  0]LogContentBrowser: Native class hierarchy populated in 0.0140 seconds. Added 2329 classes and 491 folders.
[2017.11.29-21.20.26:676][  0]LogContentBrowser: Native class hierarchy updated for 'WidgetCarousel' in 0.0009 seconds. Added 0 classes and 0 folders.
[2017.11.29-21.20.26:721][  0]LogContentBrowser: Native class hierarchy updated for 'AddContentDialog' in 0.0007 seconds. Added 0 classes and 0 folders.
[2017.11.29-21.20.26:781][  0]LogContentBrowser: Native class hierarchy updated for 'SceneOutliner' in 0.0007 seconds. Added 1 classes and 2 folders.
[2017.11.29-21.20.26:831][  0]LogCrashTracker: Crashtracker disabled due to settings.
[2017.11.29-21.20.26:837][  0]LogSlate: Took 0.000346 seconds to synchronously load lazily loaded font '../../../Engine/Content/Slate/Fonts/Roboto-Regular.ttf' (155K)
[2017.11.29-21.20.26:840][  0]LogSlate: Took 0.000257 seconds to synchronously load lazily loaded font '../../../Engine/Content/Slate/Fonts/Roboto-Bold.ttf' (160K)
[2017.11.29-21.20.26:848][  0]LogSlate: Took 0.000771 seconds to synchronously load lazily loaded font '../../../Engine/Content/Editor/Slate/Fonts/FontAwesome.ttf' (139K)
[2017.11.29-21.20.26:976][  0]LogRenderer: Reallocating scene render targets to support 860x436 NumSamples 1 (Frame:1).
[2017.11.29-21.20.27:116][  0]LogUObjectGlobals:Warning: Failed to find object 'Class None.'
[2017.11.29-21.20.27:205][  0]LogContentBrowser: Native class hierarchy updated for 'HierarchicalLODOutliner' in 0.0010 seconds. Added 1 classes and 2 folders.
[2017.11.29-21.20.27:206][  0]LogLoad: (Engine Initialization) Total time: 21.37 seconds
[2017.11.29-21.20.27:206][  0]LogLoad: (Engine Initialization) Total Blueprint compile time: 0.17 seconds
[2017.11.29-21.20.27:206][  0]LogExternalProfiler: Found external profiler: VSPerf
[2017.11.29-21.20.27:206][  0]LogExternalProfiler: Using external profiler: VSPerf
[2017.11.29-21.20.27:545][  0]LogOcInput: OculusInput pre-init called
[2017.11.29-21.20.27:545][  0]LogHMD: Starting GearVRController plugin
[2017.11.29-21.20.27:566][  0]LogContentStreaming: Texture pool size now 400 MB
[2017.11.29-21.20.27:613][  0]LogSlate: Took 0.000249 seconds to synchronously load lazily loaded font '../../../Engine/Content/Slate/Fonts/Roboto-Light.ttf' (159K)
[2017.11.29-21.20.27:890][  1]LogAssetRegistry: Asset discovery search completed in 13.2105 seconds
[2017.11.29-21.20.27:892][  1]LogCollectionManager: Rebuilt the object cache for 0 collections in 0.000001 seconds (found 0 objects)
[2017.11.29-21.20.27:892][  1]LogCollectionManager: Fixed up redirectors for 0 collections in 0.000040 seconds (updated 0 objects)
[2017.11.29-21.21.29:467][280]LogEditorViewport: Clicking on Actor (LMB): StaticMeshActor (EditorCube11)
[2017.11.29-21.21.41:872][ 21]LogSlate: Took 0.000172 seconds to synchronously load lazily loaded font '../../../Engine/Content/Editor/Slate/Fonts/Roboto-Italic.ttf' (157K)
[2017.11.29-21.21.47:623][366]LogTemp: Repeting last play command: Selected Viewport
[2017.11.29-21.21.47:659][366]LogBlueprintUserMessages: Early PlayInEditor Detection: Level '/Game/FirstPersonBP/Maps/FirstPersonExampleMap.FirstPersonExampleMap:PersistentLevel' has LevelScriptBlueprint '/Game/FirstPersonBP/Maps/FirstPersonExampleMap.FirstPersonExampleMap:PersistentLevel.FirstPersonExampleMap' with GeneratedClass '/Game/FirstPersonBP/Maps/FirstPersonExampleMap.FirstPersonExampleMap_C' with ClassGeneratedBy '/Game/FirstPersonBP/Maps/FirstPersonExampleMap.FirstPersonExampleMap:PersistentLevel.FirstPersonExampleMap'
[2017.11.29-21.21.47:659][366]LogPlayLevel: PlayLevel: No blueprints needed recompiling
[2017.11.29-21.21.47:659][366]PIE: New page: PIE session: FirstPersonExampleMap (Nov 29, 2017, 11:21:47 AM)
[2017.11.29-21.21.47:659][366]LogPlayLevel: Creating play world package: /Game/FirstPersonBP/Maps/UEDPIE_0_FirstPersonExampleMap
[2017.11.29-21.21.47:686][366]LogPlayLevel: PIE: StaticDuplicateObject took: (0.026100s)
[2017.11.29-21.21.47:687][366]LogAIModule: Creating AISystem for world FirstPersonExampleMap
[2017.11.29-21.21.47:687][366]LogPlayLevel: PIE: World Init took: (0.000734s)
[2017.11.29-21.21.47:687][366]LogPlayLevel: PIE: Created PIE world by copying editor world from /Game/FirstPersonBP/Maps/FirstPersonExampleMap.FirstPersonExampleMap to /Game/FirstPersonBP/Maps/UEDPIE_0_FirstPersonExampleMap.FirstPersonExampleMap (0.027092s)
[2017.11.29-21.21.47:700][366]LogInit: XAudio2 using 'Speakers (High Definition Audio Device)' : 2 channels at 48 kHz using 16 bits per sample (channel mask 0x3)
[2017.11.29-21.21.47:706][366]LogInit: FAudioDevice initialized.
[2017.11.29-21.21.47:750][366]LogLoad: Game class is 'FirstPersonGameMode_C'
[2017.11.29-21.21.47:753][366]LogWorld: Bringing World /Game/FirstPersonBP/Maps/UEDPIE_0_FirstPersonExampleMap.FirstPersonExampleMap up for play (max tick rate 60) at 2017.11.29-16.21.47
[2017.11.29-21.21.47:753][366]LogWorld: Bringing up level for play took: 0.001811
[2017.11.29-21.21.47:792][366]LogContentBrowser: Native class hierarchy updated for 'MovieSceneCapture' in 0.0006 seconds. Added 11 classes and 0 folders.
[2017.11.29-21.21.47:792][366]PIE: Info Play in editor start time for /Game/FirstPersonBP/Maps/UEDPIE_0_FirstPersonExampleMap -0.785
[2017.11.29-21.21.47:793][366]LogBlueprintUserMessages: Late PlayInEditor Detection: Level '/Game/FirstPersonBP/Maps/FirstPersonExampleMap.FirstPersonExampleMap:PersistentLevel' has LevelScriptBlueprint '/Game/FirstPersonBP/Maps/FirstPersonExampleMap.FirstPersonExampleMap:PersistentLevel.FirstPersonExampleMap' with GeneratedClass '/Game/FirstPersonBP/Maps/FirstPersonExampleMap.FirstPersonExampleMap_C' with ClassGeneratedBy '/Game/FirstPersonBP/Maps/FirstPersonExampleMap.FirstPersonExampleMap:PersistentLevel.FirstPersonExampleMap'
[2017.11.29-21.21.50:284][514]LogBlueprintUserMessages: Early EndPlayMap Detection: Level '/Game/FirstPersonBP/Maps/FirstPersonExampleMap.FirstPersonExampleMap:PersistentLevel' has LevelScriptBlueprint '/Game/FirstPersonBP/Maps/FirstPersonExampleMap.FirstPersonExampleMap:PersistentLevel.FirstPersonExampleMap' with GeneratedClass '/Game/FirstPersonBP/Maps/FirstPersonExampleMap.FirstPersonExampleMap_C' with ClassGeneratedBy '/Game/FirstPersonBP/Maps/FirstPersonExampleMap.FirstPersonExampleMap:PersistentLevel.FirstPersonExampleMap'
[2017.11.29-21.21.50:332][514]LogBlueprintUserMessages: Late EndPlayMap Detection: Level '/Game/FirstPersonBP/Maps/FirstPersonExampleMap.FirstPersonExampleMap:PersistentLevel' has LevelScriptBlueprint '/Game/FirstPersonBP/Maps/FirstPersonExampleMap.FirstPersonExampleMap:PersistentLevel.FirstPersonExampleMap' with GeneratedClass '/Game/FirstPersonBP/Maps/FirstPersonExampleMap.FirstPersonExampleMap_C' with ClassGeneratedBy '/Game/FirstPersonBP/Maps/FirstPersonExampleMap.FirstPersonExampleMap:PersistentLevel.FirstPersonExampleMap'
[2017.11.29-21.22.16:258][ 59]LogSlate: Took 0.000170 seconds to synchronously load lazily loaded font '../../../Engine/Content/Slate/Fonts/Roboto-Light.ttf' (159K)
[2017.11.29-21.22.39:301][438]LogEditorViewport: Clicking on Actor (LMB): StaticMeshActor (EditorCube11)
[2017.11.29-21.22.50:881][129]LogEditorViewport: Clicking on Actor (LMB): food_blueprint_C (food_blueprint)
[2017.11.29-21.22.50:971][134]LogEditorViewport: Clicking on Component (LMB): StaticMeshComponent (StaticMeshComponent0)
[2017.11.29-21.22.53:630][292]LogSlate: Took 0.000133 seconds to synchronously load lazily loaded font '../../../Engine/Content/Slate/Fonts/Roboto-Light.ttf' (159K)
[2017.11.29-21.22.53:984][292]LogContentBrowser: Native class hierarchy updated for 'BlueprintGraph' in 0.0009 seconds. Added 112 classes and 0 folders.
[2017.11.29-21.22.54:724][292]LogSlate: Took 0.005514 seconds to synchronously load lazily loaded font '../../../Engine/Content/Editor/Slate/Fonts/Roboto-BoldCondensed.ttf' (158K)
[2017.11.29-21.23.30:880][449]LogEditorViewport: Clicking on Component (LMB): StaticMeshComponent (StaticMeshComponent0)
[2017.11.29-21.23.56:285][955]LogSavePackage: Save=181.97ms
[2017.11.29-21.23.56:285][955]LogSavePackage: Moving '../../../../../../Users/Christopher Chen/Documents/Unreal Projects/MyProject3/Saved/FirstPersonExampleMapD19CBE824CAF29C8137758A031FA3229.tmp' to '../../../../../../Users/Christopher Chen/Documents/Unreal Projects/MyProject3/Content/FirstPersonBP/Maps/FirstPersonExampleMap.umap'
[2017.11.29-21.23.56:293][955]LogSavePackage:Display: Finished SavePackage ../../../../../../Users/Christopher Chen/Documents/Unreal Projects/MyProject3/Content/FirstPersonBP/Maps/FirstPersonExampleMap.umap
[2017.11.29-21.23.57:349][955]LogSlate: Took 0.000181 seconds to synchronously load lazily loaded font '../../../Engine/Content/Slate/Fonts/Roboto-Regular.ttf' (155K)
[2017.11.29-21.23.57:959][955]LogSavePackage: Save=1599.38ms
[2017.11.29-21.23.57:959][955]LogSavePackage: Moving '../../../../../../Users/Christopher Chen/Documents/Unreal Projects/MyProject3/Saved/FirstPersonExampleMap_BuiltDataB136DE13474B6234A96EA5A6B7AEADDD.tmp' to '../../../../../../Users/Christopher Chen/Documents/Unreal Projects/MyProject3/Content/FirstPersonBP/Maps/FirstPersonExampleMap_BuiltData.uasset'
[2017.11.29-21.23.57:961][955]LogSavePackage:Display: Finished SavePackage ../../../../../../Users/Christopher Chen/Documents/Unreal Projects/MyProject3/Content/FirstPersonBP/Maps/FirstPersonExampleMap_BuiltData.uasset
[2017.11.29-21.24.00:552][110]LogTemp: Repeting last play command: Selected Viewport
[2017.11.29-21.24.00:578][110]LogBlueprintUserMessages: Early PlayInEditor Detection: Level '/Game/FirstPersonBP/Maps/FirstPersonExampleMap.FirstPersonExampleMap:PersistentLevel' has LevelScriptBlueprint '/Game/FirstPersonBP/Maps/FirstPersonExampleMap.FirstPersonExampleMap:PersistentLevel.FirstPersonExampleMap' with GeneratedClass '/Game/FirstPersonBP/Maps/FirstPersonExampleMap.FirstPersonExampleMap_C' with ClassGeneratedBy '/Game/FirstPersonBP/Maps/FirstPersonExampleMap.FirstPersonExampleMap:PersistentLevel.FirstPersonExampleMap'
[2017.11.29-21.24.00:578][110]LogPlayLevel: PlayLevel: No blueprints needed recompiling
[2017.11.29-21.24.00:578][110]PIE: New page: PIE session: FirstPersonExampleMap (Nov 29, 2017, 11:24:00 AM)
[2017.11.29-21.24.00:578][110]LogPlayLevel: Creating play world package: /Game/FirstPersonBP/Maps/UEDPIE_0_FirstPersonExampleMap
[2017.11.29-21.24.00:601][110]LogPlayLevel: PIE: StaticDuplicateObject took: (0.022795s)
[2017.11.29-21.24.00:602][110]LogAIModule: Creating AISystem for world FirstPersonExampleMap
[2017.11.29-21.24.00:602][110]LogPlayLevel: PIE: World Init took: (0.001079s)
[2017.11.29-21.24.00:602][110]LogPlayLevel: PIE: Created PIE world by copying editor world from /Game/FirstPersonBP/Maps/FirstPersonExampleMap.FirstPersonExampleMap to /Game/FirstPersonBP/Maps/UEDPIE_0_FirstPersonExampleMap.FirstPersonExampleMap (0.024173s)
[2017.11.29-21.24.00:629][110]LogInit: XAudio2 using 'Speakers (High Definition Audio Device)' : 2 channels at 48 kHz using 16 bits per sample (channel mask 0x3)
[2017.11.29-21.24.00:636][110]LogInit: FAudioDevice initialized.
[2017.11.29-21.24.00:669][110]LogLoad: Game class is 'FirstPersonGameMode_C'
[2017.11.29-21.24.00:672][110]LogWorld: Bringing World /Game/FirstPersonBP/Maps/UEDPIE_0_FirstPersonExampleMap.FirstPersonExampleMap up for play (max tick rate 60) at 2017.11.29-16.24.00
[2017.11.29-21.24.00:672][110]LogWorld: Bringing up level for play took: 0.002127
[2017.11.29-21.24.00:673][110]LogBlueprintUserMessages: [food_blueprint_46] i lvei
[2017.11.29-21.24.00:673][110]PIE: Info Play in editor start time for /Game/FirstPersonBP/Maps/UEDPIE_0_FirstPersonExampleMap 0.096
[2017.11.29-21.24.00:674][110]LogBlueprintUserMessages: Late PlayInEditor Detection: Level '/Game/FirstPersonBP/Maps/FirstPersonExampleMap.FirstPersonExampleMap:PersistentLevel' has LevelScriptBlueprint '/Game/FirstPersonBP/Maps/FirstPersonExampleMap.FirstPersonExampleMap:PersistentLevel.FirstPersonExampleMap' with GeneratedClass '/Game/FirstPersonBP/Maps/FirstPersonExampleMap.FirstPersonExampleMap_C' with ClassGeneratedBy '/Game/FirstPersonBP/Maps/FirstPersonExampleMap.FirstPersonExampleMap:PersistentLevel.FirstPersonExampleMap'
[2017.11.29-21.24.06:111][435]LogBlueprintUserMessages: Early EndPlayMap Detection: Level '/Game/FirstPersonBP/Maps/FirstPersonExampleMap.FirstPersonExampleMap:PersistentLevel' has LevelScriptBlueprint '/Game/FirstPersonBP/Maps/FirstPersonExampleMap.FirstPersonExampleMap:PersistentLevel.FirstPersonExampleMap' with GeneratedClass '/Game/FirstPersonBP/Maps/FirstPersonExampleMap.FirstPersonExampleMap_C' with ClassGeneratedBy '/Game/FirstPersonBP/Maps/FirstPersonExampleMap.FirstPersonExampleMap:PersistentLevel.FirstPersonExampleMap'
[2017.11.29-21.24.06:153][435]LogBlueprintUserMessages: Late EndPlayMap Detection: Level '/Game/FirstPersonBP/Maps/FirstPersonExampleMap.FirstPersonExampleMap:PersistentLevel' has LevelScriptBlueprint '/Game/FirstPersonBP/Maps/FirstPersonExampleMap.FirstPersonExampleMap:PersistentLevel.FirstPersonExampleMap' with GeneratedClass '/Game/FirstPersonBP/Maps/FirstPersonExampleMap.FirstPersonExampleMap_C' with ClassGeneratedBy '/Game/FirstPersonBP/Maps/FirstPersonExampleMap.FirstPersonExampleMap:PersistentLevel.FirstPersonExampleMap'
[2017.11.29-21.24.21:412][346]LogTemp: Repeting last play command: Selected Viewport
[2017.11.29-21.24.21:431][346]LogBlueprintUserMessages: Early PlayInEditor Detection: Level '/Game/FirstPersonBP/Maps/FirstPersonExampleMap.FirstPersonExampleMap:PersistentLevel' has LevelScriptBlueprint '/Game/FirstPersonBP/Maps/FirstPersonExampleMap.FirstPersonExampleMap:PersistentLevel.FirstPersonExampleMap' with GeneratedClass '/Game/FirstPersonBP/Maps/FirstPersonExampleMap.FirstPersonExampleMap_C' with ClassGeneratedBy '/Game/FirstPersonBP/Maps/FirstPersonExampleMap.FirstPersonExampleMap:PersistentLevel.FirstPersonExampleMap'
[2017.11.29-21.24.21:431][346]LogPlayLevel: PlayLevel: No blueprints needed recompiling
[2017.11.29-21.24.21:431][346]PIE: New page: PIE session: FirstPersonExampleMap (Nov 29, 2017, 11:24:21 AM)
[2017.11.29-21.24.21:431][346]LogPlayLevel: Creating play world package: /Game/FirstPersonBP/Maps/UEDPIE_0_FirstPersonExampleMap
[2017.11.29-21.24.21:453][346]LogPlayLevel: PIE: StaticDuplicateObject took: (0.022437s)
[2017.11.29-21.24.21:454][346]LogAIModule: Creating AISystem for world FirstPersonExampleMap
[2017.11.29-21.24.21:454][346]LogPlayLevel: PIE: World Init took: (0.001015s)
[2017.11.29-21.24.21:455][346]LogPlayLevel: PIE: Created PIE world by copying editor world from /Game/FirstPersonBP/Maps/FirstPersonExampleMap.FirstPersonExampleMap to /Game/FirstPersonBP/Maps/UEDPIE_0_FirstPersonExampleMap.FirstPersonExampleMap (0.023790s)
[2017.11.29-21.24.21:484][346]LogInit: XAudio2 using 'Speakers (High Definition Audio Device)' : 2 channels at 48 kHz using 16 bits per sample (channel mask 0x3)
[2017.11.29-21.24.21:492][346]LogInit: FAudioDevice initialized.
[2017.11.29-21.24.21:527][346]LogLoad: Game class is 'FirstPersonGameMode_C'
[2017.11.29-21.24.21:530][346]LogWorld: Bringing World /Game/FirstPersonBP/Maps/UEDPIE_0_FirstPersonExampleMap.FirstPersonExampleMap up for play (max tick rate 60) at 2017.11.29-16.24.21
[2017.11.29-21.24.21:530][346]LogWorld: Bringing up level for play took: 0.002052
[2017.11.29-21.24.21:531][346]LogBlueprintUserMessages: [food_blueprint_46] i lvei
[2017.11.29-21.24.21:531][346]PIE: Info Play in editor start time for /Game/FirstPersonBP/Maps/UEDPIE_0_FirstPersonExampleMap 0.954
[2017.11.29-21.24.21:532][346]LogBlueprintUserMessages: Late PlayInEditor Detection: Level '/Game/FirstPersonBP/Maps/FirstPersonExampleMap.FirstPersonExampleMap:PersistentLevel' has LevelScriptBlueprint '/Game/FirstPersonBP/Maps/FirstPersonExampleMap.FirstPersonExampleMap:PersistentLevel.FirstPersonExampleMap' with GeneratedClass '/Game/FirstPersonBP/Maps/FirstPersonExampleMap.FirstPersonExampleMap_C' with ClassGeneratedBy '/Game/FirstPersonBP/Maps/FirstPersonExampleMap.FirstPersonExampleMap:PersistentLevel.FirstPersonExampleMap'
[2017.11.29-21.24.24:059][496]LogBlueprintUserMessages: Early EndPlayMap Detection: Level '/Game/FirstPersonBP/Maps/FirstPersonExampleMap.FirstPersonExampleMap:PersistentLevel' has LevelScriptBlueprint '/Game/FirstPersonBP/Maps/FirstPersonExampleMap.FirstPersonExampleMap:PersistentLevel.FirstPersonExampleMap' with GeneratedClass '/Game/FirstPersonBP/Maps/FirstPersonExampleMap.FirstPersonExampleMap_C' with ClassGeneratedBy '/Game/FirstPersonBP/Maps/FirstPersonExampleMap.FirstPersonExampleMap:PersistentLevel.FirstPersonExampleMap'
[2017.11.29-21.24.24:104][496]LogBlueprintUserMessages: Late EndPlayMap Detection: Level '/Game/FirstPersonBP/Maps/FirstPersonExampleMap.FirstPersonExampleMap:PersistentLevel' has LevelScriptBlueprint '/Game/FirstPersonBP/Maps/FirstPersonExampleMap.FirstPersonExampleMap:PersistentLevel.FirstPersonExampleMap' with GeneratedClass '/Game/FirstPersonBP/Maps/FirstPersonExampleMap.FirstPersonExampleMap_C' with ClassGeneratedBy '/Game/FirstPersonBP/Maps/FirstPersonExampleMap.FirstPersonExampleMap:PersistentLevel.FirstPersonExampleMap'
[2017.11.29-21.24.25:055][538]LogSavePackage: Save=176.63ms
[2017.11.29-21.24.25:056][538]LogSavePackage: Moving '../../../../../../Users/Christopher Chen/Documents/Unreal Projects/MyProject3/Saved/FirstPersonExampleMap71F0750A43D7A02D657ED2965E5176A3.tmp' to '../../../../../../Users/Christopher Chen/Documents/Unreal Projects/MyProject3/Content/FirstPersonBP/Maps/FirstPersonExampleMap.umap'
[2017.11.29-21.24.25:060][538]LogSavePackage:Display: Finished SavePackage ../../../../../../Users/Christopher Chen/Documents/Unreal Projects/MyProject3/Content/FirstPersonBP/Maps/FirstPersonExampleMap.umap
[2017.11.29-21.24.26:191][538]LogSavePackage: Save=1094.50ms
[2017.11.29-21.24.26:191][538]LogSavePackage: Moving '../../../../../../Users/Christopher Chen/Documents/Unreal Projects/MyProject3/Saved/FirstPersonExampleMap_BuiltData15D751BD4918567073CC1ABCDEE33F29.tmp' to '../../../../../../Users/Christopher Chen/Documents/Unreal Projects/MyProject3/Content/FirstPersonBP/Maps/FirstPersonExampleMap_BuiltData.uasset'
[2017.11.29-21.24.26:196][538]LogSavePackage:Display: Finished SavePackage ../../../../../../Users/Christopher Chen/Documents/Unreal Projects/MyProject3/Content/FirstPersonBP/Maps/FirstPersonExampleMap_BuiltData.uasset
[2017.11.29-21.25.56:566][839]LogSavePackage: Save=139.93ms
[2017.11.29-21.25.56:566][839]LogSavePackage: Moving '../../../../../../Users/Christopher Chen/Documents/Unreal Projects/MyProject3/Saved/FirstPersonExampleMap0E817617475A4B294A2A8C89AEE0EA81.tmp' to '../../../../../../Users/Christopher Chen/Documents/Unreal Projects/MyProject3/Content/FirstPersonBP/Maps/FirstPersonExampleMap.umap'
[2017.11.29-21.25.56:575][839]LogSavePackage:Display: Finished SavePackage ../../../../../../Users/Christopher Chen/Documents/Unreal Projects/MyProject3/Content/FirstPersonBP/Maps/FirstPersonExampleMap.umap
[2017.11.29-21.25.57:435][839]LogSavePackage: Save=823.00ms
[2017.11.29-21.25.57:435][839]LogSavePackage: Moving '../../../../../../Users/Christopher Chen/Documents/Unreal Projects/MyProject3/Saved/FirstPersonExampleMap_BuiltDataF7C956A045485E95D1A5F6A8F922FB64.tmp' to '../../../../../../Users/Christopher Chen/Documents/Unreal Projects/MyProject3/Content/FirstPersonBP/Maps/FirstPersonExampleMap_BuiltData.uasset'
[2017.11.29-21.25.57:437][839]LogSavePackage:Display: Finished SavePackage ../../../../../../Users/Christopher Chen/Documents/Unreal Projects/MyProject3/Content/FirstPersonBP/Maps/FirstPersonExampleMap_BuiltData.uasset
[2017.11.29-21.25.59:125][938]LogTemp: Repeting last play command: Selected Viewport
[2017.11.29-21.25.59:140][938]LogBlueprintUserMessages: Early PlayInEditor Detection: Level '/Game/FirstPersonBP/Maps/FirstPersonExampleMap.FirstPersonExampleMap:PersistentLevel' has LevelScriptBlueprint '/Game/FirstPersonBP/Maps/FirstPersonExampleMap.FirstPersonExampleMap:PersistentLevel.FirstPersonExampleMap' with GeneratedClass '/Game/FirstPersonBP/Maps/FirstPersonExampleMap.FirstPersonExampleMap_C' with ClassGeneratedBy '/Game/FirstPersonBP/Maps/FirstPersonExampleMap.FirstPersonExampleMap:PersistentLevel.FirstPersonExampleMap'
[2017.11.29-21.25.59:140][938]LogPlayLevel: PlayLevel: No blueprints needed recompiling
[2017.11.29-21.25.59:140][938]PIE: New page: PIE session: FirstPersonExampleMap (Nov 29, 2017, 11:25:59 AM)
[2017.11.29-21.25.59:141][938]LogPlayLevel: Creating play world package: /Game/FirstPersonBP/Maps/UEDPIE_0_FirstPersonExampleMap
[2017.11.29-21.25.59:159][938]LogPlayLevel: PIE: StaticDuplicateObject took: (0.018225s)
[2017.11.29-21.25.59:160][938]LogAIModule: Creating AISystem for world FirstPersonExampleMap
[2017.11.29-21.25.59:160][938]LogPlayLevel: PIE: World Init took: (0.000828s)
[2017.11.29-21.25.59:160][938]LogPlayLevel: PIE: Created PIE world by copying editor world from /Game/FirstPersonBP/Maps/FirstPersonExampleMap.FirstPersonExampleMap to /Game/FirstPersonBP/Maps/UEDPIE_0_FirstPersonExampleMap.FirstPersonExampleMap (0.019346s)
[2017.11.29-21.25.59:185][938]LogInit: XAudio2 using 'Speakers (High Definition Audio Device)' : 2 channels at 48 kHz using 16 bits per sample (channel mask 0x3)
[2017.11.29-21.25.59:191][938]LogInit: FAudioDevice initialized.
[2017.11.29-21.25.59:224][938]LogLoad: Game class is 'FirstPersonGameMode_C'
[2017.11.29-21.25.59:228][938]PIE:Warning: Warning Invalid Simulate Options: Body (food_blueprint_46.StaticMeshComponent0 1M_Cube) is set to simulate physics but Collision Enabled is incompatible
[2017.11.29-21.25.59:229][938]LogWorld: Bringing World /Game/FirstPersonBP/Maps/UEDPIE_0_FirstPersonExampleMap.FirstPersonExampleMap up for play (max tick rate 60) at 2017.11.29-16.25.59
[2017.11.29-21.25.59:229][938]LogWorld: Bringing up level for play took: 0.003620
[2017.11.29-21.25.59:230][938]LogBlueprintUserMessages: [food_blueprint_46] i lvei
[2017.11.29-21.25.59:230][938]PIE: Info Play in editor start time for /Game/FirstPersonBP/Maps/UEDPIE_0_FirstPersonExampleMap 0.653
[2017.11.29-21.25.59:230][938]LogBlueprintUserMessages: Late PlayInEditor Detection: Level '/Game/FirstPersonBP/Maps/FirstPersonExampleMap.FirstPersonExampleMap:PersistentLevel' has LevelScriptBlueprint '/Game/FirstPersonBP/Maps/FirstPersonExampleMap.FirstPersonExampleMap:PersistentLevel.FirstPersonExampleMap' with GeneratedClass '/Game/FirstPersonBP/Maps/FirstPersonExampleMap.FirstPersonExampleMap_C' with ClassGeneratedBy '/Game/FirstPersonBP/Maps/FirstPersonExampleMap.FirstPersonExampleMap:PersistentLevel.FirstPersonExampleMap'
[2017.11.29-21.26.09:712][566]LogBlueprintUserMessages: Early EndPlayMap Detection: Level '/Game/FirstPersonBP/Maps/FirstPersonExampleMap.FirstPersonExampleMap:PersistentLevel' has LevelScriptBlueprint '/Game/FirstPersonBP/Maps/FirstPersonExampleMap.FirstPersonExampleMap:PersistentLevel.FirstPersonExampleMap' with GeneratedClass '/Game/FirstPersonBP/Maps/FirstPersonExampleMap.FirstPersonExampleMap_C' with ClassGeneratedBy '/Game/FirstPersonBP/Maps/FirstPersonExampleMap.FirstPersonExampleMap:PersistentLevel.FirstPersonExampleMap'
[2017.11.29-21.26.09:751][566]LogBlueprintUserMessages: Late EndPlayMap Detection: Level '/Game/FirstPersonBP/Maps/FirstPersonExampleMap.FirstPersonExampleMap:PersistentLevel' has LevelScriptBlueprint '/Game/FirstPersonBP/Maps/FirstPersonExampleMap.FirstPersonExampleMap:PersistentLevel.FirstPersonExampleMap' with GeneratedClass '/Game/FirstPersonBP/Maps/FirstPersonExampleMap.FirstPersonExampleMap_C' with ClassGeneratedBy '/Game/FirstPersonBP/Maps/FirstPersonExampleMap.FirstPersonExampleMap:PersistentLevel.FirstPersonExampleMap'
[2017.11.29-21.26.10:876][632]LogEditorViewport: Clicking on Actor (LMB): food_blueprint_C (food_blueprint)
[2017.11.29-21.26.27:489][615]LogSavePackage: Save=139.32ms
[2017.11.29-21.26.27:489][615]LogSavePackage: Moving '../../../../../../Users/Christopher Chen/Documents/Unreal Projects/MyProject3/Saved/FirstPersonExampleMap818DF8A44DF16814B91FD48823574B1E.tmp' to '../../../../../../Users/Christopher Chen/Documents/Unreal Projects/MyProject3/Content/FirstPersonBP/Maps/FirstPersonExampleMap.umap'
[2017.11.29-21.26.27:492][615]LogSavePackage:Display: Finished SavePackage ../../../../../../Users/Christopher Chen/Documents/Unreal Projects/MyProject3/Content/FirstPersonBP/Maps/FirstPersonExampleMap.umap
[2017.11.29-21.26.28:530][615]LogSavePackage: Save=1008.94ms
[2017.11.29-21.26.28:530][615]LogSavePackage: Moving '../../../../../../Users/Christopher Chen/Documents/Unreal Projects/MyProject3/Saved/FirstPersonExampleMap_BuiltData9C8D97B2417B4B89C55A7781000006B5.tmp' to '../../../../../../Users/Christopher Chen/Documents/Unreal Projects/MyProject3/Content/FirstPersonBP/Maps/FirstPersonExampleMap_BuiltData.uasset'
[2017.11.29-21.26.28:532][615]LogSavePackage:Display: Finished SavePackage ../../../../../../Users/Christopher Chen/Documents/Unreal Projects/MyProject3/Content/FirstPersonBP/Maps/FirstPersonExampleMap_BuiltData.uasset
[2017.11.29-21.26.29:190][653]LogTemp: Repeting last play command: Selected Viewport
[2017.11.29-21.26.29:208][653]LogBlueprintUserMessages: Early PlayInEditor Detection: Level '/Game/FirstPersonBP/Maps/FirstPersonExampleMap.FirstPersonExampleMap:PersistentLevel' has LevelScriptBlueprint '/Game/FirstPersonBP/Maps/FirstPersonExampleMap.FirstPersonExampleMap:PersistentLevel.FirstPersonExampleMap' with GeneratedClass '/Game/FirstPersonBP/Maps/FirstPersonExampleMap.FirstPersonExampleMap_C' with ClassGeneratedBy '/Game/FirstPersonBP/Maps/FirstPersonExampleMap.FirstPersonExampleMap:PersistentLevel.FirstPersonExampleMap'
[2017.11.29-21.26.29:208][653]LogPlayLevel: PlayLevel: No blueprints needed recompiling
[2017.11.29-21.26.29:208][653]PIE: New page: PIE session: FirstPersonExampleMap (Nov 29, 2017, 11:26:29 AM)
[2017.11.29-21.26.29:208][653]LogPlayLevel: Creating play world package: /Game/FirstPersonBP/Maps/UEDPIE_0_FirstPersonExampleMap
[2017.11.29-21.26.29:231][653]LogPlayLevel: PIE: StaticDuplicateObject took: (0.022183s)
[2017.11.29-21.26.29:231][653]LogAIModule: Creating AISystem for world FirstPersonExampleMap
[2017.11.29-21.26.29:232][653]LogPlayLevel: PIE: World Init took: (0.000903s)
[2017.11.29-21.26.29:232][653]LogPlayLevel: PIE: Created PIE world by copying editor world from /Game/FirstPersonBP/Maps/FirstPersonExampleMap.FirstPersonExampleMap to /Game/FirstPersonBP/Maps/UEDPIE_0_FirstPersonExampleMap.FirstPersonExampleMap (0.023369s)
[2017.11.29-21.26.29:256][653]LogInit: XAudio2 using 'Speakers (High Definition Audio Device)' : 2 channels at 48 kHz using 16 bits per sample (channel mask 0x3)
[2017.11.29-21.26.29:263][653]LogInit: FAudioDevice initialized.
[2017.11.29-21.26.29:298][653]LogLoad: Game class is 'FirstPersonGameMode_C'
[2017.11.29-21.26.29:301][653]LogWorld: Bringing World /Game/FirstPersonBP/Maps/UEDPIE_0_FirstPersonExampleMap.FirstPersonExampleMap up for play (max tick rate 60) at 2017.11.29-16.26.29
[2017.11.29-21.26.29:301][653]LogWorld: Bringing up level for play took: 0.001895
[2017.11.29-21.26.29:302][653]LogBlueprintUserMessages: [food_blueprint_46] i lvei
[2017.11.29-21.26.29:302][653]PIE: Info Play in editor start time for /Game/FirstPersonBP/Maps/UEDPIE_0_FirstPersonExampleMap 0.725
[2017.11.29-21.26.29:302][653]LogBlueprintUserMessages: Late PlayInEditor Detection: Level '/Game/FirstPersonBP/Maps/FirstPersonExampleMap.FirstPersonExampleMap:PersistentLevel' has LevelScriptBlueprint '/Game/FirstPersonBP/Maps/FirstPersonExampleMap.FirstPersonExampleMap:PersistentLevel.FirstPersonExampleMap' with GeneratedClass '/Game/FirstPersonBP/Maps/FirstPersonExampleMap.FirstPersonExampleMap_C' with ClassGeneratedBy '/Game/FirstPersonBP/Maps/FirstPersonExampleMap.FirstPersonExampleMap:PersistentLevel.FirstPersonExampleMap'
[2017.11.29-21.26.32:623][851]LogBlueprintUserMessages: Early EndPlayMap Detection: Level '/Game/FirstPersonBP/Maps/FirstPersonExampleMap.FirstPersonExampleMap:PersistentLevel' has LevelScriptBlueprint '/Game/FirstPersonBP/Maps/FirstPersonExampleMap.FirstPersonExampleMap:PersistentLevel.FirstPersonExampleMap' with GeneratedClass '/Game/FirstPersonBP/Maps/FirstPersonExampleMap.FirstPersonExampleMap_C' with ClassGeneratedBy '/Game/FirstPersonBP/Maps/FirstPersonExampleMap.FirstPersonExampleMap:PersistentLevel.FirstPersonExampleMap'
[2017.11.29-21.26.32:668][851]LogBlueprintUserMessages: Late EndPlayMap Detection: Level '/Game/FirstPersonBP/Maps/FirstPersonExampleMap.FirstPersonExampleMap:PersistentLevel' has LevelScriptBlueprint '/Game/FirstPersonBP/Maps/FirstPersonExampleMap.FirstPersonExampleMap:PersistentLevel.FirstPersonExampleMap' with GeneratedClass '/Game/FirstPersonBP/Maps/FirstPersonExampleMap.FirstPersonExampleMap_C' with ClassGeneratedBy '/Game/FirstPersonBP/Maps/FirstPersonExampleMap.FirstPersonExampleMap:PersistentLevel.FirstPersonExampleMap'
[2017.11.29-21.26.52:174][  1]LogSavePackage: Save=178.70ms
[2017.11.29-21.26.52:175][  1]LogSavePackage: Moving '../../../../../../Users/Christopher Chen/Documents/Unreal Projects/MyProject3/Saved/FirstPersonExampleMapEDDA3BF54C6FB3D008AD61B585369F0D.tmp' to '../../../../../../Users/Christopher Chen/Documents/Unreal Projects/MyProject3/Content/FirstPersonBP/Maps/FirstPersonExampleMap.umap'
[2017.11.29-21.26.52:179][  1]LogSavePackage:Display: Finished SavePackage ../../../../../../Users/Christopher Chen/Documents/Unreal Projects/MyProject3/Content/FirstPersonBP/Maps/FirstPersonExampleMap.umap
[2017.11.29-21.26.53:309][  1]LogSavePackage: Save=1094.29ms
[2017.11.29-21.26.53:309][  1]LogSavePackage: Moving '../../../../../../Users/Christopher Chen/Documents/Unreal Projects/MyProject3/Saved/FirstPersonExampleMap_BuiltData1E346B4444BA0B5EB661D68E9EB20B21.tmp' to '../../../../../../Users/Christopher Chen/Documents/Unreal Projects/MyProject3/Content/FirstPersonBP/Maps/FirstPersonExampleMap_BuiltData.uasset'
[2017.11.29-21.26.53:312][  1]LogSavePackage:Display: Finished SavePackage ../../../../../../Users/Christopher Chen/Documents/Unreal Projects/MyProject3/Content/FirstPersonBP/Maps/FirstPersonExampleMap_BuiltData.uasset
[2017.11.29-21.28.19:880][195]LogTemp: Repeting last play command: Selected Viewport
[2017.11.29-21.28.19:899][195]LogBlueprintUserMessages: Early PlayInEditor Detection: Level '/Game/FirstPersonBP/Maps/FirstPersonExampleMap.FirstPersonExampleMap:PersistentLevel' has LevelScriptBlueprint '/Game/FirstPersonBP/Maps/FirstPersonExampleMap.FirstPersonExampleMap:PersistentLevel.FirstPersonExampleMap' with GeneratedClass '/Game/FirstPersonBP/Maps/FirstPersonExampleMap.FirstPersonExampleMap_C' with ClassGeneratedBy '/Game/FirstPersonBP/Maps/FirstPersonExampleMap.FirstPersonExampleMap:PersistentLevel.FirstPersonExampleMap'
[2017.11.29-21.28.19:899][195]LogPlayLevel: PlayLevel: No blueprints needed recompiling
[2017.11.29-21.28.19:899][195]PIE: New page: PIE session: FirstPersonExampleMap (Nov 29, 2017, 11:28:19 AM)
[2017.11.29-21.28.19:900][195]LogPlayLevel: Creating play world package: /Game/FirstPersonBP/Maps/UEDPIE_0_FirstPersonExampleMap
[2017.11.29-21.28.19:922][195]LogPlayLevel: PIE: StaticDuplicateObject took: (0.022256s)
[2017.11.29-21.28.19:923][195]LogAIModule: Creating AISystem for world FirstPersonExampleMap
[2017.11.29-21.28.19:923][195]LogPlayLevel: PIE: World Init took: (0.001152s)
[2017.11.29-21.28.19:923][195]LogPlayLevel: PIE: Created PIE world by copying editor world from /Game/FirstPersonBP/Maps/FirstPersonExampleMap.FirstPersonExampleMap to /Game/FirstPersonBP/Maps/UEDPIE_0_FirstPersonExampleMap.FirstPersonExampleMap (0.023730s)
[2017.11.29-21.28.19:953][195]LogInit: XAudio2 using 'Speakers (High Definition Audio Device)' : 2 channels at 48 kHz using 16 bits per sample (channel mask 0x3)
[2017.11.29-21.28.19:961][195]LogInit: FAudioDevice initialized.
[2017.11.29-21.28.19:996][195]LogLoad: Game class is 'FirstPersonGameMode_C'
[2017.11.29-21.28.19:999][195]LogWorld: Bringing World /Game/FirstPersonBP/Maps/UEDPIE_0_FirstPersonExampleMap.FirstPersonExampleMap up for play (max tick rate 60) at 2017.11.29-16.28.19
[2017.11.29-21.28.20:000][195]LogWorld: Bringing up level for play took: 0.002330
[2017.11.29-21.28.20:001][195]LogBlueprintUserMessages: [food_blueprint_46] i lvei
[2017.11.29-21.28.20:001][195]PIE: Info Play in editor start time for /Game/FirstPersonBP/Maps/UEDPIE_0_FirstPersonExampleMap -0.577
[2017.11.29-21.28.20:001][195]LogBlueprintUserMessages: Late PlayInEditor Detection: Level '/Game/FirstPersonBP/Maps/FirstPersonExampleMap.FirstPersonExampleMap:PersistentLevel' has LevelScriptBlueprint '/Game/FirstPersonBP/Maps/FirstPersonExampleMap.FirstPersonExampleMap:PersistentLevel.FirstPersonExampleMap' with GeneratedClass '/Game/FirstPersonBP/Maps/FirstPersonExampleMap.FirstPersonExampleMap_C' with ClassGeneratedBy '/Game/FirstPersonBP/Maps/FirstPersonExampleMap.FirstPersonExampleMap:PersistentLevel.FirstPersonExampleMap'
[2017.11.29-21.28.24:346][454]LogBlueprintUserMessages: Early EndPlayMap Detection: Level '/Game/FirstPersonBP/Maps/FirstPersonExampleMap.FirstPersonExampleMap:PersistentLevel' has LevelScriptBlueprint '/Game/FirstPersonBP/Maps/FirstPersonExampleMap.FirstPersonExampleMap:PersistentLevel.FirstPersonExampleMap' with GeneratedClass '/Game/FirstPersonBP/Maps/FirstPersonExampleMap.FirstPersonExampleMap_C' with ClassGeneratedBy '/Game/FirstPersonBP/Maps/FirstPersonExampleMap.FirstPersonExampleMap:PersistentLevel.FirstPersonExampleMap'
[2017.11.29-21.28.24:390][454]LogBlueprintUserMessages: Late EndPlayMap Detection: Level '/Game/FirstPersonBP/Maps/FirstPersonExampleMap.FirstPersonExampleMap:PersistentLevel' has LevelScriptBlueprint '/Game/FirstPersonBP/Maps/FirstPersonExampleMap.FirstPersonExampleMap:PersistentLevel.FirstPersonExampleMap' with GeneratedClass '/Game/FirstPersonBP/Maps/FirstPersonExampleMap.FirstPersonExampleMap_C' with ClassGeneratedBy '/Game/FirstPersonBP/Maps/FirstPersonExampleMap.FirstPersonExampleMap:PersistentLevel.FirstPersonExampleMap'
[2017.11.29-21.28.27:479][635]LogEditorViewport: Clicking on Actor (LMB): food_blueprint_C (food_blueprint)
[2017.11.29-21.29.17:147][578]BlueprintLog: New page: Compile food_blueprint
[2017.11.29-21.29.17:632][595]Cmd: OBJ SAVEPACKAGE PACKAGE="/Game/New_Stuff/food_blueprint" FILE="../../../../../../Users/Christopher Chen/Documents/Unreal Projects/MyProject3/Content/New_Stuff/food_blueprint.uasset" SILENT=true
[2017.11.29-21.29.17:675][595]LogSavePackage: Save=30.97ms
[2017.11.29-21.29.17:675][595]LogSavePackage: Moving '../../../../../../Users/Christopher Chen/Documents/Unreal Projects/MyProject3/Saved/food_blueprint6CA86BAE4B8524D83C7F4DBE4ECC2A03.tmp' to '../../../../../../Users/Christopher Chen/Documents/Unreal Projects/MyProject3/Content/New_Stuff/food_blueprint.uasset'
[2017.11.29-21.29.17:679][595]LogSavePackage:Display: Finished SavePackage ../../../../../../Users/Christopher Chen/Documents/Unreal Projects/MyProject3/Content/New_Stuff/food_blueprint.uasset
[2017.11.29-21.29.19:951][669]LogTemp: Repeting last play command: Selected Viewport
[2017.11.29-21.29.19:970][669]LogBlueprintUserMessages: Early PlayInEditor Detection: Level '/Game/FirstPersonBP/Maps/FirstPersonExampleMap.FirstPersonExampleMap:PersistentLevel' has LevelScriptBlueprint '/Game/FirstPersonBP/Maps/FirstPersonExampleMap.FirstPersonExampleMap:PersistentLevel.FirstPersonExampleMap' with GeneratedClass '/Game/FirstPersonBP/Maps/FirstPersonExampleMap.FirstPersonExampleMap_C' with ClassGeneratedBy '/Game/FirstPersonBP/Maps/FirstPersonExampleMap.FirstPersonExampleMap:PersistentLevel.FirstPersonExampleMap'
[2017.11.29-21.29.19:970][669]LogPlayLevel: PlayLevel: No blueprints needed recompiling
[2017.11.29-21.29.19:970][669]PIE: New page: PIE session: FirstPersonExampleMap (Nov 29, 2017, 11:29:19 AM)
[2017.11.29-21.29.19:970][669]LogPlayLevel: Creating play world package: /Game/FirstPersonBP/Maps/UEDPIE_0_FirstPersonExampleMap
[2017.11.29-21.29.19:993][669]LogPlayLevel: PIE: StaticDuplicateObject took: (0.022073s)
[2017.11.29-21.29.19:993][669]LogAIModule: Creating AISystem for world FirstPersonExampleMap
[2017.11.29-21.29.19:994][669]LogPlayLevel: PIE: World Init took: (0.000980s)
[2017.11.29-21.29.19:994][669]LogPlayLevel: PIE: Created PIE world by copying editor world from /Game/FirstPersonBP/Maps/FirstPersonExampleMap.FirstPersonExampleMap to /Game/FirstPersonBP/Maps/UEDPIE_0_FirstPersonExampleMap.FirstPersonExampleMap (0.023394s)
[2017.11.29-21.29.20:022][669]LogInit: XAudio2 using 'Speakers (High Definition Audio Device)' : 2 channels at 48 kHz using 16 bits per sample (channel mask 0x3)
[2017.11.29-21.29.20:029][669]LogInit: FAudioDevice initialized.
[2017.11.29-21.29.20:062][669]LogLoad: Game class is 'FirstPersonGameMode_C'
[2017.11.29-21.29.20:065][669]LogWorld: Bringing World /Game/FirstPersonBP/Maps/UEDPIE_0_FirstPersonExampleMap.FirstPersonExampleMap up for play (max tick rate 60) at 2017.11.29-16.29.20
[2017.11.29-21.29.20:065][669]LogWorld: Bringing up level for play took: 0.002370
[2017.11.29-21.29.20:066][669]PIE: Info Play in editor start time for /Game/FirstPersonBP/Maps/UEDPIE_0_FirstPersonExampleMap -0.511
[2017.11.29-21.29.20:067][669]LogBlueprintUserMessages: Late PlayInEditor Detection: Level '/Game/FirstPersonBP/Maps/FirstPersonExampleMap.FirstPersonExampleMap:PersistentLevel' has LevelScriptBlueprint '/Game/FirstPersonBP/Maps/FirstPersonExampleMap.FirstPersonExampleMap:PersistentLevel.FirstPersonExampleMap' with GeneratedClass '/Game/FirstPersonBP/Maps/FirstPersonExampleMap.FirstPersonExampleMap_C' with ClassGeneratedBy '/Game/FirstPersonBP/Maps/FirstPersonExampleMap.FirstPersonExampleMap:PersistentLevel.FirstPersonExampleMap'
[2017.11.29-21.29.22:638][822]LogBlueprintUserMessages: Early EndPlayMap Detection: Level '/Game/FirstPersonBP/Maps/FirstPersonExampleMap.FirstPersonExampleMap:PersistentLevel' has LevelScriptBlueprint '/Game/FirstPersonBP/Maps/FirstPersonExampleMap.FirstPersonExampleMap:PersistentLevel.FirstPersonExampleMap' with GeneratedClass '/Game/FirstPersonBP/Maps/FirstPersonExampleMap.FirstPersonExampleMap_C' with ClassGeneratedBy '/Game/FirstPersonBP/Maps/FirstPersonExampleMap.FirstPersonExampleMap:PersistentLevel.FirstPersonExampleMap'
[2017.11.29-21.29.22:681][822]LogBlueprintUserMessages: Late EndPlayMap Detection: Level '/Game/FirstPersonBP/Maps/FirstPersonExampleMap.FirstPersonExampleMap:PersistentLevel' has LevelScriptBlueprint '/Game/FirstPersonBP/Maps/FirstPersonExampleMap.FirstPersonExampleMap:PersistentLevel.FirstPersonExampleMap' with GeneratedClass '/Game/FirstPersonBP/Maps/FirstPersonExampleMap.FirstPersonExampleMap_C' with ClassGeneratedBy '/Game/FirstPersonBP/Maps/FirstPersonExampleMap.FirstPersonExampleMap:PersistentLevel.FirstPersonExampleMap'
[2017.11.29-21.33.27:335][140]LogSavePackage: Save=181.94ms
[2017.11.29-21.33.27:335][140]LogSavePackage: Moving '../../../../../../Users/Christopher Chen/Documents/Unreal Projects/MyProject3/Saved/FirstPersonExampleMap699DE01C4BCD941A8B3C7884013665FC.tmp' to '../../../../../../Users/Christopher Chen/Documents/Unreal Projects/MyProject3/Content/FirstPersonBP/Maps/FirstPersonExampleMap.umap'
[2017.11.29-21.33.27:339][140]LogSavePackage:Display: Finished SavePackage ../../../../../../Users/Christopher Chen/Documents/Unreal Projects/MyProject3/Content/FirstPersonBP/Maps/FirstPersonExampleMap.umap
[2017.11.29-21.33.28:512][140]LogSavePackage: Save=1111.08ms
[2017.11.29-21.33.28:512][140]LogSavePackage: Moving '../../../../../../Users/Christopher Chen/Documents/Unreal Projects/MyProject3/Saved/FirstPersonExampleMap_BuiltData8C0B7CBA4D28C64D59859098F50AD148.tmp' to '../../../../../../Users/Christopher Chen/Documents/Unreal Projects/MyProject3/Content/FirstPersonBP/Maps/FirstPersonExampleMap_BuiltData.uasset'
[2017.11.29-21.33.28:515][140]LogSavePackage:Display: Finished SavePackage ../../../../../../Users/Christopher Chen/Documents/Unreal Projects/MyProject3/Content/FirstPersonBP/Maps/FirstPersonExampleMap_BuiltData.uasset
